Log file open, 09/27/20 17:57:03
LogWindows: Failed to load 'aqProf.dll' (GetLastError=126)
LogWindows: File 'aqProf.dll' does not exist
LogWindows: Failed to load 'VtuneApi.dll' (GetLastError=126)
LogWindows: File 'VtuneApi.dll' does not exist
LogWindows: Failed to load 'VtuneApi32e.dll' (GetLastError=126)
LogWindows: File 'VtuneApi32e.dll' does not exist
LogConsoleResponse: Display: Failed to find resolution value strings in scalability ini. Falling back to default.
LogInit: Display: Running engine for game: TP3_Template
LogPlatformFile: Not using cached read wrapper
LogTaskGraph: Started task graph with 5 named threads and 35 total threads with 3 sets of task threads.
LogStats: Stats thread started at 0.069249
LogD3D11RHI: Loaded GFSDK_Aftermath_Lib.x64.dll
LogICUInternationalization: ICU TimeZone Detection - Raw Offset: -5:00, Platform Override: ''
LogPluginManager: Mounting plugin Paper2D
LogPluginManager: Mounting plugin AISupport
LogPluginManager: Mounting plugin LightPropagationVolume
LogPluginManager: Mounting plugin ActorLayerUtilities
LogPluginManager: Mounting plugin AnimationSharing
LogPluginManager: Mounting plugin CLionSourceCodeAccess
LogPluginManager: Mounting plugin CodeLiteSourceCodeAccess
LogPluginManager: Mounting plugin GitSourceControl
LogPluginManager: Mounting plugin KDevelopSourceCodeAccess
LogPluginManager: Mounting plugin NullSourceCodeAccess
LogPluginManager: Mounting plugin PerforceSourceControl
LogPluginManager: Mounting plugin PlasticSourceControl
LogPluginManager: Mounting plugin SubversionSourceControl
LogPluginManager: Mounting plugin UObjectPlugin
LogPluginManager: Mounting plugin VisualStudioCodeSourceCodeAccess
LogPluginManager: Mounting plugin VisualStudioSourceCodeAccess
LogPluginManager: Mounting plugin XCodeSourceCodeAccess
LogPluginManager: Mounting plugin AssetManagerEditor
LogPluginManager: Mounting plugin CryptoKeys
LogPluginManager: Mounting plugin CurveEditorTools
LogPluginManager: Mounting plugin DataValidation
LogPluginManager: Mounting plugin FacialAnimation
LogPluginManager: Mounting plugin GameplayTagsEditor
LogPluginManager: Mounting plugin MacGraphicsSwitching
LogPluginManager: Mounting plugin MaterialAnalyzer
LogPluginManager: Mounting plugin MobileLauncherProfileWizard
LogPluginManager: Mounting plugin PluginBrowser
LogPluginManager: Mounting plugin SpeedTreeImporter
LogPluginManager: Mounting plugin DatasmithContent
LogPluginManager: Mounting plugin VariantManagerContent
LogPluginManager: Mounting plugin AlembicImporter
LogPluginManager: Mounting plugin AutomationUtils
LogPluginManager: Mounting plugin BackChannel
LogPluginManager: Mounting plugin CharacterAI
LogPluginManager: Mounting plugin GeometryCache
LogPluginManager: Mounting plugin PlatformCrypto
LogPluginManager: Mounting plugin ProxyLODPlugin
LogPluginManager: Mounting plugin SkeletalReduction
LogPluginManager: Mounting plugin MagicLeap
LogPluginManager: Mounting plugin MagicLeapMedia
LogPluginManager: Mounting plugin MLSDK
LogPluginManager: Mounting plugin AndroidMedia
LogPluginManager: Mounting plugin AvfMedia
LogPluginManager: Mounting plugin ImgMedia
LogPluginManager: Mounting plugin MediaCompositing
LogPluginManager: Mounting plugin MediaPlayerEditor
LogPluginManager: Mounting plugin WebMMedia
LogPluginManager: Mounting plugin WmfMedia
LogPluginManager: Mounting plugin TcpMessaging
LogPluginManager: Mounting plugin UdpMessaging
LogPluginManager: Mounting plugin ActorSequence
LogPluginManager: Mounting plugin LevelSequenceEditor
LogPluginManager: Mounting plugin MatineeToLevelSequence
LogPluginManager: Mounting plugin NetcodeUnitTest
LogPluginManager: Mounting plugin NUTUnrealEngine4
LogPluginManager: Mounting plugin OnlineSubsystemGooglePlay
LogPluginManager: Mounting plugin OnlineSubsystemIOS
LogPluginManager: Mounting plugin OnlineSubsystem
LogPluginManager: Mounting plugin OnlineSubsystemNull
LogPluginManager: Mounting plugin OnlineSubsystemUtils
LogPluginManager: Mounting plugin LauncherChunkInstaller
LogPluginManager: Mounting plugin AndroidDeviceProfileSelector
LogPluginManager: Mounting plugin AndroidMoviePlayer
LogPluginManager: Mounting plugin AndroidPermission
LogPluginManager: Mounting plugin AppleImageUtils
LogPluginManager: Mounting plugin AppleMoviePlayer
LogPluginManager: Mounting plugin ArchVisCharacter
LogPluginManager: Mounting plugin AssetTags
LogPluginManager: Mounting plugin AudioCapture
LogPluginManager: Mounting plugin CableComponent
LogPluginManager: Mounting plugin CustomMeshComponent
LogPluginManager: Mounting plugin EditableMesh
LogPluginManager: Mounting plugin ExampleDeviceProfileSelector
LogPluginManager: Mounting plugin GoogleCloudMessaging
LogPluginManager: Mounting plugin IOSDeviceProfileSelector
LogPluginManager: Mounting plugin LinuxDeviceProfileSelector
LogPluginManager: Mounting plugin LocationServicesBPLibrary
LogPluginManager: Mounting plugin MobilePatchingUtils
LogPluginManager: Mounting plugin OculusVR
LogPluginManager: Mounting plugin PhysXVehicles
LogPluginManager: Mounting plugin PostSplashScreen
LogPluginManager: Mounting plugin ProceduralMeshComponent
LogPluginManager: Mounting plugin RuntimePhysXCooking
LogPluginManager: Mounting plugin SignificanceManager
LogPluginManager: Mounting plugin SteamVR
LogPluginManager: Mounting plugin WebMMoviePlayer
LogPluginManager: Mounting plugin WindowsMoviePlayer
LogPluginManager: Mounting plugin ScreenshotTools
LogInit: Using libcurl 7.55.1-DEV
LogInit:  - built for x86_64-pc-win32
LogInit:  - supports SSL with OpenSSL/1.1.1
LogInit:  - supports HTTP deflate (compression) using libz 1.2.8
LogInit:  - other features:
LogInit:      CURL_VERSION_SSL
LogInit:      CURL_VERSION_LIBZ
LogInit:      CURL_VERSION_IPV6
LogInit:      CURL_VERSION_ASYNCHDNS
LogInit:      CURL_VERSION_LARGEFILE
LogInit:      CURL_VERSION_IDN
LogInit:  CurlRequestOptions (configurable via config and command line):
LogInit:  - bVerifyPeer = true  - Libcurl will verify peer certificate
LogInit:  - bUseHttpProxy = false  - Libcurl will NOT use HTTP proxy
LogInit:  - bDontReuseConnections = false  - Libcurl will reuse connections
LogInit:  - MaxHostConnections = 16  - Libcurl will limit the number of connections to a host
LogInit:  - LocalHostAddr = Default
LogInit:  - BufferSize = 65536
LogOnline: OSS: Creating online subsystem instance for: NULL
LogInit: WinSock: version 1.1 (2.2), MaxSocks=32767, MaxUdp=65467
LogOnline: OSS: TryLoadSubsystemAndSetDefault: Loaded subsystem for module [NULL]
LogInit: Build: ++UE4+Release-4.24-CL-11590370
LogInit: Engine Version: 4.24.3-11590370+++UE4+Release-4.24
LogInit: Compatible Engine Version: 4.24.0-10570792+++UE4+Release-4.24
LogInit: Net CL: 10570792
LogInit: OS: Windows 10 (Release 1909) (), CPU: AMD Ryzen 5 3600 6-Core Processor              , GPU: NVIDIA GeForce GTX 1650 SUPER
LogInit: Compiled (64-bit): Feb 24 2020 15:39:18
LogInit: Compiled with Visual C++: 19.16.27032.01
LogInit: Build Configuration: Development
LogInit: Branch Name: ++UE4+Release-4.24
LogInit: Command Line: 
LogInit: Base Directory: D:/UE_4.24/Engine/Binaries/Win64/
LogInit: Installed Engine Build: 1
LogDevObjectVersion: Number of dev versions registered: 25
LogDevObjectVersion:   Dev-Blueprints (B0D832E4-1F89-4F0D-ACCF-7EB736FD4AA2): 10
LogDevObjectVersion:   Dev-Build (E1C64328-A22C-4D53-A36C-8E866417BD8C): 0
LogDevObjectVersion:   Dev-Core (375EC13C-06E4-48FB-B500-84F0262A717E): 3
LogDevObjectVersion:   Dev-Editor (E4B068ED-F494-42E9-A231-DA0B2E46BB41): 37
LogDevObjectVersion:   Dev-Framework (CFFC743F-43B0-4480-9391-14DF171D2073): 36
LogDevObjectVersion:   Dev-Mobile (B02B49B5-BB20-44E9-A304-32B752E40360): 2
LogDevObjectVersion:   Dev-Networking (A4E4105C-59A1-49B5-A7C5-40C4547EDFEE): 0
LogDevObjectVersion:   Dev-Online (39C831C9-5AE6-47DC-9A44-9C173E1C8E7C): 0
LogDevObjectVersion:   Dev-Physics (78F01B33-EBEA-4F98-B9B4-84EACCB95AA2): 2
LogDevObjectVersion:   Dev-Platform (6631380F-2D4D-43E0-8009-CF276956A95A): 0
LogDevObjectVersion:   Dev-Rendering (12F88B9F-8875-4AFC-A67C-D90C383ABD29): 36
LogDevObjectVersion:   Dev-Sequencer (7B5AE74C-D270-4C10-A958-57980B212A5A): 11
LogDevObjectVersion:   Dev-VR (D7296918-1DD6-4BDD-9DE2-64A83CC13884): 2
LogDevObjectVersion:   Dev-LoadTimes (C2A15278-BFE7-4AFE-6C17-90FF531DF755): 1
LogDevObjectVersion:   Private-Geometry (6EACA3D4-40EC-4CC1-B786-8BED09428FC5): 3
LogDevObjectVersion:   Dev-AnimPhys (29E575DD-E0A3-4627-9D10-D276232CDCEA): 17
LogDevObjectVersion:   Dev-Anim (AF43A65D-7FD3-4947-9873-3E8ED9C1BB05): 2
LogDevObjectVersion:   Dev-ReflectionCapture (6B266CEC-1EC7-4B8F-A30B-E4D90942FC07): 1
LogDevObjectVersion:   Dev-Automation (0DF73D61-A23F-47EA-B727-89E90C41499A): 1
LogDevObjectVersion:   FortniteMain (601D1886-AC64-4F84-AA16-D3DE0DEAC7D6): 31
LogDevObjectVersion:   Dev-Enterprise (9DFFBCD6-494F-0158-E221-12823C92A888): 8
LogDevObjectVersion:   Dev-Niagara (F2AED0AC-9AFE-416F-8664-AA7FFA26D6FC): 1
LogDevObjectVersion:   Dev-Destruction (174F1F0B-B4C6-45A5-B13F-2EE8D0FB917D): 9
LogDevObjectVersion:   Dev-Physics-Ext (35F94A83-E258-406C-A318-09F59610247C): 8
LogDevObjectVersion:   Dev-CineCamera (B2E18506-4273-CFC2-A54E-F4BB758BBA07): 1
LogInit: Presizing for max 25165824 objects, including 0 objects not considered by GC, pre-allocating 0 bytes for permanent pool.
LogInit: Object subsystem initialized
LogConfig: Setting CVar [[con.DebugEarlyDefault:1]]
LogConfig: Setting CVar [[r.setres:1280x720]]
[2020.09.27-21.57.03:825][  0]LogConfig: Setting CVar [[r.VSync:0]]
[2020.09.27-21.57.03:825][  0]LogConfig: Setting CVar [[r.RHICmdBypass:0]]
[2020.09.27-21.57.03:825][  0]LogConfig: Applying CVar settings from Section [/Script/Engine.RendererSettings] File [C:/Users/Geneviève/Documents/Conception_JV_2019-2020/Bloc3/TP3_Alice_AD_GB_FL/TP3_LevelDesign_AD_GB_FL/TP3_Template/Saved/Config/Windows/Engine.ini]
[2020.09.27-21.57.03:825][  0]LogConfig: Setting CVar [[r.GPUCrashDebugging:0]]
[2020.09.27-21.57.03:825][  0]LogConfig: Applying CVar settings from Section [/Script/Engine.RendererOverrideSettings] File [C:/Users/Geneviève/Documents/Conception_JV_2019-2020/Bloc3/TP3_Alice_AD_GB_FL/TP3_LevelDesign_AD_GB_FL/TP3_Template/Saved/Config/Windows/Engine.ini]
[2020.09.27-21.57.03:825][  0]LogConfig: Applying CVar settings from Section [/Script/Engine.StreamingSettings] File [C:/Users/Geneviève/Documents/Conception_JV_2019-2020/Bloc3/TP3_Alice_AD_GB_FL/TP3_LevelDesign_AD_GB_FL/TP3_Template/Saved/Config/Windows/Engine.ini]
[2020.09.27-21.57.03:825][  0]LogConfig: Setting CVar [[s.MinBulkDataSizeForAsyncLoading:131072]]
[2020.09.27-21.57.03:825][  0]LogConfig: Setting CVar [[s.AsyncLoadingThreadEnabled:0]]
[2020.09.27-21.57.03:825][  0]LogConfig: Setting CVar [[s.EventDrivenLoaderEnabled:1]]
[2020.09.27-21.57.03:825][  0]LogConfig: Setting CVar [[s.WarnIfTimeLimitExceeded:0]]
[2020.09.27-21.57.03:825][  0]LogConfig: Setting CVar [[s.TimeLimitExceededMultiplier:1.5]]
[2020.09.27-21.57.03:825][  0]LogConfig: Setting CVar [[s.TimeLimitExceededMinTime:0.005]]
[2020.09.27-21.57.03:825][  0]LogConfig: Setting CVar [[s.UseBackgroundLevelStreaming:1]]
[2020.09.27-21.57.03:825][  0]LogConfig: Setting CVar [[s.PriorityAsyncLoadingExtraTime:15.0]]
[2020.09.27-21.57.03:825][  0]LogConfig: Setting CVar [[s.LevelStreamingActorsUpdateTimeLimit:5.0]]
[2020.09.27-21.57.03:825][  0]LogConfig: Setting CVar [[s.PriorityLevelStreamingActorsUpdateExtraTime:5.0]]
[2020.09.27-21.57.03:825][  0]LogConfig: Setting CVar [[s.LevelStreamingComponentsRegistrationGranularity:10]]
[2020.09.27-21.57.03:825][  0]LogConfig: Setting CVar [[s.UnregisterComponentsTimeLimit:1.0]]
[2020.09.27-21.57.03:825][  0]LogConfig: Setting CVar [[s.LevelStreamingComponentsUnregistrationGranularity:5]]
[2020.09.27-21.57.03:825][  0]LogConfig: Setting CVar [[s.FlushStreamingOnExit:1]]
[2020.09.27-21.57.03:825][  0]LogConfig: Applying CVar settings from Section [/Script/Engine.GarbageCollectionSettings] File [C:/Users/Geneviève/Documents/Conception_JV_2019-2020/Bloc3/TP3_Alice_AD_GB_FL/TP3_LevelDesign_AD_GB_FL/TP3_Template/Saved/Config/Windows/Engine.ini]
[2020.09.27-21.57.03:825][  0]LogConfig: Setting CVar [[gc.MaxObjectsNotConsideredByGC:1]]
[2020.09.27-21.57.03:825][  0]LogConfig: Setting CVar [[gc.SizeOfPermanentObjectPool:0]]
[2020.09.27-21.57.03:825][  0]LogConfig: Setting CVar [[gc.FlushStreamingOnGC:0]]
[2020.09.27-21.57.03:825][  0]LogConfig: Setting CVar [[gc.NumRetriesBeforeForcingGC:10]]
[2020.09.27-21.57.03:826][  0]LogConfig: Setting CVar [[gc.AllowParallelGC:1]]
[2020.09.27-21.57.03:826][  0]LogConfig: Setting CVar [[gc.TimeBetweenPurgingPendingKillObjects:61.1]]
[2020.09.27-21.57.03:826][  0]LogConfig: Setting CVar [[gc.MaxObjectsInEditor:25165824]]
[2020.09.27-21.57.03:826][  0]LogConfig: Setting CVar [[gc.IncrementalBeginDestroyEnabled:1]]
[2020.09.27-21.57.03:826][  0]LogConfig: Setting CVar [[gc.CreateGCClusters:1]]
[2020.09.27-21.57.03:826][  0]LogConfig: Setting CVar [[gc.MinGCClusterSize:5]]
[2020.09.27-21.57.03:826][  0]LogConfig: Setting CVar [[gc.ActorClusteringEnabled:0]]
[2020.09.27-21.57.03:826][  0]LogConfig: Setting CVar [[gc.BlueprintClusteringEnabled:0]]
[2020.09.27-21.57.03:826][  0]LogConfig: Setting CVar [[gc.UseDisregardForGCOnDedicatedServers:0]]
[2020.09.27-21.57.03:826][  0]LogConfig: Applying CVar settings from Section [/Script/Engine.NetworkSettings] File [C:/Users/Geneviève/Documents/Conception_JV_2019-2020/Bloc3/TP3_Alice_AD_GB_FL/TP3_LevelDesign_AD_GB_FL/TP3_Template/Saved/Config/Windows/Engine.ini]
[2020.09.27-21.57.03:826][  0]LogConfig: Applying CVar settings from Section [/Script/UnrealEd.CookerSettings] File [C:/Users/Geneviève/Documents/Conception_JV_2019-2020/Bloc3/TP3_Alice_AD_GB_FL/TP3_LevelDesign_AD_GB_FL/TP3_Template/Saved/Config/Windows/Engine.ini]
[2020.09.27-21.57.03:828][  0]LogConfig: Applying CVar settings from Section [ViewDistanceQuality@3] File [C:/Users/Geneviève/Documents/Conception_JV_2019-2020/Bloc3/TP3_Alice_AD_GB_FL/TP3_LevelDesign_AD_GB_FL/TP3_Template/Saved/Config/Windows/Scalability.ini]
[2020.09.27-21.57.03:828][  0]LogConfig: Setting CVar [[r.SkeletalMeshLODBias:0]]
[2020.09.27-21.57.03:828][  0]LogConfig: Setting CVar [[r.ViewDistanceScale:1.0]]
[2020.09.27-21.57.03:828][  0]LogConfig: Applying CVar settings from Section [AntiAliasingQuality@3] File [C:/Users/Geneviève/Documents/Conception_JV_2019-2020/Bloc3/TP3_Alice_AD_GB_FL/TP3_LevelDesign_AD_GB_FL/TP3_Template/Saved/Config/Windows/Scalability.ini]
[2020.09.27-21.57.03:828][  0]LogConfig: Setting CVar [[r.PostProcessAAQuality:4]]
[2020.09.27-21.57.03:828][  0]LogConfig: Applying CVar settings from Section [ShadowQuality@3] File [C:/Users/Geneviève/Documents/Conception_JV_2019-2020/Bloc3/TP3_Alice_AD_GB_FL/TP3_LevelDesign_AD_GB_FL/TP3_Template/Saved/Config/Windows/Scalability.ini]
[2020.09.27-21.57.03:828][  0]LogConfig: Setting CVar [[r.LightFunctionQuality:1]]
[2020.09.27-21.57.03:828][  0]LogConfig: Setting CVar [[r.ShadowQuality:5]]
[2020.09.27-21.57.03:828][  0]LogConfig: Setting CVar [[r.Shadow.CSM.MaxCascades:10]]
[2020.09.27-21.57.03:828][  0]LogConfig: Setting CVar [[r.Shadow.MaxResolution:2048]]
[2020.09.27-21.57.03:828][  0]LogConfig: Setting CVar [[r.Shadow.MaxCSMResolution:2048]]
[2020.09.27-21.57.03:828][  0]LogConfig: Setting CVar [[r.Shadow.RadiusThreshold:0.01]]
[2020.09.27-21.57.03:828][  0]LogConfig: Setting CVar [[r.Shadow.DistanceScale:1.0]]
[2020.09.27-21.57.03:828][  0]LogConfig: Setting CVar [[r.Shadow.CSM.TransitionScale:1.0]]
[2020.09.27-21.57.03:828][  0]LogConfig: Setting CVar [[r.Shadow.PreShadowResolutionFactor:1.0]]
[2020.09.27-21.57.03:828][  0]LogConfig: Setting CVar [[r.DistanceFieldShadowing:1]]
[2020.09.27-21.57.03:828][  0]LogConfig: Setting CVar [[r.DistanceFieldAO:1]]
[2020.09.27-21.57.03:828][  0]LogConfig: Setting CVar [[r.AOQuality:2]]
[2020.09.27-21.57.03:828][  0]LogConfig: Setting CVar [[r.VolumetricFog:1]]
[2020.09.27-21.57.03:828][  0]LogConfig: Setting CVar [[r.VolumetricFog.GridPixelSize:8]]
[2020.09.27-21.57.03:828][  0]LogConfig: Setting CVar [[r.VolumetricFog.GridSizeZ:128]]
[2020.09.27-21.57.03:828][  0]LogConfig: Setting CVar [[r.VolumetricFog.HistoryMissSupersampleCount:4]]
[2020.09.27-21.57.03:828][  0]LogConfig: Setting CVar [[r.LightMaxDrawDistanceScale:1]]
[2020.09.27-21.57.03:828][  0]LogConfig: Setting CVar [[r.CapsuleShadows:1]]
[2020.09.27-21.57.03:828][  0]LogConfig: Applying CVar settings from Section [PostProcessQuality@3] File [C:/Users/Geneviève/Documents/Conception_JV_2019-2020/Bloc3/TP3_Alice_AD_GB_FL/TP3_LevelDesign_AD_GB_FL/TP3_Template/Saved/Config/Windows/Scalability.ini]
[2020.09.27-21.57.03:828][  0]LogConfig: Setting CVar [[r.MotionBlurQuality:4]]
[2020.09.27-21.57.03:828][  0]LogConfig: Setting CVar [[r.AmbientOcclusionMipLevelFactor:0.4]]
[2020.09.27-21.57.03:828][  0]LogConfig: Setting CVar [[r.AmbientOcclusionMaxQuality:100]]
[2020.09.27-21.57.03:828][  0]LogConfig: Setting CVar [[r.AmbientOcclusionLevels:-1]]
[2020.09.27-21.57.03:828][  0]LogConfig: Setting CVar [[r.AmbientOcclusionRadiusScale:1.0]]
[2020.09.27-21.57.03:828][  0]LogConfig: Setting CVar [[r.DepthOfFieldQuality:2]]
[2020.09.27-21.57.03:828][  0]LogConfig: Setting CVar [[r.RenderTargetPoolMin:400]]
[2020.09.27-21.57.03:828][  0]LogConfig: Setting CVar [[r.LensFlareQuality:2]]
[2020.09.27-21.57.03:828][  0]LogConfig: Setting CVar [[r.SceneColorFringeQuality:1]]
[2020.09.27-21.57.03:828][  0]LogConfig: Setting CVar [[r.EyeAdaptationQuality:2]]
[2020.09.27-21.57.03:828][  0]LogConfig: Setting CVar [[r.BloomQuality:5]]
[2020.09.27-21.57.03:828][  0]LogConfig: Setting CVar [[r.FastBlurThreshold:100]]
[2020.09.27-21.57.03:828][  0]LogConfig: Setting CVar [[r.Upscale.Quality:3]]
[2020.09.27-21.57.03:828][  0]LogConfig: Setting CVar [[r.Tonemapper.GrainQuantization:1]]
[2020.09.27-21.57.03:828][  0]LogConfig: Setting CVar [[r.LightShaftQuality:1]]
[2020.09.27-21.57.03:828][  0]LogConfig: Setting CVar [[r.Filter.SizeScale:1]]
[2020.09.27-21.57.03:828][  0]LogConfig: Setting CVar [[r.Tonemapper.Quality:5]]
[2020.09.27-21.57.03:828][  0]LogConfig: Setting CVar [[r.DOF.Gather.AccumulatorQuality:1        ; higher gathering accumulator quality]]
[2020.09.27-21.57.03:828][  0]LogConfig: Setting CVar [[r.DOF.Gather.PostfilterMethod:1          ; Median3x3 postfilering method]]
[2020.09.27-21.57.03:828][  0]LogConfig: Setting CVar [[r.DOF.Gather.EnableBokehSettings:0       ; no bokeh simulation when gathering]]
[2020.09.27-21.57.03:828][  0]LogConfig: Setting CVar [[r.DOF.Gather.RingCount:4                 ; medium number of samples when gathering]]
[2020.09.27-21.57.03:828][  0]LogConfig: Setting CVar [[r.DOF.Scatter.ForegroundCompositing:1    ; additive foreground scattering]]
[2020.09.27-21.57.03:828][  0]LogConfig: Setting CVar [[r.DOF.Scatter.BackgroundCompositing:2    ; additive background scattering]]
[2020.09.27-21.57.03:828][  0]LogConfig: Setting CVar [[r.DOF.Scatter.EnableBokehSettings:1      ; bokeh simulation when scattering]]
[2020.09.27-21.57.03:828][  0]LogConfig: Setting CVar [[r.DOF.Scatter.MaxSpriteRatio:0.1         ; only a maximum of 10% of scattered bokeh]]
[2020.09.27-21.57.03:828][  0]LogConfig: Setting CVar [[r.DOF.Recombine.Quality:1                ; cheap slight out of focus]]
[2020.09.27-21.57.03:828][  0]LogConfig: Setting CVar [[r.DOF.Recombine.EnableBokehSettings:0    ; no bokeh simulation on slight out of focus]]
[2020.09.27-21.57.03:828][  0]LogConfig: Setting CVar [[r.DOF.TemporalAAQuality:1                ; more stable temporal accumulation]]
[2020.09.27-21.57.03:828][  0]LogConfig: Setting CVar [[r.DOF.Kernel.MaxForegroundRadius:0.025]]
[2020.09.27-21.57.03:828][  0]LogConfig: Setting CVar [[r.DOF.Kernel.MaxBackgroundRadius:0.025]]
[2020.09.27-21.57.03:828][  0]LogConfig: Applying CVar settings from Section [TextureQuality@3] File [C:/Users/Geneviève/Documents/Conception_JV_2019-2020/Bloc3/TP3_Alice_AD_GB_FL/TP3_LevelDesign_AD_GB_FL/TP3_Template/Saved/Config/Windows/Scalability.ini]
[2020.09.27-21.57.03:828][  0]LogConfig: Setting CVar [[r.Streaming.MipBias:0]]
[2020.09.27-21.57.03:828][  0]LogConfig: Setting CVar [[r.Streaming.AmortizeCPUToGPUCopy:0]]
[2020.09.27-21.57.03:828][  0]LogConfig: Setting CVar [[r.Streaming.MaxNumTexturesToStreamPerFrame:0]]
[2020.09.27-21.57.03:828][  0]LogConfig: Setting CVar [[r.Streaming.Boost:1]]
[2020.09.27-21.57.03:828][  0]LogConfig: Setting CVar [[r.MaxAnisotropy:8]]
[2020.09.27-21.57.03:828][  0]LogConfig: Setting CVar [[r.VT.MaxAnisotropy:8]]
[2020.09.27-21.57.03:828][  0]LogConfig: Setting CVar [[r.Streaming.LimitPoolSizeToVRAM:0]]
[2020.09.27-21.57.03:828][  0]LogConfig: Setting CVar [[r.Streaming.PoolSize:1000]]
[2020.09.27-21.57.03:828][  0]LogConfig: Setting CVar [[r.Streaming.MaxEffectiveScreenSize:0]]
[2020.09.27-21.57.03:828][  0]LogConfig: Applying CVar settings from Section [EffectsQuality@3] File [C:/Users/Geneviève/Documents/Conception_JV_2019-2020/Bloc3/TP3_Alice_AD_GB_FL/TP3_LevelDesign_AD_GB_FL/TP3_Template/Saved/Config/Windows/Scalability.ini]
[2020.09.27-21.57.03:828][  0]LogConfig: Setting CVar [[r.TranslucencyLightingVolumeDim:64]]
[2020.09.27-21.57.03:828][  0]LogConfig: Setting CVar [[r.RefractionQuality:2]]
[2020.09.27-21.57.03:828][  0]LogConfig: Setting CVar [[r.SSR.Quality:3]]
[2020.09.27-21.57.03:828][  0]LogConfig: Setting CVar [[r.SSR.HalfResSceneColor:0]]
[2020.09.27-21.57.03:828][  0]LogConfig: Setting CVar [[r.SceneColorFormat:4]]
[2020.09.27-21.57.03:828][  0]LogConfig: Setting CVar [[r.DetailMode:2]]
[2020.09.27-21.57.03:828][  0]LogConfig: Setting CVar [[r.TranslucencyVolumeBlur:1]]
[2020.09.27-21.57.03:828][  0]LogConfig: Setting CVar [[r.MaterialQualityLevel:1 ; High quality]]
[2020.09.27-21.57.03:829][  0]LogConfig: Setting CVar [[r.SSS.Scale:1]]
[2020.09.27-21.57.03:829][  0]LogConfig: Setting CVar [[r.SSS.SampleSet:2]]
[2020.09.27-21.57.03:829][  0]LogConfig: Setting CVar [[r.SSS.Quality:1]]
[2020.09.27-21.57.03:829][  0]LogConfig: Setting CVar [[r.SSS.HalfRes:1]]
[2020.09.27-21.57.03:829][  0]LogConfig: Setting CVar [[r.SSGI.Quality:3]]
[2020.09.27-21.57.03:829][  0]LogConfig: Setting CVar [[r.EmitterSpawnRateScale:1.0]]
[2020.09.27-21.57.03:829][  0]LogConfig: Setting CVar [[r.ParticleLightQuality:2]]
[2020.09.27-21.57.03:829][  0]LogConfig: Setting CVar [[r.SkyAtmosphere.AerialPerspectiveLUT.FastApplyOnOpaque:1 ; Always have FastSkyLUT 1 in this case to avoid wrong sky]]
[2020.09.27-21.57.03:829][  0]LogConfig: Setting CVar [[r.SkyAtmosphere.AerialPerspectiveLUT.SampleCountPerSlice:1]]
[2020.09.27-21.57.03:829][  0]LogConfig: Setting CVar [[r.SkyAtmosphere.AerialPerspectiveLUT.DepthResolution:16.0]]
[2020.09.27-21.57.03:829][  0]LogConfig: Setting CVar [[r.SkyAtmosphere.FastSkyLUT:1]]
[2020.09.27-21.57.03:829][  0]LogConfig: Setting CVar [[r.SkyAtmosphere.FastSkyLUT.SampleCountMin:4.0]]
[2020.09.27-21.57.03:829][  0]LogConfig: Setting CVar [[r.SkyAtmosphere.FastSkyLUT.SampleCountMax:32.0]]
[2020.09.27-21.57.03:829][  0]LogConfig: Setting CVar [[r.SkyAtmosphere.SampleCountMin:4.0]]
[2020.09.27-21.57.03:829][  0]LogConfig: Setting CVar [[r.SkyAtmosphere.SampleCountMax:32.0]]
[2020.09.27-21.57.03:829][  0]LogConfig: Setting CVar [[r.SkyAtmosphere.TransmittanceLUT.UseSmallFormat:0]]
[2020.09.27-21.57.03:829][  0]LogConfig: Setting CVar [[r.SkyAtmosphere.TransmittanceLUT.SampleCount:10.0]]
[2020.09.27-21.57.03:829][  0]LogConfig: Setting CVar [[r.SkyAtmosphere.MultiScatteringLUT.SampleCount:15.0]]
[2020.09.27-21.57.03:829][  0]LogConfig: Applying CVar settings from Section [FoliageQuality@3] File [C:/Users/Geneviève/Documents/Conception_JV_2019-2020/Bloc3/TP3_Alice_AD_GB_FL/TP3_LevelDesign_AD_GB_FL/TP3_Template/Saved/Config/Windows/Scalability.ini]
[2020.09.27-21.57.03:829][  0]LogConfig: Setting CVar [[foliage.DensityScale:1.0]]
[2020.09.27-21.57.03:829][  0]LogConfig: Setting CVar [[grass.DensityScale:1.0]]
[2020.09.27-21.57.03:829][  0]LogConfig: Applying CVar settings from Section [ShadingQuality@3] File [C:/Users/Geneviève/Documents/Conception_JV_2019-2020/Bloc3/TP3_Alice_AD_GB_FL/TP3_LevelDesign_AD_GB_FL/TP3_Template/Saved/Config/Windows/Scalability.ini]
[2020.09.27-21.57.03:829][  0]LogConfig: Setting CVar [[r.HairStrands.SkyLighting.SampleCount:16]]
[2020.09.27-21.57.03:829][  0]LogConfig: Setting CVar [[r.HairStrands.SkyLighting.JitterIntegration:0]]
[2020.09.27-21.57.03:829][  0]LogConfig: Setting CVar [[r.HairStrands.SkyAO.SampleCount:16]]
[2020.09.27-21.57.03:829][  0]LogInit: Selected Device Profile: [Windows]
[2020.09.27-21.57.03:829][  0]LogInit: Applying CVar settings loaded from the selected device profile: [Windows]
[2020.09.27-21.57.03:831][  0]LogHAL: Display: Platform has ~ 16 GB [17126760448 / 17179869184 / 16], which maps to Larger [LargestMinGB=32, LargerMinGB=12, DefaultMinGB=8, SmallerMinGB=6, SmallestMinGB=0)
[2020.09.27-21.57.03:831][  0]LogInit: Going up to parent DeviceProfile []
[2020.09.27-21.57.03:831][  0]LogConfig: Applying CVar settings from Section [ViewDistanceQuality@3] File [C:/Users/Geneviève/Documents/Conception_JV_2019-2020/Bloc3/TP3_Alice_AD_GB_FL/TP3_LevelDesign_AD_GB_FL/TP3_Template/Saved/Config/Windows/Scalability.ini]
[2020.09.27-21.57.03:831][  0]LogConfig: Setting CVar [[r.SkeletalMeshLODBias:0]]
[2020.09.27-21.57.03:831][  0]LogConfig: Setting CVar [[r.ViewDistanceScale:1.0]]
[2020.09.27-21.57.03:831][  0]LogConfig: Applying CVar settings from Section [AntiAliasingQuality@3] File [C:/Users/Geneviève/Documents/Conception_JV_2019-2020/Bloc3/TP3_Alice_AD_GB_FL/TP3_LevelDesign_AD_GB_FL/TP3_Template/Saved/Config/Windows/Scalability.ini]
[2020.09.27-21.57.03:831][  0]LogConfig: Setting CVar [[r.PostProcessAAQuality:4]]
[2020.09.27-21.57.03:831][  0]LogConfig: Applying CVar settings from Section [ShadowQuality@3] File [C:/Users/Geneviève/Documents/Conception_JV_2019-2020/Bloc3/TP3_Alice_AD_GB_FL/TP3_LevelDesign_AD_GB_FL/TP3_Template/Saved/Config/Windows/Scalability.ini]
[2020.09.27-21.57.03:831][  0]LogConfig: Setting CVar [[r.LightFunctionQuality:1]]
[2020.09.27-21.57.03:831][  0]LogConfig: Setting CVar [[r.ShadowQuality:5]]
[2020.09.27-21.57.03:831][  0]LogConfig: Setting CVar [[r.Shadow.CSM.MaxCascades:10]]
[2020.09.27-21.57.03:831][  0]LogConfig: Setting CVar [[r.Shadow.MaxResolution:2048]]
[2020.09.27-21.57.03:831][  0]LogConfig: Setting CVar [[r.Shadow.MaxCSMResolution:2048]]
[2020.09.27-21.57.03:831][  0]LogConfig: Setting CVar [[r.Shadow.RadiusThreshold:0.01]]
[2020.09.27-21.57.03:831][  0]LogConfig: Setting CVar [[r.Shadow.DistanceScale:1.0]]
[2020.09.27-21.57.03:831][  0]LogConfig: Setting CVar [[r.Shadow.CSM.TransitionScale:1.0]]
[2020.09.27-21.57.03:831][  0]LogConfig: Setting CVar [[r.Shadow.PreShadowResolutionFactor:1.0]]
[2020.09.27-21.57.03:831][  0]LogConfig: Setting CVar [[r.DistanceFieldShadowing:1]]
[2020.09.27-21.57.03:831][  0]LogConfig: Setting CVar [[r.DistanceFieldAO:1]]
[2020.09.27-21.57.03:832][  0]LogConfig: Setting CVar [[r.AOQuality:2]]
[2020.09.27-21.57.03:832][  0]LogConfig: Setting CVar [[r.VolumetricFog:1]]
[2020.09.27-21.57.03:832][  0]LogConfig: Setting CVar [[r.VolumetricFog.GridPixelSize:8]]
[2020.09.27-21.57.03:832][  0]LogConfig: Setting CVar [[r.VolumetricFog.GridSizeZ:128]]
[2020.09.27-21.57.03:832][  0]LogConfig: Setting CVar [[r.VolumetricFog.HistoryMissSupersampleCount:4]]
[2020.09.27-21.57.03:832][  0]LogConfig: Setting CVar [[r.LightMaxDrawDistanceScale:1]]
[2020.09.27-21.57.03:832][  0]LogConfig: Setting CVar [[r.CapsuleShadows:1]]
[2020.09.27-21.57.03:832][  0]LogConfig: Applying CVar settings from Section [PostProcessQuality@3] File [C:/Users/Geneviève/Documents/Conception_JV_2019-2020/Bloc3/TP3_Alice_AD_GB_FL/TP3_LevelDesign_AD_GB_FL/TP3_Template/Saved/Config/Windows/Scalability.ini]
[2020.09.27-21.57.03:832][  0]LogConfig: Setting CVar [[r.MotionBlurQuality:4]]
[2020.09.27-21.57.03:832][  0]LogConfig: Setting CVar [[r.AmbientOcclusionMipLevelFactor:0.4]]
[2020.09.27-21.57.03:832][  0]LogConfig: Setting CVar [[r.AmbientOcclusionMaxQuality:100]]
[2020.09.27-21.57.03:832][  0]LogConfig: Setting CVar [[r.AmbientOcclusionLevels:-1]]
[2020.09.27-21.57.03:832][  0]LogConfig: Setting CVar [[r.AmbientOcclusionRadiusScale:1.0]]
[2020.09.27-21.57.03:832][  0]LogConfig: Setting CVar [[r.DepthOfFieldQuality:2]]
[2020.09.27-21.57.03:832][  0]LogConfig: Setting CVar [[r.RenderTargetPoolMin:400]]
[2020.09.27-21.57.03:832][  0]LogConfig: Setting CVar [[r.LensFlareQuality:2]]
[2020.09.27-21.57.03:832][  0]LogConfig: Setting CVar [[r.SceneColorFringeQuality:1]]
[2020.09.27-21.57.03:832][  0]LogConfig: Setting CVar [[r.EyeAdaptationQuality:2]]
[2020.09.27-21.57.03:832][  0]LogConfig: Setting CVar [[r.BloomQuality:5]]
[2020.09.27-21.57.03:832][  0]LogConfig: Setting CVar [[r.FastBlurThreshold:100]]
[2020.09.27-21.57.03:832][  0]LogConfig: Setting CVar [[r.Upscale.Quality:3]]
[2020.09.27-21.57.03:832][  0]LogConfig: Setting CVar [[r.Tonemapper.GrainQuantization:1]]
[2020.09.27-21.57.03:832][  0]LogConfig: Setting CVar [[r.LightShaftQuality:1]]
[2020.09.27-21.57.03:832][  0]LogConfig: Setting CVar [[r.Filter.SizeScale:1]]
[2020.09.27-21.57.03:832][  0]LogConfig: Setting CVar [[r.Tonemapper.Quality:5]]
[2020.09.27-21.57.03:832][  0]LogConfig: Setting CVar [[r.DOF.Gather.AccumulatorQuality:1        ; higher gathering accumulator quality]]
[2020.09.27-21.57.03:832][  0]LogConfig: Setting CVar [[r.DOF.Gather.PostfilterMethod:1          ; Median3x3 postfilering method]]
[2020.09.27-21.57.03:832][  0]LogConfig: Setting CVar [[r.DOF.Gather.EnableBokehSettings:0       ; no bokeh simulation when gathering]]
[2020.09.27-21.57.03:832][  0]LogConfig: Setting CVar [[r.DOF.Gather.RingCount:4                 ; medium number of samples when gathering]]
[2020.09.27-21.57.03:832][  0]LogConfig: Setting CVar [[r.DOF.Scatter.ForegroundCompositing:1    ; additive foreground scattering]]
[2020.09.27-21.57.03:832][  0]LogConfig: Setting CVar [[r.DOF.Scatter.BackgroundCompositing:2    ; additive background scattering]]
[2020.09.27-21.57.03:832][  0]LogConfig: Setting CVar [[r.DOF.Scatter.EnableBokehSettings:1      ; bokeh simulation when scattering]]
[2020.09.27-21.57.03:832][  0]LogConfig: Setting CVar [[r.DOF.Scatter.MaxSpriteRatio:0.1         ; only a maximum of 10% of scattered bokeh]]
[2020.09.27-21.57.03:832][  0]LogConfig: Setting CVar [[r.DOF.Recombine.Quality:1                ; cheap slight out of focus]]
[2020.09.27-21.57.03:832][  0]LogConfig: Setting CVar [[r.DOF.Recombine.EnableBokehSettings:0    ; no bokeh simulation on slight out of focus]]
[2020.09.27-21.57.03:832][  0]LogConfig: Setting CVar [[r.DOF.TemporalAAQuality:1                ; more stable temporal accumulation]]
[2020.09.27-21.57.03:832][  0]LogConfig: Setting CVar [[r.DOF.Kernel.MaxForegroundRadius:0.025]]
[2020.09.27-21.57.03:832][  0]LogConfig: Setting CVar [[r.DOF.Kernel.MaxBackgroundRadius:0.025]]
[2020.09.27-21.57.03:832][  0]LogConfig: Applying CVar settings from Section [TextureQuality@3] File [C:/Users/Geneviève/Documents/Conception_JV_2019-2020/Bloc3/TP3_Alice_AD_GB_FL/TP3_LevelDesign_AD_GB_FL/TP3_Template/Saved/Config/Windows/Scalability.ini]
[2020.09.27-21.57.03:832][  0]LogConfig: Setting CVar [[r.Streaming.MipBias:0]]
[2020.09.27-21.57.03:832][  0]LogConfig: Setting CVar [[r.Streaming.AmortizeCPUToGPUCopy:0]]
[2020.09.27-21.57.03:832][  0]LogConfig: Setting CVar [[r.Streaming.MaxNumTexturesToStreamPerFrame:0]]
[2020.09.27-21.57.03:832][  0]LogConfig: Setting CVar [[r.Streaming.Boost:1]]
[2020.09.27-21.57.03:832][  0]LogConfig: Setting CVar [[r.MaxAnisotropy:8]]
[2020.09.27-21.57.03:832][  0]LogConfig: Setting CVar [[r.VT.MaxAnisotropy:8]]
[2020.09.27-21.57.03:832][  0]LogConfig: Setting CVar [[r.Streaming.LimitPoolSizeToVRAM:0]]
[2020.09.27-21.57.03:832][  0]LogConfig: Setting CVar [[r.Streaming.PoolSize:1000]]
[2020.09.27-21.57.03:832][  0]LogConfig: Setting CVar [[r.Streaming.MaxEffectiveScreenSize:0]]
[2020.09.27-21.57.03:832][  0]LogConfig: Applying CVar settings from Section [EffectsQuality@3] File [C:/Users/Geneviève/Documents/Conception_JV_2019-2020/Bloc3/TP3_Alice_AD_GB_FL/TP3_LevelDesign_AD_GB_FL/TP3_Template/Saved/Config/Windows/Scalability.ini]
[2020.09.27-21.57.03:832][  0]LogConfig: Setting CVar [[r.TranslucencyLightingVolumeDim:64]]
[2020.09.27-21.57.03:832][  0]LogConfig: Setting CVar [[r.RefractionQuality:2]]
[2020.09.27-21.57.03:832][  0]LogConfig: Setting CVar [[r.SSR.Quality:3]]
[2020.09.27-21.57.03:832][  0]LogConfig: Setting CVar [[r.SSR.HalfResSceneColor:0]]
[2020.09.27-21.57.03:832][  0]LogConfig: Setting CVar [[r.SceneColorFormat:4]]
[2020.09.27-21.57.03:832][  0]LogConfig: Setting CVar [[r.DetailMode:2]]
[2020.09.27-21.57.03:832][  0]LogConfig: Setting CVar [[r.TranslucencyVolumeBlur:1]]
[2020.09.27-21.57.03:832][  0]LogConfig: Setting CVar [[r.MaterialQualityLevel:1 ; High quality]]
[2020.09.27-21.57.03:832][  0]LogConfig: Setting CVar [[r.SSS.Scale:1]]
[2020.09.27-21.57.03:832][  0]LogConfig: Setting CVar [[r.SSS.SampleSet:2]]
[2020.09.27-21.57.03:832][  0]LogConfig: Setting CVar [[r.SSS.Quality:1]]
[2020.09.27-21.57.03:832][  0]LogConfig: Setting CVar [[r.SSS.HalfRes:1]]
[2020.09.27-21.57.03:832][  0]LogConfig: Setting CVar [[r.SSGI.Quality:3]]
[2020.09.27-21.57.03:832][  0]LogConfig: Setting CVar [[r.EmitterSpawnRateScale:1.0]]
[2020.09.27-21.57.03:832][  0]LogConfig: Setting CVar [[r.ParticleLightQuality:2]]
[2020.09.27-21.57.03:832][  0]LogConfig: Setting CVar [[r.SkyAtmosphere.AerialPerspectiveLUT.FastApplyOnOpaque:1 ; Always have FastSkyLUT 1 in this case to avoid wrong sky]]
[2020.09.27-21.57.03:832][  0]LogConfig: Setting CVar [[r.SkyAtmosphere.AerialPerspectiveLUT.SampleCountPerSlice:1]]
[2020.09.27-21.57.03:832][  0]LogConfig: Setting CVar [[r.SkyAtmosphere.AerialPerspectiveLUT.DepthResolution:16.0]]
[2020.09.27-21.57.03:833][  0]LogConfig: Setting CVar [[r.SkyAtmosphere.FastSkyLUT:1]]
[2020.09.27-21.57.03:833][  0]LogConfig: Setting CVar [[r.SkyAtmosphere.FastSkyLUT.SampleCountMin:4.0]]
[2020.09.27-21.57.03:833][  0]LogConfig: Setting CVar [[r.SkyAtmosphere.FastSkyLUT.SampleCountMax:32.0]]
[2020.09.27-21.57.03:833][  0]LogConfig: Setting CVar [[r.SkyAtmosphere.SampleCountMin:4.0]]
[2020.09.27-21.57.03:833][  0]LogConfig: Setting CVar [[r.SkyAtmosphere.SampleCountMax:32.0]]
[2020.09.27-21.57.03:833][  0]LogConfig: Setting CVar [[r.SkyAtmosphere.TransmittanceLUT.UseSmallFormat:0]]
[2020.09.27-21.57.03:833][  0]LogConfig: Setting CVar [[r.SkyAtmosphere.TransmittanceLUT.SampleCount:10.0]]
[2020.09.27-21.57.03:833][  0]LogConfig: Setting CVar [[r.SkyAtmosphere.MultiScatteringLUT.SampleCount:15.0]]
[2020.09.27-21.57.03:833][  0]LogConfig: Applying CVar settings from Section [FoliageQuality@3] File [C:/Users/Geneviève/Documents/Conception_JV_2019-2020/Bloc3/TP3_Alice_AD_GB_FL/TP3_LevelDesign_AD_GB_FL/TP3_Template/Saved/Config/Windows/Scalability.ini]
[2020.09.27-21.57.03:833][  0]LogConfig: Setting CVar [[foliage.DensityScale:1.0]]
[2020.09.27-21.57.03:833][  0]LogConfig: Setting CVar [[grass.DensityScale:1.0]]
[2020.09.27-21.57.03:833][  0]LogConfig: Applying CVar settings from Section [ShadingQuality@3] File [C:/Users/Geneviève/Documents/Conception_JV_2019-2020/Bloc3/TP3_Alice_AD_GB_FL/TP3_LevelDesign_AD_GB_FL/TP3_Template/Saved/Config/Windows/Scalability.ini]
[2020.09.27-21.57.03:833][  0]LogConfig: Setting CVar [[r.HairStrands.SkyLighting.SampleCount:16]]
[2020.09.27-21.57.03:833][  0]LogConfig: Setting CVar [[r.HairStrands.SkyLighting.JitterIntegration:0]]
[2020.09.27-21.57.03:833][  0]LogConfig: Setting CVar [[r.HairStrands.SkyAO.SampleCount:16]]
[2020.09.27-21.57.03:833][  0]LogConfig: Applying CVar settings from Section [Startup] File [../../../Engine/Config/ConsoleVariables.ini]
[2020.09.27-21.57.03:833][  0]LogConfig: Setting CVar [[net.UseAdaptiveNetUpdateFrequency:0]]
[2020.09.27-21.57.03:833][  0]LogConfig: Setting CVar [[p.chaos.AllowCreatePhysxBodies:1]]
[2020.09.27-21.57.03:833][  0]LogConfig: Applying CVar settings from Section [ConsoleVariables] File [C:/Users/Geneviève/Documents/Conception_JV_2019-2020/Bloc3/TP3_Alice_AD_GB_FL/TP3_LevelDesign_AD_GB_FL/TP3_Template/Saved/Config/Windows/Engine.ini]
[2020.09.27-21.57.03:833][  0]LogInit: Computer: DESKTOP-2OITLHB
[2020.09.27-21.57.03:833][  0]LogInit: User: Geneviève
[2020.09.27-21.57.03:833][  0]LogInit: CPU Page size=4096, Cores=6
[2020.09.27-21.57.03:833][  0]LogInit: High frequency timer resolution =10.000000 MHz
[2020.09.27-21.57.03:833][  0]LogMemory: Memory total: Physical=16.0GB (16GB approx)
[2020.09.27-21.57.03:833][  0]LogMemory: Platform Memory Stats for Windows
[2020.09.27-21.57.03:833][  0]LogMemory: Process Physical Memory: 107.22 MB used, 107.23 MB peak
[2020.09.27-21.57.03:833][  0]LogMemory: Process Virtual Memory: 102.40 MB used, 102.40 MB peak
[2020.09.27-21.57.03:833][  0]LogMemory: Physical Memory: 9045.00 MB used,  7288.36 MB free, 16333.35 MB total
[2020.09.27-21.57.03:833][  0]LogMemory: Virtual Memory: 5139.86 MB used,  134212592.00 MB free, 134217728.00 MB total
[2020.09.27-21.57.03:836][  0]LogWindows: WindowsPlatformFeatures enabled
[2020.09.27-21.57.03:853][  0]LogInit: Using OS detected language (fr-CA).
[2020.09.27-21.57.03:853][  0]LogInit: Using OS detected locale (fr-CA).
[2020.09.27-21.57.03:853][  0]LogTextLocalizationManager: No specific localization for 'fr-CA' exists, so the 'fr' localization will be used.
[2020.09.27-21.57.03:854][  0]LogTextLocalizationResource: LocRes '../../../Engine/Content/Localization/Editor/fr/Editor.locres' could not be opened for reading!
[2020.09.27-21.57.03:854][  0]LogTextLocalizationResource: LocRes '../../../Engine/Content/Localization/EditorTutorials/fr/EditorTutorials.locres' could not be opened for reading!
[2020.09.27-21.57.03:854][  0]LogTextLocalizationResource: LocRes '../../../Engine/Content/Localization/Keywords/fr/Keywords.locres' could not be opened for reading!
[2020.09.27-21.57.03:854][  0]LogTextLocalizationResource: LocRes '../../../Engine/Content/Localization/Category/fr/Category.locres' could not be opened for reading!
[2020.09.27-21.57.03:854][  0]LogTextLocalizationResource: LocRes '../../../Engine/Content/Localization/ToolTips/fr/ToolTips.locres' could not be opened for reading!
[2020.09.27-21.57.03:854][  0]LogTextLocalizationResource: LocRes '../../../Engine/Content/Localization/PropertyNames/fr/PropertyNames.locres' could not be opened for reading!
[2020.09.27-21.57.03:854][  0]LogTextLocalizationResource: LocRes '../../../Engine/Content/Localization/Engine/fr/Engine.locres' could not be opened for reading!
[2020.09.27-21.57.03:855][  0]LogInit: Setting process to per monitor DPI aware
[2020.09.27-21.57.03:881][  0]LogSlate: New Slate User Created.  User Index 0, Is Virtual User: 0
[2020.09.27-21.57.03:881][  0]LogSlate: Slate User Registered.  User Index 0, Is Virtual User: 0
[2020.09.27-21.57.04:051][  0]LogHMD: Failed to initialize OpenVR with code 110
[2020.09.27-21.57.04:051][  0]LogD3D11RHI: D3D11 min allowed feature level: 11_0
[2020.09.27-21.57.04:051][  0]LogD3D11RHI: D3D11 max allowed feature level: 11_0
[2020.09.27-21.57.04:051][  0]LogD3D11RHI: D3D11 adapters:
[2020.09.27-21.57.04:127][  0]LogD3D11RHI:    0. 'NVIDIA GeForce GTX 1650 SUPER' (Feature Level 11_0)
[2020.09.27-21.57.04:127][  0]LogD3D11RHI:       3955/0/8166 MB DedicatedVideo/DedicatedSystem/SharedSystem, Outputs:1, VendorId:0x10de
[2020.09.27-21.57.04:128][  0]LogD3D11RHI:    1. 'Microsoft Basic Render Driver' (Feature Level 11_0)
[2020.09.27-21.57.04:128][  0]LogD3D11RHI:       0/0/8166 MB DedicatedVideo/DedicatedSystem/SharedSystem, Outputs:0, VendorId:0x1414
[2020.09.27-21.57.04:130][  0]LogD3D11RHI:    2. 'Microsoft Basic Render Driver' (Feature Level 11_0)
[2020.09.27-21.57.04:130][  0]LogD3D11RHI:       0/0/8166 MB DedicatedVideo/DedicatedSystem/SharedSystem, Outputs:0, VendorId:0x1414
[2020.09.27-21.57.04:130][  0]LogD3D11RHI: Chosen D3D11 Adapter: 0
[2020.09.27-21.57.04:139][  0]LogD3D11RHI: Creating new Direct3DDevice
[2020.09.27-21.57.04:139][  0]LogD3D11RHI:     GPU DeviceId: 0x2187 (for the marketing name, search the web for "GPU Device Id")
[2020.09.27-21.57.04:139][  0]LogWindows: EnumDisplayDevices:
[2020.09.27-21.57.04:139][  0]LogWindows:    0. 'NVIDIA GeForce GTX 1650 SUPER' (P:1 D:1)
[2020.09.27-21.57.04:139][  0]LogWindows:    1. 'NVIDIA GeForce GTX 1650 SUPER' (P:0 D:0)
[2020.09.27-21.57.04:139][  0]LogWindows:    2. 'NVIDIA GeForce GTX 1650 SUPER' (P:0 D:0)
[2020.09.27-21.57.04:139][  0]LogWindows:    3. 'NVIDIA GeForce GTX 1650 SUPER' (P:0 D:0)
[2020.09.27-21.57.04:140][  0]LogWindows:    4. 'Citrix Indirect Display Adapter' (P:0 D:0)
[2020.09.27-21.57.04:140][  0]LogWindows:    5. 'Citrix Indirect Display Adapter' (P:0 D:0)
[2020.09.27-21.57.04:140][  0]LogWindows:    6. 'Citrix Indirect Display Adapter' (P:0 D:0)
[2020.09.27-21.57.04:140][  0]LogWindows:    7. 'Citrix Indirect Display Adapter' (P:0 D:0)
[2020.09.27-21.57.04:140][  0]LogWindows:    8. 'Citrix Indirect Display Adapter' (P:0 D:0)
[2020.09.27-21.57.04:140][  0]LogWindows:    9. 'Citrix Indirect Display Adapter' (P:0 D:0)
[2020.09.27-21.57.04:140][  0]LogWindows:    10. 'Citrix Indirect Display Adapter' (P:0 D:0)
[2020.09.27-21.57.04:141][  0]LogWindows:    11. 'Citrix Indirect Display Adapter' (P:0 D:0)
[2020.09.27-21.57.04:141][  0]LogWindows: DebugString: GetVideoDriverDetailsInvalid PrimaryIsNotTheChoosenAdapter GetVideoDriverDetailsInvalid PrimaryIsNotTheChoosenAdapter GetVideoDriverDetailsInvalid PrimaryIsNotTheChoosenAdapter GetVideoDriverDetailsInvalid PrimaryIsNotTheChoosenAdapter GetVideoDriverDetailsInvalid PrimaryIsNotTheChoosenAdapter GetVideoDriverDetailsInvalid PrimaryIsNotTheChoosenAdapter GetVideoDriverDetailsInvalid PrimaryIsNotTheChoosenAdapter GetVideoDriverDetailsInvalid PrimaryIsNotTheChoosenAdapter FoundDriverCount:4 
[2020.09.27-21.57.04:141][  0]LogD3D11RHI:     Adapter Name: NVIDIA GeForce GTX 1650 SUPER
[2020.09.27-21.57.04:141][  0]LogD3D11RHI:   Driver Version: 442.59 (internal:26.21.14.4259, unified:442.59)
[2020.09.27-21.57.04:141][  0]LogD3D11RHI:      Driver Date: 3-4-2020
[2020.09.27-21.57.04:141][  0]LogRHI: Texture pool is 2768 MB (70% of 3955 MB)
[2020.09.27-21.57.04:188][  0]LogD3D11RHI: RHI has support for 64 bit atomics
[2020.09.27-21.57.04:188][  0]LogD3D11RHI: Async texture creation enabled
[2020.09.27-21.57.04:215][  0]LogD3D11RHI: GPU Timing Frequency: 1000.000000 (Debug: 2 1)
[2020.09.27-21.57.04:464][  0]LogTargetPlatformManager: Display: Loaded TargetPlatform 'AllDesktop'
[2020.09.27-21.57.04:492][  0]LogTargetPlatformManager: Display: Loaded TargetPlatform 'Android'
[2020.09.27-21.57.04:492][  0]LogTargetPlatformManager: Display: Loaded TargetPlatform 'Android_ASTC'
[2020.09.27-21.57.04:492][  0]LogTargetPlatformManager: Display: Loaded TargetPlatform 'Android_ATC'
[2020.09.27-21.57.04:492][  0]LogTargetPlatformManager: Display: Loaded TargetPlatform 'Android_DXT'
[2020.09.27-21.57.04:492][  0]LogTargetPlatformManager: Display: Loaded TargetPlatform 'Android_ETC1'
[2020.09.27-21.57.04:492][  0]LogTargetPlatformManager: Display: Loaded TargetPlatform 'Android_ETC1a'
[2020.09.27-21.57.04:492][  0]LogTargetPlatformManager: Display: Loaded TargetPlatform 'Android_ETC2'
[2020.09.27-21.57.04:492][  0]LogTargetPlatformManager: Display: Loaded TargetPlatform 'Android_PVRTC'
[2020.09.27-21.57.04:492][  0]LogTargetPlatformManager: Display: Loaded TargetPlatform 'AndroidClient'
[2020.09.27-21.57.04:492][  0]LogTargetPlatformManager: Display: Loaded TargetPlatform 'Android_ASTCClient'
[2020.09.27-21.57.04:492][  0]LogTargetPlatformManager: Display: Loaded TargetPlatform 'Android_ATCClient'
[2020.09.27-21.57.04:492][  0]LogTargetPlatformManager: Display: Loaded TargetPlatform 'Android_DXTClient'
[2020.09.27-21.57.04:492][  0]LogTargetPlatformManager: Display: Loaded TargetPlatform 'Android_ETC1Client'
[2020.09.27-21.57.04:492][  0]LogTargetPlatformManager: Display: Loaded TargetPlatform 'Android_ETC1aClient'
[2020.09.27-21.57.04:492][  0]LogTargetPlatformManager: Display: Loaded TargetPlatform 'Android_ETC2Client'
[2020.09.27-21.57.04:492][  0]LogTargetPlatformManager: Display: Loaded TargetPlatform 'Android_PVRTCClient'
[2020.09.27-21.57.04:492][  0]LogTargetPlatformManager: Display: Loaded TargetPlatform 'Android_Multi'
[2020.09.27-21.57.04:492][  0]LogTargetPlatformManager: Display: Loaded TargetPlatform 'Android_MultiClient'
[2020.09.27-21.57.04:509][  0]LogTargetPlatformManager: Display: Loaded TargetPlatform 'IOSClient'
[2020.09.27-21.57.04:509][  0]LogTargetPlatformManager: Display: Loaded TargetPlatform 'IOS'
[2020.09.27-21.57.04:515][  0]LogTargetPlatformManager: Display: Loaded TargetPlatform 'LinuxNoEditor'
[2020.09.27-21.57.04:522][  0]LogTargetPlatformManager: Display: Loaded TargetPlatform 'LinuxClient'
[2020.09.27-21.57.04:528][  0]LogTargetPlatformManager: Display: Loaded TargetPlatform 'LinuxServer'
[2020.09.27-21.57.04:534][  0]LogTargetPlatformManager: Display: Loaded TargetPlatform 'LinuxAArch64NoEditor'
[2020.09.27-21.57.04:541][  0]LogTargetPlatformManager: Display: Loaded TargetPlatform 'LinuxAArch64Client'
[2020.09.27-21.57.04:547][  0]LogTargetPlatformManager: Display: Loaded TargetPlatform 'LinuxAArch64Server'
[2020.09.27-21.57.04:570][  0]LogTargetPlatformManager: Display: Loaded TargetPlatform 'Lumin'
[2020.09.27-21.57.04:570][  0]LogTargetPlatformManager: Display: Loaded TargetPlatform 'LuminClient'
[2020.09.27-21.57.04:582][  0]LogTargetPlatformManager: Display: Loaded TargetPlatform 'TVOSClient'
[2020.09.27-21.57.04:582][  0]LogTargetPlatformManager: Display: Loaded TargetPlatform 'TVOS'
[2020.09.27-21.57.04:588][  0]LogTargetPlatformManager: Display: Loaded TargetPlatform 'WindowsNoEditor'
[2020.09.27-21.57.04:595][  0]LogTargetPlatformManager: Display: Loaded TargetPlatform 'Windows'
[2020.09.27-21.57.04:602][  0]LogTargetPlatformManager: Display: Loaded TargetPlatform 'WindowsClient'
[2020.09.27-21.57.04:608][  0]LogTargetPlatformManager: Display: Loaded TargetPlatform 'WindowsServer'
[2020.09.27-21.57.04:608][  0]LogTargetPlatformManager: Display: Building Assets For Windows
[2020.09.27-21.57.04:611][  0]LogAudioDebug: Display: Lib vorbis DLL was dynamically loaded.
[2020.09.27-21.57.04:629][  0]LogShaderCompilers: Guid format shader working directory is -66 characters bigger than the processId version (C:/Users/Geneviève/Documents/Conception_JV_2019-2020/Bloc3/TP3_Alice_AD_GB_FL/TP3_LevelDesign_AD_GB_FL/TP3_Template/Intermediate/Shaders/WorkingDirectory/21772/).
[2020.09.27-21.57.04:629][  0]LogShaderCompilers: Cleaned the shader compiler working directory 'C:/Users/Geneviève/AppData/Local/Temp/UnrealShaderWorkingDir/811E4E9A406C35EC5C92A4A7DDBB949A/'.
[2020.09.27-21.57.04:629][  0]LogXGEController: Cannot use XGE Controller as Incredibuild is not installed on this machine.
[2020.09.27-21.57.04:629][  0]LogShaderCompilers: Cannot use XGE Shader Compiler as Incredibuild is not installed on this machine.
[2020.09.27-21.57.04:629][  0]LogShaderCompilers: Display: Using Local Shader Compiler.
[2020.09.27-21.57.05:298][  0]LogDerivedDataCache: Display: Max Cache Size: 512 MB
[2020.09.27-21.57.05:344][  0]LogDerivedDataCache: Loaded boot cache 0.05s 78MB C:/Users/Geneviève/AppData/Local/UnrealEngine/4.24/DerivedDataCache/Boot.ddc.
[2020.09.27-21.57.05:344][  0]LogDerivedDataCache: Display: Loaded Boot cache: C:/Users/Geneviève/AppData/Local/UnrealEngine/4.24/DerivedDataCache/Boot.ddc
[2020.09.27-21.57.05:345][  0]LogDerivedDataCache: FDerivedDataBackendGraph:  Pak pak cache file C:/Users/Geneviève/Documents/Conception_JV_2019-2020/Bloc3/TP3_Alice_AD_GB_FL/TP3_LevelDesign_AD_GB_FL/TP3_Template/DerivedDataCache/DDC.ddp not found, will not use a pak cache.
[2020.09.27-21.57.05:345][  0]LogDerivedDataCache: Unable to find inner node Pak for hierarchical cache Hierarchy.
[2020.09.27-21.57.05:345][  0]LogDerivedDataCache: FDerivedDataBackendGraph:  CompressedPak pak cache file C:/Users/Geneviève/Documents/Conception_JV_2019-2020/Bloc3/TP3_Alice_AD_GB_FL/TP3_LevelDesign_AD_GB_FL/TP3_Template/DerivedDataCache/Compressed.ddp not found, will not use a pak cache.
[2020.09.27-21.57.05:345][  0]LogDerivedDataCache: Unable to find inner node CompressedPak for hierarchical cache Hierarchy.
[2020.09.27-21.57.05:355][  0]LogDerivedDataCache: Display: Pak cache opened for reading ../../../Engine/DerivedDataCache/Compressed.ddp.
[2020.09.27-21.57.05:355][  0]LogDerivedDataCache: FDerivedDataBackendGraph:  EnterprisePak pak cache file ../../../Enterprise/DerivedDataCache/Compressed.ddp not found, will not use a pak cache.
[2020.09.27-21.57.05:355][  0]LogDerivedDataCache: Unable to find inner node EnterprisePak for hierarchical cache Hierarchy.
[2020.09.27-21.57.05:356][  0]LogDerivedDataCache: Using Local data cache path C:/Users/Geneviève/AppData/Local/UnrealEngine/Common/DerivedDataCache: Writable
[2020.09.27-21.57.05:356][  0]LogDerivedDataCache: Shared data cache path not found in *engine.ini, will not use an Shared cache.
[2020.09.27-21.57.05:356][  0]LogDerivedDataCache: Unable to find inner node Shared for hierarchical cache Hierarchy.
[2020.09.27-21.57.05:378][  0]LogMaterial: Verifying Global Shaders for PCD3D_SM5
[2020.09.27-21.57.05:380][  0]LogSlate: Using FreeType 2.10.0
[2020.09.27-21.57.05:381][  0]LogSlate: SlateFontServices - WITH_FREETYPE: 1, WITH_HARFBUZZ: 1
[2020.09.27-21.57.05:431][  0]LogAssetRegistry: FAssetRegistry took 0.0021 seconds to start up
[2020.09.27-21.57.05:681][  0]LogInit: Selected Device Profile: [Windows]
[2020.09.27-21.57.05:815][  0]LogMeshReduction: Using QuadricMeshReduction for automatic static mesh reduction
[2020.09.27-21.57.05:815][  0]LogMeshReduction: Using SimplygonMeshReduction for automatic skeletal mesh reduction
[2020.09.27-21.57.05:815][  0]LogMeshReduction: Using ProxyLODMeshReduction for automatic mesh merging
[2020.09.27-21.57.05:815][  0]LogMeshReduction: No distributed automatic mesh merging module available
[2020.09.27-21.57.05:815][  0]LogMeshMerging: No distributed automatic mesh merging module available
[2020.09.27-21.57.05:825][  0]LogNetVersion: TP3_Template 1.0.0, NetCL: 10570792, EngineNetVer: 13, GameNetVer: 0 (Checksum: 3268343672)
[2020.09.27-21.57.06:776][  0]LogPackageLocalizationCache: Processed 10 localized package path(s) for 1 prioritized culture(s) in 0.054952 seconds
[2020.09.27-21.57.06:784][  0]LogUObjectArray: 46750 objects as part of root set at end of initial load.
[2020.09.27-21.57.06:784][  0]LogUObjectAllocator: 8137160 out of 0 bytes used by permanent object pool.
[2020.09.27-21.57.06:784][  0]LogUObjectArray: CloseDisregardForGC: 0/0 objects in disregard for GC pool
[2020.09.27-21.57.07:152][  0]LogTcpMessaging: Initializing TcpMessaging bridge
[2020.09.27-21.57.07:155][  0]LogUdpMessaging: Initializing bridge on interface 0.0.0.0:0 to multicast group 230.0.0.1:6666.
[2020.09.27-21.57.07:201][  0]SourceControl: Source control is disabled
[2020.09.27-21.57.07:201][  0]SourceControl: Source control is disabled
[2020.09.27-21.57.07:202][  0]SourceControl: Source control is disabled
[2020.09.27-21.57.07:203][  0]SourceControl: Source control is disabled
[2020.09.27-21.57.07:203][  0]SourceControl: Source control is disabled
[2020.09.27-21.57.07:279][  0]LogAndroidPermission: UAndroidPermissionCallbackProxy::GetInstance
[2020.09.27-21.57.07:290][  0]LogAudioCaptureCore: Display: No Audio Capture implementations found. Audio input will be silent.
[2020.09.27-21.57.07:290][  0]LogAudioCaptureCore: Display: No Audio Capture implementations found. Audio input will be silent.
[2020.09.27-21.57.07:370][  0]LogOcInput: OculusInput pre-init called
[2020.09.27-21.57.07:375][  0]LogWindows: Failed to load 'OVRPlugin.dll' (GetLastError=126)
[2020.09.27-21.57.07:376][  0]LogWindows: File 'OVRPlugin.dll' does not exist
[2020.09.27-21.57.07:442][  0]LogEngine: Initializing Engine...
[2020.09.27-21.57.07:443][  0]LogHMD: Failed to initialize OpenVR with code 110
[2020.09.27-21.57.07:444][  0]LogStats: UGameplayTagsManager::InitializeManager -  0.000 s
[2020.09.27-21.57.07:739][  0]LogInit: Initializing FReadOnlyCVARCache
[2020.09.27-21.57.07:744][  0]LogAIModule: Creating AISystem for world Untitled
[2020.09.27-21.57.07:754][  0]LogAudioMixer: Display: Audio Mixer Platform Settings:
[2020.09.27-21.57.07:755][  0]LogAudioMixer: Display: 	Sample Rate:						  48000
[2020.09.27-21.57.07:755][  0]LogAudioMixer: Display: 	Callback Buffer Frame Size Requested: 1024
[2020.09.27-21.57.07:755][  0]LogAudioMixer: Display: 	Callback Buffer Frame Size To Use:	  1024
[2020.09.27-21.57.07:755][  0]LogAudioMixer: Display: 	Number of buffers to queue:			  2
[2020.09.27-21.57.07:755][  0]LogAudioMixer: Display: 	Max Channels (voices):				  32
[2020.09.27-21.57.07:755][  0]LogAudioMixer: Display: 	Number of Async Source Workers:		  0
[2020.09.27-21.57.07:755][  0]LogAudio: Display: AudioDevice MaxSources: 32
[2020.09.27-21.57.07:755][  0]LogAudio: Display: Using built-in audio occlusion.
[2020.09.27-21.57.07:755][  0]LogAudioMixer: Display: Initializing audio mixer.
[2020.09.27-21.57.07:771][  0]LogAudioMixer: Display: Audio Device Output Speaker Info:
[2020.09.27-21.57.07:771][  0]LogAudioMixer: Display: Name: Casque pour téléphone (SteelSeries Arctis 5 Chat)
[2020.09.27-21.57.07:771][  0]LogAudioMixer: Display: Is Default: Yes
[2020.09.27-21.57.07:771][  0]LogAudioMixer: Display: Sample Rate: 48000
[2020.09.27-21.57.07:771][  0]LogAudioMixer: Display: Channel Count Used: 2
[2020.09.27-21.57.07:771][  0]LogAudioMixer: Display: Device Channel Count: 2
[2020.09.27-21.57.07:771][  0]LogAudioMixer: Display: Channel Order:
[2020.09.27-21.57.07:771][  0]LogAudioMixer: Display: 0: FrontLeft
[2020.09.27-21.57.07:771][  0]LogAudioMixer: Display: 1: FrontRight
[2020.09.27-21.57.07:784][  0]LogAudioMixer: Display: Using Audio Device Casque pour téléphone (SteelSeries Arctis 5 Chat)
[2020.09.27-21.57.07:788][  0]LogInit: FAudioDevice initialized.
[2020.09.27-21.57.07:788][  0]LogNetVersion: Set ProjectVersion to 1.0.0.0. Version Checksum will be recalculated on next use.
[2020.09.27-21.57.07:916][  0]LogDerivedDataCache: Saved boot cache 0.13s 78MB C:/Users/Geneviève/AppData/Local/UnrealEngine/4.24/DerivedDataCache/Boot.ddc.
[2020.09.27-21.57.07:921][  0]LogInit: Texture streaming: Enabled
[2020.09.27-21.57.07:931][  0]LogEngineSessionManager: EngineSessionManager initialized
[2020.09.27-21.57.07:931][  0]LogEditorSessionSummary: Verbose: Initializing EditorSessionSummaryWriter for editor session tracking
[2020.09.27-21.57.07:932][  0]LogEditorSessionSummary: EditorSessionSummaryWriter initialized
[2020.09.27-21.57.07:989][  0]LogInit: Transaction tracking system initialized
[2020.09.27-21.57.07:999][  0]BlueprintLog: New page: Editor Load
[2020.09.27-21.57.08:027][  0]LocalizationService: Localization service is disabled
[2020.09.27-21.57.08:274][  0]LogFileCache: Scanning file cache for directory 'C:/Users/Geneviève/Documents/Conception_JV_2019-2020/Bloc3/TP3_Alice_AD_GB_FL/TP3_LevelDesign_AD_GB_FL/TP3_Template/Content/' took 0.01s
[2020.09.27-21.57.08:274][  0]LogCook: Display: Max memory allowance for cook 16384mb min free memory 0mb
[2020.09.27-21.57.08:274][  0]LogCook: Display: Mobile HDR setting 1
[2020.09.27-21.57.08:912][  0]SourceControl: Source control is disabled
[2020.09.27-21.57.08:912][  0]LogEditorServer: Warning: Can't find file 'C:/Users/Geneviève/Documents/Conception_JV_2019-2020/Bloc3/TP3_Alice_AD_GB_FL/TP3_LevelDesign_AD_GB_FL/TP3_Template/Content/Levels/TP3_YourName_Level01.umap'
[2020.09.27-21.57.08:912][  0]Cmd: MAP CHECKDEP NOCLEARLOG
[2020.09.27-21.57.08:913][  0]MapCheck: Map check complete: 0 Error(s), 0 Warning(s), took 0,137ms to complete.
[2020.09.27-21.57.08:913][  0]LogFileHelpers: Loading map 'TP3_YourName_Level01' took 0.000
[2020.09.27-21.57.09:087][  0]LogSlate: Updating window title bar state: overlay mode, drag disabled, window buttons hidden, title bar hidden
[2020.09.27-21.57.09:092][  0]LogSlate: Updating window title bar state: overlay mode, drag disabled, window buttons hidden, title bar hidden
[2020.09.27-21.57.09:099][  0]LogSlate: Updating window title bar state: overlay mode, drag disabled, window buttons hidden, title bar hidden
[2020.09.27-21.57.09:105][  0]LogSlate: Updating window title bar state: overlay mode, drag disabled, window buttons hidden, title bar hidden
[2020.09.27-21.57.09:113][  0]LogCollectionManager: Loaded 0 collections in 0.000794 seconds
[2020.09.27-21.57.09:124][  0]LogFileCache: Scanning file cache for directory 'C:/Users/Geneviève/Documents/Conception_JV_2019-2020/Bloc3/TP3_Alice_AD_GB_FL/TP3_LevelDesign_AD_GB_FL/TP3_Template/Saved/Collections/' took 0.00s
[2020.09.27-21.57.09:124][  0]LogFileCache: Scanning file cache for directory 'C:/Users/Geneviève/Documents/Conception_JV_2019-2020/Bloc3/TP3_Alice_AD_GB_FL/TP3_LevelDesign_AD_GB_FL/TP3_Template/Content/Developers/Geneviève/Collections/' took 0.00s
[2020.09.27-21.57.09:124][  0]LogFileCache: Scanning file cache for directory 'C:/Users/Geneviève/Documents/Conception_JV_2019-2020/Bloc3/TP3_Alice_AD_GB_FL/TP3_LevelDesign_AD_GB_FL/TP3_Template/Content/Collections/' took 0.00s
[2020.09.27-21.57.09:124][  0]LogContentBrowser: Native class hierarchy populated in 0.0077 seconds. Added 3015 classes and 717 folders.
[2020.09.27-21.57.09:125][  0]LogContentBrowser: Native class hierarchy updated for 'WidgetCarousel' in 0.0002 seconds. Added 0 classes and 0 folders.
[2020.09.27-21.57.09:520][  0]LogContentBrowser: Native class hierarchy updated for 'AddContentDialog' in 0.0002 seconds. Added 0 classes and 0 folders.
[2020.09.27-21.57.09:566][  0]LogContentBrowser: Native class hierarchy updated for 'SceneOutliner' in 0.0003 seconds. Added 2 classes and 3 folders.
[2020.09.27-21.57.09:615][  0]LogSlate: Took 0.000315 seconds to synchronously load lazily loaded font '../../../Engine/Content/Slate/Fonts/Roboto-Regular.ttf' (155K)
[2020.09.27-21.57.09:616][  0]LogSlate: Took 0.000220 seconds to synchronously load lazily loaded font '../../../Engine/Content/Slate/Fonts/Roboto-Bold.ttf' (160K)
[2020.09.27-21.57.09:625][  0]LogSlate: Took 0.004447 seconds to synchronously load lazily loaded font '../../../Engine/Content/Editor/Slate/Fonts/FontAwesome.ttf' (139K)
[2020.09.27-21.57.09:754][  0]LogRenderer: Reallocating scene render targets to support 1208x572 Format 10 NumSamples 1 (Frame:1).
[2020.09.27-21.57.09:811][  0]LogContentBrowser: Native class hierarchy updated for 'HierarchicalLODOutliner' in 0.0002 seconds. Added 0 classes and 0 folders.
[2020.09.27-21.57.09:811][  0]LogLoad: (Engine Initialization) Total time: 7.33 seconds
[2020.09.27-21.57.09:811][  0]LogLoad: (Engine Initialization) Total Blueprint compile time: 0.00 seconds
[2020.09.27-21.57.09:871][  0]LogContentStreaming: Texture pool size now 1000 MB
[2020.09.27-21.57.09:906][  0]LogSlate: Took 0.005044 seconds to synchronously load lazily loaded font '../../../Engine/Content/Slate/Fonts/Roboto-Light.ttf' (167K)
[2020.09.27-21.57.10:075][  3]LogAssetRegistry: Asset discovery search completed in 4.6457 seconds
[2020.09.27-21.57.10:078][  3]LogCollectionManager: Fixed up redirectors for 0 collections in 0.000006 seconds (updated 0 objects)
[2020.09.27-21.57.16:637][775]LogSlate: Took 0.000184 seconds to synchronously load lazily loaded font '../../../Engine/Content/Slate/Fonts/Roboto-Light.ttf' (167K)
[2020.09.27-21.57.17:174][775]LogPhysics: Warning: UBodySetup::GetCookInfo: Triangle data from '/Game/Levels/TP3_GenevieveBellemare_Level01.TP3_GenevieveBellemare_Level01:PersistentLevel.ModelComponent_731' invalid (1680 verts, 0 indices).
[2020.09.27-21.57.17:174][775]LogPhysics: Warning: Attempt to build physics data for /Game/Levels/TP3_GenevieveBellemare_Level01.TP3_GenevieveBellemare_Level01:PersistentLevel.ModelComponent_731.BodySetup_0 when we are unable to.
[2020.09.27-21.57.17:361][775]LogAIModule: Creating AISystem for world TP3_GenevieveBellemare_Level01
[2020.09.27-21.57.17:383][775]LogAssetEditorSubsystem: Opening Asset editor for World /Game/Levels/TP3_GenevieveBellemare_Level01.TP3_GenevieveBellemare_Level01
[2020.09.27-21.57.17:417][775]LogUObjectHash: Compacting FUObjectHashTables data took   2.43ms
[2020.09.27-21.57.17:419][775]LightingResults: New page: Lighting Build
[2020.09.27-21.57.17:420][775]LogContentBrowser: Native class hierarchy updated for 'StatsViewer' in 0.0002 seconds. Added 5 classes and 0 folders.
[2020.09.27-21.57.17:421][775]LoadErrors: New page: Loading map: TP3_GenevieveBellemare_Level01.umap
[2020.09.27-21.57.17:421][775]LogWorld: UWorld::CleanupWorld for Untitled, bSessionEnded=true, bCleanupResources=true
[2020.09.27-21.57.17:421][775]LogSlate: InvalidateAllWidgets triggered.  All widgets were invalidated
[2020.09.27-21.57.17:421][775]MapCheck: New page: Map Check
[2020.09.27-21.57.17:421][775]LightingResults: New page: Lighting Build
[2020.09.27-21.57.17:447][775]LogUObjectHash: Compacting FUObjectHashTables data took   1.86ms
[2020.09.27-21.57.17:472][775]LogEditorServer: Finished looking for orphan Actors (0.000 secs)
[2020.09.27-21.57.17:503][775]LogUObjectHash: Compacting FUObjectHashTables data took   1.71ms
[2020.09.27-21.57.17:531][775]Cmd: MAP CHECKDEP NOCLEARLOG
[2020.09.27-21.57.17:531][775]MapCheck: Map check complete: 0 Error(s), 0 Warning(s), took 0,137ms to complete.
[2020.09.27-21.57.17:531][775]LogFileHelpers: Loading map 'TP3_GenevieveBellemare_Level01' took 0.113
[2020.09.27-21.57.42:655][772]Cmd: EDIT COPY
[2020.09.27-21.57.43:300][848]Cmd: EDIT PASTE
[2020.09.27-21.57.43:324][848]LogPhysics: Warning: UBodySetup::GetCookInfo: Triangle data from '/Game/Levels/TP3_GenevieveBellemare_Level01.TP3_GenevieveBellemare_Level01:PersistentLevel.ModelComponent_7' invalid (1680 verts, 0 indices).
[2020.09.27-21.57.43:324][848]LogPhysics: Warning: Attempt to build physics data for /Game/Levels/TP3_GenevieveBellemare_Level01.TP3_GenevieveBellemare_Level01:PersistentLevel.ModelComponent_7.BodySetup_0 when we are unable to.
[2020.09.27-21.57.43:351][848]LogPhysics: Warning: UBodySetup::GetCookInfo: Triangle data from '/Game/Levels/TP3_GenevieveBellemare_Level01.TP3_GenevieveBellemare_Level01:PersistentLevel.ModelComponent_35' invalid (1680 verts, 0 indices).
[2020.09.27-21.57.43:351][848]LogPhysics: Warning: Attempt to build physics data for /Game/Levels/TP3_GenevieveBellemare_Level01.TP3_GenevieveBellemare_Level01:PersistentLevel.ModelComponent_35.BodySetup_0 when we are unable to.
[2020.09.27-21.57.46:236][188]LogPhysics: Warning: UBodySetup::GetCookInfo: Triangle data from '/Game/Levels/TP3_GenevieveBellemare_Level01.TP3_GenevieveBellemare_Level01:PersistentLevel.ModelComponent_63' invalid (1748 verts, 0 indices).
[2020.09.27-21.57.46:236][188]LogPhysics: Warning: Attempt to build physics data for /Game/Levels/TP3_GenevieveBellemare_Level01.TP3_GenevieveBellemare_Level01:PersistentLevel.ModelComponent_63.BodySetup_0 when we are unable to.
[2020.09.27-21.57.49:956][630]LogPhysics: Warning: UBodySetup::GetCookInfo: Triangle data from '/Game/Levels/TP3_GenevieveBellemare_Level01.TP3_GenevieveBellemare_Level01:PersistentLevel.ModelComponent_91' invalid (1748 verts, 0 indices).
[2020.09.27-21.57.49:956][630]LogPhysics: Warning: Attempt to build physics data for /Game/Levels/TP3_GenevieveBellemare_Level01.TP3_GenevieveBellemare_Level01:PersistentLevel.ModelComponent_91.BodySetup_0 when we are unable to.
[2020.09.27-21.57.53:183][ 13]LogPhysics: Warning: UBodySetup::GetCookInfo: Triangle data from '/Game/Levels/TP3_GenevieveBellemare_Level01.TP3_GenevieveBellemare_Level01:PersistentLevel.ModelComponent_119' invalid (1748 verts, 0 indices).
[2020.09.27-21.57.53:183][ 13]LogPhysics: Warning: Attempt to build physics data for /Game/Levels/TP3_GenevieveBellemare_Level01.TP3_GenevieveBellemare_Level01:PersistentLevel.ModelComponent_119.BodySetup_0 when we are unable to.
[2020.09.27-21.57.58:349][628]LogPhysics: Warning: UBodySetup::GetCookInfo: Triangle data from '/Game/Levels/TP3_GenevieveBellemare_Level01.TP3_GenevieveBellemare_Level01:PersistentLevel.ModelComponent_147' invalid (1748 verts, 0 indices).
[2020.09.27-21.57.58:349][628]LogPhysics: Warning: Attempt to build physics data for /Game/Levels/TP3_GenevieveBellemare_Level01.TP3_GenevieveBellemare_Level01:PersistentLevel.ModelComponent_147.BodySetup_0 when we are unable to.
[2020.09.27-21.58.10:245][ 49]LogPhysics: Warning: UBodySetup::GetCookInfo: Triangle data from '/Game/Levels/TP3_GenevieveBellemare_Level01.TP3_GenevieveBellemare_Level01:PersistentLevel.ModelComponent_175' invalid (1748 verts, 0 indices).
[2020.09.27-21.58.10:245][ 49]LogPhysics: Warning: Attempt to build physics data for /Game/Levels/TP3_GenevieveBellemare_Level01.TP3_GenevieveBellemare_Level01:PersistentLevel.ModelComponent_175.BodySetup_0 when we are unable to.
[2020.09.27-21.58.19:959][211]Cmd: EDIT COPY
[2020.09.27-21.58.20:617][289]Cmd: EDIT PASTE
[2020.09.27-21.58.20:629][289]LogPhysics: Warning: UBodySetup::GetCookInfo: Triangle data from '/Game/Levels/TP3_GenevieveBellemare_Level01.TP3_GenevieveBellemare_Level01:PersistentLevel.ModelComponent_203' invalid (1748 verts, 0 indices).
[2020.09.27-21.58.20:630][289]LogPhysics: Warning: Attempt to build physics data for /Game/Levels/TP3_GenevieveBellemare_Level01.TP3_GenevieveBellemare_Level01:PersistentLevel.ModelComponent_203.BodySetup_0 when we are unable to.
[2020.09.27-21.58.20:652][289]LogPhysics: Warning: UBodySetup::GetCookInfo: Triangle data from '/Game/Levels/TP3_GenevieveBellemare_Level01.TP3_GenevieveBellemare_Level01:PersistentLevel.ModelComponent_231' invalid (1748 verts, 0 indices).
[2020.09.27-21.58.20:652][289]LogPhysics: Warning: Attempt to build physics data for /Game/Levels/TP3_GenevieveBellemare_Level01.TP3_GenevieveBellemare_Level01:PersistentLevel.ModelComponent_231.BodySetup_0 when we are unable to.
[2020.09.27-21.58.23:341][607]LogPhysics: Warning: UBodySetup::GetCookInfo: Triangle data from '/Game/Levels/TP3_GenevieveBellemare_Level01.TP3_GenevieveBellemare_Level01:PersistentLevel.ModelComponent_259' invalid (1816 verts, 0 indices).
[2020.09.27-21.58.23:341][607]LogPhysics: Warning: Attempt to build physics data for /Game/Levels/TP3_GenevieveBellemare_Level01.TP3_GenevieveBellemare_Level01:PersistentLevel.ModelComponent_259.BodySetup_0 when we are unable to.
[2020.09.27-21.58.26:099][934]LogPhysics: Warning: UBodySetup::GetCookInfo: Triangle data from '/Game/Levels/TP3_GenevieveBellemare_Level01.TP3_GenevieveBellemare_Level01:PersistentLevel.ModelComponent_287' invalid (1836 verts, 0 indices).
[2020.09.27-21.58.26:099][934]LogPhysics: Warning: Attempt to build physics data for /Game/Levels/TP3_GenevieveBellemare_Level01.TP3_GenevieveBellemare_Level01:PersistentLevel.ModelComponent_287.BodySetup_0 when we are unable to.
[2020.09.27-21.58.32:980][755]LogPhysics: Warning: UBodySetup::GetCookInfo: Triangle data from '/Game/Levels/TP3_GenevieveBellemare_Level01.TP3_GenevieveBellemare_Level01:PersistentLevel.ModelComponent_315' invalid (1840 verts, 0 indices).
[2020.09.27-21.58.32:980][755]LogPhysics: Warning: Attempt to build physics data for /Game/Levels/TP3_GenevieveBellemare_Level01.TP3_GenevieveBellemare_Level01:PersistentLevel.ModelComponent_315.BodySetup_0 when we are unable to.
[2020.09.27-21.58.36:810][210]LogPhysics: Warning: UBodySetup::GetCookInfo: Triangle data from '/Game/Levels/TP3_GenevieveBellemare_Level01.TP3_GenevieveBellemare_Level01:PersistentLevel.ModelComponent_343' invalid (1840 verts, 0 indices).
[2020.09.27-21.58.36:810][210]LogPhysics: Warning: Attempt to build physics data for /Game/Levels/TP3_GenevieveBellemare_Level01.TP3_GenevieveBellemare_Level01:PersistentLevel.ModelComponent_343.BodySetup_0 when we are unable to.
[2020.09.27-21.58.56:161][525]LogPhysics: Warning: UBodySetup::GetCookInfo: Triangle data from '/Game/Levels/TP3_GenevieveBellemare_Level01.TP3_GenevieveBellemare_Level01:PersistentLevel.ModelComponent_371' invalid (1840 verts, 0 indices).
[2020.09.27-21.58.56:161][525]LogPhysics: Warning: Attempt to build physics data for /Game/Levels/TP3_GenevieveBellemare_Level01.TP3_GenevieveBellemare_Level01:PersistentLevel.ModelComponent_371.BodySetup_0 when we are unable to.
[2020.09.27-22.00.13:121][670]LogEditorViewport: Clicking on Actor (LMB): SpikeWallFace_C (SpikeWallFace4)
[2020.09.27-22.00.17:341][171]Cmd: EDIT COPY
[2020.09.27-22.00.17:957][244]Cmd: EDIT PASTE
[2020.09.27-22.00.17:975][244]LogPhysics: Warning: UBodySetup::GetCookInfo: Triangle data from '/Game/Levels/TP3_GenevieveBellemare_Level01.TP3_GenevieveBellemare_Level01:PersistentLevel.ModelComponent_399' invalid (1840 verts, 0 indices).
[2020.09.27-22.00.17:975][244]LogPhysics: Warning: Attempt to build physics data for /Game/Levels/TP3_GenevieveBellemare_Level01.TP3_GenevieveBellemare_Level01:PersistentLevel.ModelComponent_399.BodySetup_0 when we are unable to.
[2020.09.27-22.00.17:999][244]LogPhysics: Warning: UBodySetup::GetCookInfo: Triangle data from '/Game/Levels/TP3_GenevieveBellemare_Level01.TP3_GenevieveBellemare_Level01:PersistentLevel.ModelComponent_427' invalid (1840 verts, 0 indices).
[2020.09.27-22.00.17:999][244]LogPhysics: Warning: Attempt to build physics data for /Game/Levels/TP3_GenevieveBellemare_Level01.TP3_GenevieveBellemare_Level01:PersistentLevel.ModelComponent_427.BodySetup_0 when we are unable to.
[2020.09.27-22.00.20:922][590]LogPhysics: Warning: UBodySetup::GetCookInfo: Triangle data from '/Game/Levels/TP3_GenevieveBellemare_Level01.TP3_GenevieveBellemare_Level01:PersistentLevel.ModelComponent_455' invalid (1928 verts, 0 indices).
[2020.09.27-22.00.20:922][590]LogPhysics: Warning: Attempt to build physics data for /Game/Levels/TP3_GenevieveBellemare_Level01.TP3_GenevieveBellemare_Level01:PersistentLevel.ModelComponent_455.BodySetup_0 when we are unable to.
[2020.09.27-22.00.24:660][ 34]LogPhysics: Warning: UBodySetup::GetCookInfo: Triangle data from '/Game/Levels/TP3_GenevieveBellemare_Level01.TP3_GenevieveBellemare_Level01:PersistentLevel.ModelComponent_483' invalid (1960 verts, 0 indices).
[2020.09.27-22.00.24:660][ 34]LogPhysics: Warning: Attempt to build physics data for /Game/Levels/TP3_GenevieveBellemare_Level01.TP3_GenevieveBellemare_Level01:PersistentLevel.ModelComponent_483.BodySetup_0 when we are unable to.
[2020.09.27-22.00.27:690][393]LogPhysics: Warning: UBodySetup::GetCookInfo: Triangle data from '/Game/Levels/TP3_GenevieveBellemare_Level01.TP3_GenevieveBellemare_Level01:PersistentLevel.ModelComponent_511' invalid (1948 verts, 0 indices).
[2020.09.27-22.00.27:690][393]LogPhysics: Warning: Attempt to build physics data for /Game/Levels/TP3_GenevieveBellemare_Level01.TP3_GenevieveBellemare_Level01:PersistentLevel.ModelComponent_511.BodySetup_0 when we are unable to.
[2020.09.27-22.00.34:387][192]LogPhysics: Warning: UBodySetup::GetCookInfo: Triangle data from '/Game/Levels/TP3_GenevieveBellemare_Level01.TP3_GenevieveBellemare_Level01:PersistentLevel.ModelComponent_539' invalid (1924 verts, 0 indices).
[2020.09.27-22.00.34:387][192]LogPhysics: Warning: Attempt to build physics data for /Game/Levels/TP3_GenevieveBellemare_Level01.TP3_GenevieveBellemare_Level01:PersistentLevel.ModelComponent_539.BodySetup_0 when we are unable to.
[2020.09.27-22.00.35:524][325]LogEditorViewport: Clicking on Actor (LMB): SpikeWallFace_C (SpikeWallFace4)
[2020.09.27-22.00.38:015][621]Cmd: EDIT COPY
[2020.09.27-22.00.38:650][696]Cmd: EDIT PASTE
[2020.09.27-22.00.59:313][164]LogEditorViewport: Clicking on Actor (LMB): MovingWallFace1_C (MovingWallFace2)
[2020.09.27-22.01.06:652][ 35]LogPhysics: Warning: UBodySetup::GetCookInfo: Triangle data from '/Game/Levels/TP3_GenevieveBellemare_Level01.TP3_GenevieveBellemare_Level01:PersistentLevel.ModelComponent_567' invalid (1924 verts, 0 indices).
[2020.09.27-22.01.06:652][ 35]LogPhysics: Warning: Attempt to build physics data for /Game/Levels/TP3_GenevieveBellemare_Level01.TP3_GenevieveBellemare_Level01:PersistentLevel.ModelComponent_567.BodySetup_0 when we are unable to.
[2020.09.27-22.01.10:360][475]LogPhysics: Warning: UBodySetup::GetCookInfo: Triangle data from '/Game/Levels/TP3_GenevieveBellemare_Level01.TP3_GenevieveBellemare_Level01:PersistentLevel.ModelComponent_595' invalid (1924 verts, 0 indices).
[2020.09.27-22.01.10:360][475]LogPhysics: Warning: Attempt to build physics data for /Game/Levels/TP3_GenevieveBellemare_Level01.TP3_GenevieveBellemare_Level01:PersistentLevel.ModelComponent_595.BodySetup_0 when we are unable to.
[2020.09.27-22.01.21:051][753]Cmd: EDIT COPY
[2020.09.27-22.01.21:453][800]Cmd: EDIT PASTE
[2020.09.27-22.01.21:467][800]LogPhysics: Warning: UBodySetup::GetCookInfo: Triangle data from '/Game/Levels/TP3_GenevieveBellemare_Level01.TP3_GenevieveBellemare_Level01:PersistentLevel.ModelComponent_623' invalid (1924 verts, 0 indices).
[2020.09.27-22.01.21:467][800]LogPhysics: Warning: Attempt to build physics data for /Game/Levels/TP3_GenevieveBellemare_Level01.TP3_GenevieveBellemare_Level01:PersistentLevel.ModelComponent_623.BodySetup_0 when we are unable to.
[2020.09.27-22.01.21:490][800]LogPhysics: Warning: UBodySetup::GetCookInfo: Triangle data from '/Game/Levels/TP3_GenevieveBellemare_Level01.TP3_GenevieveBellemare_Level01:PersistentLevel.ModelComponent_651' invalid (1924 verts, 0 indices).
[2020.09.27-22.01.21:491][800]LogPhysics: Warning: Attempt to build physics data for /Game/Levels/TP3_GenevieveBellemare_Level01.TP3_GenevieveBellemare_Level01:PersistentLevel.ModelComponent_651.BodySetup_0 when we are unable to.
[2020.09.27-22.01.24:583][166]LogPhysics: Warning: UBodySetup::GetCookInfo: Triangle data from '/Game/Levels/TP3_GenevieveBellemare_Level01.TP3_GenevieveBellemare_Level01:PersistentLevel.ModelComponent_679' invalid (1956 verts, 0 indices).
[2020.09.27-22.01.24:583][166]LogPhysics: Warning: Attempt to build physics data for /Game/Levels/TP3_GenevieveBellemare_Level01.TP3_GenevieveBellemare_Level01:PersistentLevel.ModelComponent_679.BodySetup_0 when we are unable to.
[2020.09.27-22.01.30:379][857]LogPhysics: Warning: UBodySetup::GetCookInfo: Triangle data from '/Game/Levels/TP3_GenevieveBellemare_Level01.TP3_GenevieveBellemare_Level01:PersistentLevel.ModelComponent_707' invalid (1976 verts, 0 indices).
[2020.09.27-22.01.30:379][857]LogPhysics: Warning: Attempt to build physics data for /Game/Levels/TP3_GenevieveBellemare_Level01.TP3_GenevieveBellemare_Level01:PersistentLevel.ModelComponent_707.BodySetup_0 when we are unable to.
[2020.09.27-22.01.42:330][283]Cmd: EDIT COPY
[2020.09.27-22.01.43:006][363]Cmd: EDIT PASTE
[2020.09.27-22.01.43:024][363]LogPhysics: Warning: UBodySetup::GetCookInfo: Triangle data from '/Game/Levels/TP3_GenevieveBellemare_Level01.TP3_GenevieveBellemare_Level01:PersistentLevel.ModelComponent_763' invalid (1976 verts, 0 indices).
[2020.09.27-22.01.43:024][363]LogPhysics: Warning: Attempt to build physics data for /Game/Levels/TP3_GenevieveBellemare_Level01.TP3_GenevieveBellemare_Level01:PersistentLevel.ModelComponent_763.BodySetup_0 when we are unable to.
[2020.09.27-22.01.43:048][363]LogPhysics: Warning: UBodySetup::GetCookInfo: Triangle data from '/Game/Levels/TP3_GenevieveBellemare_Level01.TP3_GenevieveBellemare_Level01:PersistentLevel.ModelComponent_791' invalid (1976 verts, 0 indices).
[2020.09.27-22.01.43:048][363]LogPhysics: Warning: Attempt to build physics data for /Game/Levels/TP3_GenevieveBellemare_Level01.TP3_GenevieveBellemare_Level01:PersistentLevel.ModelComponent_791.BodySetup_0 when we are unable to.
[2020.09.27-22.01.46:140][729]LogPhysics: Warning: UBodySetup::GetCookInfo: Triangle data from '/Game/Levels/TP3_GenevieveBellemare_Level01.TP3_GenevieveBellemare_Level01:PersistentLevel.ModelComponent_819' invalid (2096 verts, 0 indices).
[2020.09.27-22.01.46:140][729]LogPhysics: Warning: Attempt to build physics data for /Game/Levels/TP3_GenevieveBellemare_Level01.TP3_GenevieveBellemare_Level01:PersistentLevel.ModelComponent_819.BodySetup_0 when we are unable to.
[2020.09.27-22.01.49:806][164]LogPhysics: Warning: UBodySetup::GetCookInfo: Triangle data from '/Game/Levels/TP3_GenevieveBellemare_Level01.TP3_GenevieveBellemare_Level01:PersistentLevel.ModelComponent_847' invalid (2128 verts, 0 indices).
[2020.09.27-22.01.49:806][164]LogPhysics: Warning: Attempt to build physics data for /Game/Levels/TP3_GenevieveBellemare_Level01.TP3_GenevieveBellemare_Level01:PersistentLevel.ModelComponent_847.BodySetup_0 when we are unable to.
[2020.09.27-22.01.55:993][899]LogPhysics: Warning: UBodySetup::GetCookInfo: Triangle data from '/Game/Levels/TP3_GenevieveBellemare_Level01.TP3_GenevieveBellemare_Level01:PersistentLevel.ModelComponent_875' invalid (2064 verts, 0 indices).
[2020.09.27-22.01.55:993][899]LogPhysics: Warning: Attempt to build physics data for /Game/Levels/TP3_GenevieveBellemare_Level01.TP3_GenevieveBellemare_Level01:PersistentLevel.ModelComponent_875.BodySetup_0 when we are unable to.
[2020.09.27-22.02.01:888][601]LogPhysics: Warning: UBodySetup::GetCookInfo: Triangle data from '/Game/Levels/TP3_GenevieveBellemare_Level01.TP3_GenevieveBellemare_Level01:PersistentLevel.ModelComponent_903' invalid (2064 verts, 0 indices).
[2020.09.27-22.02.01:888][601]LogPhysics: Warning: Attempt to build physics data for /Game/Levels/TP3_GenevieveBellemare_Level01.TP3_GenevieveBellemare_Level01:PersistentLevel.ModelComponent_903.BodySetup_0 when we are unable to.
[2020.09.27-22.02.09:793][543]LogPhysics: Warning: UBodySetup::GetCookInfo: Triangle data from '/Game/Levels/TP3_GenevieveBellemare_Level01.TP3_GenevieveBellemare_Level01:PersistentLevel.ModelComponent_931' invalid (2064 verts, 0 indices).
[2020.09.27-22.02.09:793][543]LogPhysics: Warning: Attempt to build physics data for /Game/Levels/TP3_GenevieveBellemare_Level01.TP3_GenevieveBellemare_Level01:PersistentLevel.ModelComponent_931.BodySetup_0 when we are unable to.
[2020.09.27-22.02.13:121][939]LogPhysics: Warning: UBodySetup::GetCookInfo: Triangle data from '/Game/Levels/TP3_GenevieveBellemare_Level01.TP3_GenevieveBellemare_Level01:PersistentLevel.ModelComponent_959' invalid (2064 verts, 0 indices).
[2020.09.27-22.02.13:121][939]LogPhysics: Warning: Attempt to build physics data for /Game/Levels/TP3_GenevieveBellemare_Level01.TP3_GenevieveBellemare_Level01:PersistentLevel.ModelComponent_959.BodySetup_0 when we are unable to.
[2020.09.27-22.02.16:970][396]LogPhysics: Warning: UBodySetup::GetCookInfo: Triangle data from '/Game/Levels/TP3_GenevieveBellemare_Level01.TP3_GenevieveBellemare_Level01:PersistentLevel.ModelComponent_987' invalid (2032 verts, 0 indices).
[2020.09.27-22.02.16:971][396]LogPhysics: Warning: Attempt to build physics data for /Game/Levels/TP3_GenevieveBellemare_Level01.TP3_GenevieveBellemare_Level01:PersistentLevel.ModelComponent_987.BodySetup_0 when we are unable to.
[2020.09.27-22.02.58:676][379]LogPhysics: Warning: UBodySetup::GetCookInfo: Triangle data from '/Game/Levels/TP3_GenevieveBellemare_Level01.TP3_GenevieveBellemare_Level01:PersistentLevel.ModelComponent_1015' invalid (2032 verts, 0 indices).
[2020.09.27-22.02.58:677][379]LogPhysics: Warning: Attempt to build physics data for /Game/Levels/TP3_GenevieveBellemare_Level01.TP3_GenevieveBellemare_Level01:PersistentLevel.ModelComponent_1015.BodySetup_0 when we are unable to.
[2020.09.27-22.03.00:865][634]LogEditorViewport: Clicking on Actor (CTRL LMB): SpikeWallFace_C (SpikeWallFace4)
[2020.09.27-22.03.02:445][817]LogEditorViewport: Clicking on Actor (CTRL LMB): SpikeWallFace_C (SpikeWallFace5)
[2020.09.27-22.03.05:623][192]Cmd: EDIT COPY
[2020.09.27-22.03.06:442][289]Cmd: EDIT PASTE
[2020.09.27-22.03.06:473][289]LogPhysics: Warning: UBodySetup::GetCookInfo: Triangle data from '/Game/Levels/TP3_GenevieveBellemare_Level01.TP3_GenevieveBellemare_Level01:PersistentLevel.ModelComponent_1043' invalid (2056 verts, 0 indices).
[2020.09.27-22.03.06:474][289]LogPhysics: Warning: Attempt to build physics data for /Game/Levels/TP3_GenevieveBellemare_Level01.TP3_GenevieveBellemare_Level01:PersistentLevel.ModelComponent_1043.BodySetup_0 when we are unable to.
[2020.09.27-22.03.06:500][289]LogPhysics: Warning: UBodySetup::GetCookInfo: Triangle data from '/Game/Levels/TP3_GenevieveBellemare_Level01.TP3_GenevieveBellemare_Level01:PersistentLevel.ModelComponent_1071' invalid (2056 verts, 0 indices).
[2020.09.27-22.03.06:500][289]LogPhysics: Warning: Attempt to build physics data for /Game/Levels/TP3_GenevieveBellemare_Level01.TP3_GenevieveBellemare_Level01:PersistentLevel.ModelComponent_1071.BodySetup_0 when we are unable to.
[2020.09.27-22.03.09:733][667]LogPhysics: Warning: UBodySetup::GetCookInfo: Triangle data from '/Game/Levels/TP3_GenevieveBellemare_Level01.TP3_GenevieveBellemare_Level01:PersistentLevel.ModelComponent_1099' invalid (2436 verts, 0 indices).
[2020.09.27-22.03.09:734][667]LogPhysics: Warning: Attempt to build physics data for /Game/Levels/TP3_GenevieveBellemare_Level01.TP3_GenevieveBellemare_Level01:PersistentLevel.ModelComponent_1099.BodySetup_0 when we are unable to.
[2020.09.27-22.03.16:721][495]LogPhysics: Warning: UBodySetup::GetCookInfo: Triangle data from '/Game/Levels/TP3_GenevieveBellemare_Level01.TP3_GenevieveBellemare_Level01:PersistentLevel.ModelComponent_1127' invalid (2440 verts, 0 indices).
[2020.09.27-22.03.16:721][495]LogPhysics: Warning: Attempt to build physics data for /Game/Levels/TP3_GenevieveBellemare_Level01.TP3_GenevieveBellemare_Level01:PersistentLevel.ModelComponent_1127.BodySetup_0 when we are unable to.
[2020.09.27-22.03.23:652][318]LogPhysics: Warning: UBodySetup::GetCookInfo: Triangle data from '/Game/Levels/TP3_GenevieveBellemare_Level01.TP3_GenevieveBellemare_Level01:PersistentLevel.ModelComponent_1155' invalid (2500 verts, 0 indices).
[2020.09.27-22.03.23:652][318]LogPhysics: Warning: Attempt to build physics data for /Game/Levels/TP3_GenevieveBellemare_Level01.TP3_GenevieveBellemare_Level01:PersistentLevel.ModelComponent_1155.BodySetup_0 when we are unable to.
[2020.09.27-22.03.34:643][629]LogPhysics: Warning: UBodySetup::GetCookInfo: Triangle data from '/Game/Levels/TP3_GenevieveBellemare_Level01.TP3_GenevieveBellemare_Level01:PersistentLevel.ModelComponent_1183' invalid (2492 verts, 0 indices).
[2020.09.27-22.03.34:643][629]LogPhysics: Warning: Attempt to build physics data for /Game/Levels/TP3_GenevieveBellemare_Level01.TP3_GenevieveBellemare_Level01:PersistentLevel.ModelComponent_1183.BodySetup_0 when we are unable to.
[2020.09.27-22.03.38:460][ 77]LogPhysics: Warning: UBodySetup::GetCookInfo: Triangle data from '/Game/Levels/TP3_GenevieveBellemare_Level01.TP3_GenevieveBellemare_Level01:PersistentLevel.ModelComponent_1211' invalid (2432 verts, 0 indices).
[2020.09.27-22.03.38:460][ 77]LogPhysics: Warning: Attempt to build physics data for /Game/Levels/TP3_GenevieveBellemare_Level01.TP3_GenevieveBellemare_Level01:PersistentLevel.ModelComponent_1211.BodySetup_0 when we are unable to.
[2020.09.27-22.03.48:672][294]Cmd: EDIT COPY
[2020.09.27-22.03.49:357][375]Cmd: EDIT PASTE
[2020.09.27-22.03.49:379][375]LogPhysics: Warning: UBodySetup::GetCookInfo: Triangle data from '/Game/Levels/TP3_GenevieveBellemare_Level01.TP3_GenevieveBellemare_Level01:PersistentLevel.ModelComponent_1239' invalid (2444 verts, 0 indices).
[2020.09.27-22.03.49:379][375]LogPhysics: Warning: Attempt to build physics data for /Game/Levels/TP3_GenevieveBellemare_Level01.TP3_GenevieveBellemare_Level01:PersistentLevel.ModelComponent_1239.BodySetup_0 when we are unable to.
[2020.09.27-22.03.49:406][375]LogPhysics: Warning: UBodySetup::GetCookInfo: Triangle data from '/Game/Levels/TP3_GenevieveBellemare_Level01.TP3_GenevieveBellemare_Level01:PersistentLevel.ModelComponent_1267' invalid (2444 verts, 0 indices).
[2020.09.27-22.03.49:406][375]LogPhysics: Warning: Attempt to build physics data for /Game/Levels/TP3_GenevieveBellemare_Level01.TP3_GenevieveBellemare_Level01:PersistentLevel.ModelComponent_1267.BodySetup_0 when we are unable to.
[2020.09.27-22.03.53:800][897]LogPhysics: Warning: UBodySetup::GetCookInfo: Triangle data from '/Game/Levels/TP3_GenevieveBellemare_Level01.TP3_GenevieveBellemare_Level01:PersistentLevel.ModelComponent_1295' invalid (2512 verts, 0 indices).
[2020.09.27-22.03.53:800][897]LogPhysics: Warning: Attempt to build physics data for /Game/Levels/TP3_GenevieveBellemare_Level01.TP3_GenevieveBellemare_Level01:PersistentLevel.ModelComponent_1295.BodySetup_0 when we are unable to.
[2020.09.27-22.03.55:926][148]LogEditorViewport: Clicking on Actor (LMB): SwitchToLevel02_C (SwitchToLevel02)
[2020.09.27-22.04.03:234][ 15]LogPhysics: Warning: UBodySetup::GetCookInfo: Triangle data from '/Game/Levels/TP3_GenevieveBellemare_Level01.TP3_GenevieveBellemare_Level01:PersistentLevel.ModelComponent_1327' invalid (2512 verts, 0 indices).
[2020.09.27-22.04.03:234][ 15]LogPhysics: Warning: Attempt to build physics data for /Game/Levels/TP3_GenevieveBellemare_Level01.TP3_GenevieveBellemare_Level01:PersistentLevel.ModelComponent_1327.BodySetup_0 when we are unable to.
[2020.09.27-22.04.07:074][472]LogEditorViewport: Clicking on Actor (LMB): SpikeWallFace_C (SpikeWallFace7)
[2020.09.27-22.04.09:849][802]Cmd: EDIT COPY
[2020.09.27-22.04.10:544][884]Cmd: EDIT PASTE
[2020.09.27-22.04.56:188][337]Cmd: EDIT COPY
[2020.09.27-22.04.56:863][417]Cmd: EDIT PASTE
[2020.09.27-22.05.07:195][646]LogPhysics: Warning: UBodySetup::GetCookInfo: Triangle data from '/Game/Levels/TP3_GenevieveBellemare_Level01.TP3_GenevieveBellemare_Level01:PersistentLevel.ModelComponent_1359' invalid (2608 verts, 0 indices).
[2020.09.27-22.05.07:195][646]LogPhysics: Warning: Attempt to build physics data for /Game/Levels/TP3_GenevieveBellemare_Level01.TP3_GenevieveBellemare_Level01:PersistentLevel.ModelComponent_1359.BodySetup_0 when we are unable to.
[2020.09.27-22.05.11:327][136]LogPhysics: Warning: UBodySetup::GetCookInfo: Triangle data from '/Game/Levels/TP3_GenevieveBellemare_Level01.TP3_GenevieveBellemare_Level01:PersistentLevel.ModelComponent_1391' invalid (2512 verts, 0 indices).
[2020.09.27-22.05.11:327][136]LogPhysics: Warning: Attempt to build physics data for /Game/Levels/TP3_GenevieveBellemare_Level01.TP3_GenevieveBellemare_Level01:PersistentLevel.ModelComponent_1391.BodySetup_0 when we are unable to.
[2020.09.27-22.05.24:797][744]LogEditorViewport: Clicking on Actor (LMB): SpikeWallFace_C (SpikeWallFace9)
[2020.09.27-22.05.32:462][659]LogEditorViewport: Clicking on Actor (LMB): BP_Sky_Sphere_C (Sky Sphere)
[2020.09.27-22.05.35:496][ 20]LogEditorViewport: Clicking on Actor (LMB): SpikeWallFace_C (SpikeWallFace8)
[2020.09.27-22.05.47:222][421]LogEditorViewport: Clicking on Actor (LMB): BP_Sky_Sphere_C (Sky Sphere)
[2020.09.27-22.06.05:054][554]LogEditorViewport: Clicking on Actor (LMB): SpikeWallFace_C (SpikeWallFace9)
[2020.09.27-22.06.09:194][ 48]Cmd: EDIT COPY
[2020.09.27-22.06.10:013][145]Cmd: EDIT PASTE
[2020.09.27-22.06.23:045][701]LogEditorViewport: Clicking on Actor (LMB): BP_Sky_Sphere_C (Sky Sphere)
[2020.09.27-22.06.34:555][ 77]LogEditorViewport: Clicking on Actor (LMB): MovingWallFace1_C (MovingWallFace3)
[2020.09.27-22.06.47:416][610]LogEditorViewport: Clicking on Actor (LMB): BP_Sky_Sphere_C (Sky Sphere)
[2020.09.27-22.06.59:911][102]LogEditorViewport: Clicking on Actor (LMB): SpikeWallFace_C (SpikeWallFace4)
[2020.09.27-22.07.06:822][912]LogUObjectHash: Compacting FUObjectHashTables data took   2.20ms
[2020.09.27-22.07.06:948][912]LogSavePackage: Moving 'C:/Users/Geneviève/Documents/Conception_JV_2019-2020/Bloc3/TP3_Alice_AD_GB_FL/TP3_LevelDesign_AD_GB_FL/TP3_Template/Saved/TP3_GenevieveBellemare_Level0112CA9EB9498D94EEA08D01B929B33B93.tmp' to 'C:/Users/Geneviève/Documents/Conception_JV_2019-2020/Bloc3/TP3_Alice_AD_GB_FL/TP3_LevelDesign_AD_GB_FL/TP3_Template/Content/Levels/TP3_GenevieveBellemare_Level01.umap'
[2020.09.27-22.07.07:032][912]LogSavePackage: Moving 'C:/Users/Geneviève/Documents/Conception_JV_2019-2020/Bloc3/TP3_Alice_AD_GB_FL/TP3_LevelDesign_AD_GB_FL/TP3_Template/Saved/TP3_GenevieveBellemare_Level01_B880C9DA84BB31D2950B2868D83AAD15B.tmp' to 'C:/Users/Geneviève/Documents/Conception_JV_2019-2020/Bloc3/TP3_Alice_AD_GB_FL/TP3_LevelDesign_AD_GB_FL/TP3_Template/Content/Levels/TP3_GenevieveBellemare_Level01_BuiltData.uasset'
[2020.09.27-22.07.07:046][912]AssetCheck: New page: Asset Save: multiple assets
[2020.09.27-22.07.07:046][912]LogContentValidation: Display: Validating World /Game/Levels/TP3_GenevieveBellemare_Level01.TP3_GenevieveBellemare_Level01
[2020.09.27-22.07.07:046][912]LogContentValidation: Display: Validating MapBuildDataRegistry /Game/Levels/TP3_GenevieveBellemare_Level01_BuiltData.TP3_GenevieveBellemare_Level01_BuiltData
[2020.09.27-22.07.19:995][456]LogUObjectHash: Compacting FUObjectHashTables data took   1.80ms
[2020.09.27-22.07.20:084][456]LogSavePackage: Moving 'C:/Users/Geneviève/Documents/Conception_JV_2019-2020/Bloc3/TP3_Alice_AD_GB_FL/TP3_LevelDesign_AD_GB_FL/TP3_Template/Saved/TP3_GenevieveBellemare_Level01D748828F4C6CBCF88FCB1E96A2A3D6AC.tmp' to 'C:/Users/Geneviève/Documents/Conception_JV_2019-2020/Bloc3/TP3_Alice_AD_GB_FL/TP3_LevelDesign_AD_GB_FL/TP3_Template/Content/Levels/TP3_GenevieveBellemare_Level01.umap'
[2020.09.27-22.07.20:138][456]LogSavePackage: Moving 'C:/Users/Geneviève/Documents/Conception_JV_2019-2020/Bloc3/TP3_Alice_AD_GB_FL/TP3_LevelDesign_AD_GB_FL/TP3_Template/Saved/TP3_GenevieveBellemare_Level01_BF78B658F424C1EA89E68D991D833208E.tmp' to 'C:/Users/Geneviève/Documents/Conception_JV_2019-2020/Bloc3/TP3_Alice_AD_GB_FL/TP3_LevelDesign_AD_GB_FL/TP3_Template/Content/Levels/TP3_GenevieveBellemare_Level01_BuiltData.uasset'
[2020.09.27-22.07.20:150][456]AssetCheck: New page: Asset Save: multiple assets
[2020.09.27-22.07.20:151][456]LogContentValidation: Display: Validating World /Game/Levels/TP3_GenevieveBellemare_Level01.TP3_GenevieveBellemare_Level01
[2020.09.27-22.07.20:151][456]LogContentValidation: Display: Validating MapBuildDataRegistry /Game/Levels/TP3_GenevieveBellemare_Level01_BuiltData.TP3_GenevieveBellemare_Level01_BuiltData
