Log file open, 10/02/20 13:09:08
LogWindows: Failed to load 'aqProf.dll' (GetLastError=126)
LogWindows: File 'aqProf.dll' does not exist
LogWindows: Failed to load 'VtuneApi.dll' (GetLastError=126)
LogWindows: File 'VtuneApi.dll' does not exist
LogWindows: Failed to load 'VtuneApi32e.dll' (GetLastError=126)
LogWindows: File 'VtuneApi32e.dll' does not exist
LogConsoleResponse: Display: Failed to find resolution value strings in scalability ini. Falling back to default.
LogInit: Display: Running engine for game: TP3GreyblocksEquipe7
LogPlatformFile: Not using cached read wrapper
LogTaskGraph: Started task graph with 5 named threads and 35 total threads with 3 sets of task threads.
LogStats: Stats thread started at 0.068647
LogD3D11RHI: Loaded GFSDK_Aftermath_Lib.x64.dll
LogICUInternationalization: ICU TimeZone Detection - Raw Offset: -5:00, Platform Override: ''
LogPluginManager: Mounting plugin Paper2D
LogPluginManager: Mounting plugin AISupport
LogPluginManager: Mounting plugin LightPropagationVolume
LogPluginManager: Mounting plugin ActorLayerUtilities
LogPluginManager: Mounting plugin AnimationSharing
LogPluginManager: Mounting plugin CLionSourceCodeAccess
LogPluginManager: Mounting plugin CodeLiteSourceCodeAccess
LogPluginManager: Mounting plugin GitSourceControl
LogPluginManager: Mounting plugin KDevelopSourceCodeAccess
LogPluginManager: Mounting plugin NullSourceCodeAccess
LogPluginManager: Mounting plugin PerforceSourceControl
LogPluginManager: Mounting plugin PlasticSourceControl
LogPluginManager: Mounting plugin SubversionSourceControl
LogPluginManager: Mounting plugin UObjectPlugin
LogPluginManager: Mounting plugin VisualStudioCodeSourceCodeAccess
LogPluginManager: Mounting plugin VisualStudioSourceCodeAccess
LogPluginManager: Mounting plugin XCodeSourceCodeAccess
LogPluginManager: Mounting plugin AssetManagerEditor
LogPluginManager: Mounting plugin CryptoKeys
LogPluginManager: Mounting plugin CurveEditorTools
LogPluginManager: Mounting plugin DataValidation
LogPluginManager: Mounting plugin FacialAnimation
LogPluginManager: Mounting plugin GameplayTagsEditor
LogPluginManager: Mounting plugin MacGraphicsSwitching
LogPluginManager: Mounting plugin MaterialAnalyzer
LogPluginManager: Mounting plugin MobileLauncherProfileWizard
LogPluginManager: Mounting plugin PluginBrowser
LogPluginManager: Mounting plugin SpeedTreeImporter
LogPluginManager: Mounting plugin DatasmithContent
LogPluginManager: Mounting plugin VariantManagerContent
LogPluginManager: Mounting plugin AlembicImporter
LogPluginManager: Mounting plugin AutomationUtils
LogPluginManager: Mounting plugin BackChannel
LogPluginManager: Mounting plugin CharacterAI
LogPluginManager: Mounting plugin GeometryCache
LogPluginManager: Mounting plugin PlatformCrypto
LogPluginManager: Mounting plugin ProxyLODPlugin
LogPluginManager: Mounting plugin SkeletalReduction
LogPluginManager: Mounting plugin MagicLeap
LogPluginManager: Mounting plugin MagicLeapMedia
LogPluginManager: Mounting plugin MLSDK
LogPluginManager: Mounting plugin AndroidMedia
LogPluginManager: Mounting plugin AvfMedia
LogPluginManager: Mounting plugin ImgMedia
LogPluginManager: Mounting plugin MediaCompositing
LogPluginManager: Mounting plugin MediaPlayerEditor
LogPluginManager: Mounting plugin WebMMedia
LogPluginManager: Mounting plugin WmfMedia
LogPluginManager: Mounting plugin TcpMessaging
LogPluginManager: Mounting plugin UdpMessaging
LogPluginManager: Mounting plugin ActorSequence
LogPluginManager: Mounting plugin LevelSequenceEditor
LogPluginManager: Mounting plugin MatineeToLevelSequence
LogPluginManager: Mounting plugin NetcodeUnitTest
LogPluginManager: Mounting plugin NUTUnrealEngine4
LogPluginManager: Mounting plugin OnlineSubsystemGooglePlay
LogPluginManager: Mounting plugin OnlineSubsystemIOS
LogPluginManager: Mounting plugin OnlineSubsystem
LogPluginManager: Mounting plugin OnlineSubsystemNull
LogPluginManager: Mounting plugin OnlineSubsystemUtils
LogPluginManager: Mounting plugin LauncherChunkInstaller
LogPluginManager: Mounting plugin AndroidDeviceProfileSelector
LogPluginManager: Mounting plugin AndroidMoviePlayer
LogPluginManager: Mounting plugin AndroidPermission
LogPluginManager: Mounting plugin AppleImageUtils
LogPluginManager: Mounting plugin AppleMoviePlayer
LogPluginManager: Mounting plugin ArchVisCharacter
LogPluginManager: Mounting plugin AssetTags
LogPluginManager: Mounting plugin AudioCapture
LogPluginManager: Mounting plugin CableComponent
LogPluginManager: Mounting plugin CustomMeshComponent
LogPluginManager: Mounting plugin EditableMesh
LogPluginManager: Mounting plugin ExampleDeviceProfileSelector
LogPluginManager: Mounting plugin GoogleCloudMessaging
LogPluginManager: Mounting plugin IOSDeviceProfileSelector
LogPluginManager: Mounting plugin LinuxDeviceProfileSelector
LogPluginManager: Mounting plugin LocationServicesBPLibrary
LogPluginManager: Mounting plugin MobilePatchingUtils
LogPluginManager: Mounting plugin OculusVR
LogPluginManager: Mounting plugin PhysXVehicles
LogPluginManager: Mounting plugin PostSplashScreen
LogPluginManager: Mounting plugin ProceduralMeshComponent
LogPluginManager: Mounting plugin RuntimePhysXCooking
LogPluginManager: Mounting plugin SignificanceManager
LogPluginManager: Mounting plugin SteamVR
LogPluginManager: Mounting plugin WebMMoviePlayer
LogPluginManager: Mounting plugin WindowsMoviePlayer
LogPluginManager: Mounting plugin ScreenshotTools
LogInit: Using libcurl 7.55.1-DEV
LogInit:  - built for x86_64-pc-win32
LogInit:  - supports SSL with OpenSSL/1.1.1
LogInit:  - supports HTTP deflate (compression) using libz 1.2.8
LogInit:  - other features:
LogInit:      CURL_VERSION_SSL
LogInit:      CURL_VERSION_LIBZ
LogInit:      CURL_VERSION_IPV6
LogInit:      CURL_VERSION_ASYNCHDNS
LogInit:      CURL_VERSION_LARGEFILE
LogInit:      CURL_VERSION_IDN
LogInit:  CurlRequestOptions (configurable via config and command line):
LogInit:  - bVerifyPeer = true  - Libcurl will verify peer certificate
LogInit:  - bUseHttpProxy = false  - Libcurl will NOT use HTTP proxy
LogInit:  - bDontReuseConnections = false  - Libcurl will reuse connections
LogInit:  - MaxHostConnections = 16  - Libcurl will limit the number of connections to a host
LogInit:  - LocalHostAddr = Default
LogInit:  - BufferSize = 65536
LogOnline: OSS: Creating online subsystem instance for: NULL
LogInit: WinSock: version 1.1 (2.2), MaxSocks=32767, MaxUdp=65467
LogOnline: OSS: TryLoadSubsystemAndSetDefault: Loaded subsystem for module [NULL]
LogInit: Build: ++UE4+Release-4.24-CL-11590370
LogInit: Engine Version: 4.24.3-11590370+++UE4+Release-4.24
LogInit: Compatible Engine Version: 4.24.0-10570792+++UE4+Release-4.24
LogInit: Net CL: 10570792
LogInit: OS: Windows 10 (Release 1909) (), CPU: AMD Ryzen 5 3600 6-Core Processor              , GPU: NVIDIA GeForce GTX 1650 SUPER
LogInit: Compiled (64-bit): Feb 24 2020 15:39:18
LogInit: Compiled with Visual C++: 19.16.27032.01
LogInit: Build Configuration: Development
LogInit: Branch Name: ++UE4+Release-4.24
LogInit: Command Line: 
LogInit: Base Directory: D:/UE_4.24/Engine/Binaries/Win64/
LogInit: Installed Engine Build: 1
LogDevObjectVersion: Number of dev versions registered: 25
LogDevObjectVersion:   Dev-Blueprints (B0D832E4-1F89-4F0D-ACCF-7EB736FD4AA2): 10
LogDevObjectVersion:   Dev-Build (E1C64328-A22C-4D53-A36C-8E866417BD8C): 0
LogDevObjectVersion:   Dev-Core (375EC13C-06E4-48FB-B500-84F0262A717E): 3
LogDevObjectVersion:   Dev-Editor (E4B068ED-F494-42E9-A231-DA0B2E46BB41): 37
LogDevObjectVersion:   Dev-Framework (CFFC743F-43B0-4480-9391-14DF171D2073): 36
LogDevObjectVersion:   Dev-Mobile (B02B49B5-BB20-44E9-A304-32B752E40360): 2
LogDevObjectVersion:   Dev-Networking (A4E4105C-59A1-49B5-A7C5-40C4547EDFEE): 0
LogDevObjectVersion:   Dev-Online (39C831C9-5AE6-47DC-9A44-9C173E1C8E7C): 0
LogDevObjectVersion:   Dev-Physics (78F01B33-EBEA-4F98-B9B4-84EACCB95AA2): 2
LogDevObjectVersion:   Dev-Platform (6631380F-2D4D-43E0-8009-CF276956A95A): 0
LogDevObjectVersion:   Dev-Rendering (12F88B9F-8875-4AFC-A67C-D90C383ABD29): 36
LogDevObjectVersion:   Dev-Sequencer (7B5AE74C-D270-4C10-A958-57980B212A5A): 11
LogDevObjectVersion:   Dev-VR (D7296918-1DD6-4BDD-9DE2-64A83CC13884): 2
LogDevObjectVersion:   Dev-LoadTimes (C2A15278-BFE7-4AFE-6C17-90FF531DF755): 1
LogDevObjectVersion:   Private-Geometry (6EACA3D4-40EC-4CC1-B786-8BED09428FC5): 3
LogDevObjectVersion:   Dev-AnimPhys (29E575DD-E0A3-4627-9D10-D276232CDCEA): 17
LogDevObjectVersion:   Dev-Anim (AF43A65D-7FD3-4947-9873-3E8ED9C1BB05): 2
LogDevObjectVersion:   Dev-ReflectionCapture (6B266CEC-1EC7-4B8F-A30B-E4D90942FC07): 1
LogDevObjectVersion:   Dev-Automation (0DF73D61-A23F-47EA-B727-89E90C41499A): 1
LogDevObjectVersion:   FortniteMain (601D1886-AC64-4F84-AA16-D3DE0DEAC7D6): 31
LogDevObjectVersion:   Dev-Enterprise (9DFFBCD6-494F-0158-E221-12823C92A888): 8
LogDevObjectVersion:   Dev-Niagara (F2AED0AC-9AFE-416F-8664-AA7FFA26D6FC): 1
LogDevObjectVersion:   Dev-Destruction (174F1F0B-B4C6-45A5-B13F-2EE8D0FB917D): 9
LogDevObjectVersion:   Dev-Physics-Ext (35F94A83-E258-406C-A318-09F59610247C): 8
LogDevObjectVersion:   Dev-CineCamera (B2E18506-4273-CFC2-A54E-F4BB758BBA07): 1
LogInit: Presizing for max 25165824 objects, including 0 objects not considered by GC, pre-allocating 0 bytes for permanent pool.
LogInit: Object subsystem initialized
LogConfig: Setting CVar [[con.DebugEarlyDefault:1]]
LogConfig: Setting CVar [[r.setres:1280x720]]
[2020.10.02-17.09.08:653][  0]LogConfig: Setting CVar [[r.VSync:0]]
[2020.10.02-17.09.08:653][  0]LogConfig: Setting CVar [[r.RHICmdBypass:0]]
[2020.10.02-17.09.08:653][  0]LogConfig: Applying CVar settings from Section [/Script/Engine.RendererSettings] File [C:/Users/Geneviève/Documents/GitHub/TP3_Alice/TP3_LevelDesign_AD_GB_FL/TP3GreyblocksEquipe7/Saved/Config/Windows/Engine.ini]
[2020.10.02-17.09.08:653][  0]LogConfig: Setting CVar [[r.GPUCrashDebugging:0]]
[2020.10.02-17.09.08:653][  0]LogConfig: Applying CVar settings from Section [/Script/Engine.RendererOverrideSettings] File [C:/Users/Geneviève/Documents/GitHub/TP3_Alice/TP3_LevelDesign_AD_GB_FL/TP3GreyblocksEquipe7/Saved/Config/Windows/Engine.ini]
[2020.10.02-17.09.08:653][  0]LogConfig: Applying CVar settings from Section [/Script/Engine.StreamingSettings] File [C:/Users/Geneviève/Documents/GitHub/TP3_Alice/TP3_LevelDesign_AD_GB_FL/TP3GreyblocksEquipe7/Saved/Config/Windows/Engine.ini]
[2020.10.02-17.09.08:653][  0]LogConfig: Setting CVar [[s.MinBulkDataSizeForAsyncLoading:131072]]
[2020.10.02-17.09.08:653][  0]LogConfig: Setting CVar [[s.AsyncLoadingThreadEnabled:0]]
[2020.10.02-17.09.08:653][  0]LogConfig: Setting CVar [[s.EventDrivenLoaderEnabled:1]]
[2020.10.02-17.09.08:653][  0]LogConfig: Setting CVar [[s.WarnIfTimeLimitExceeded:0]]
[2020.10.02-17.09.08:653][  0]LogConfig: Setting CVar [[s.TimeLimitExceededMultiplier:1.5]]
[2020.10.02-17.09.08:653][  0]LogConfig: Setting CVar [[s.TimeLimitExceededMinTime:0.005]]
[2020.10.02-17.09.08:653][  0]LogConfig: Setting CVar [[s.UseBackgroundLevelStreaming:1]]
[2020.10.02-17.09.08:653][  0]LogConfig: Setting CVar [[s.PriorityAsyncLoadingExtraTime:15.0]]
[2020.10.02-17.09.08:653][  0]LogConfig: Setting CVar [[s.LevelStreamingActorsUpdateTimeLimit:5.0]]
[2020.10.02-17.09.08:653][  0]LogConfig: Setting CVar [[s.PriorityLevelStreamingActorsUpdateExtraTime:5.0]]
[2020.10.02-17.09.08:653][  0]LogConfig: Setting CVar [[s.LevelStreamingComponentsRegistrationGranularity:10]]
[2020.10.02-17.09.08:653][  0]LogConfig: Setting CVar [[s.UnregisterComponentsTimeLimit:1.0]]
[2020.10.02-17.09.08:653][  0]LogConfig: Setting CVar [[s.LevelStreamingComponentsUnregistrationGranularity:5]]
[2020.10.02-17.09.08:653][  0]LogConfig: Setting CVar [[s.FlushStreamingOnExit:1]]
[2020.10.02-17.09.08:653][  0]LogConfig: Applying CVar settings from Section [/Script/Engine.GarbageCollectionSettings] File [C:/Users/Geneviève/Documents/GitHub/TP3_Alice/TP3_LevelDesign_AD_GB_FL/TP3GreyblocksEquipe7/Saved/Config/Windows/Engine.ini]
[2020.10.02-17.09.08:653][  0]LogConfig: Setting CVar [[gc.MaxObjectsNotConsideredByGC:1]]
[2020.10.02-17.09.08:653][  0]LogConfig: Setting CVar [[gc.SizeOfPermanentObjectPool:0]]
[2020.10.02-17.09.08:653][  0]LogConfig: Setting CVar [[gc.FlushStreamingOnGC:0]]
[2020.10.02-17.09.08:653][  0]LogConfig: Setting CVar [[gc.NumRetriesBeforeForcingGC:10]]
[2020.10.02-17.09.08:653][  0]LogConfig: Setting CVar [[gc.AllowParallelGC:1]]
[2020.10.02-17.09.08:653][  0]LogConfig: Setting CVar [[gc.TimeBetweenPurgingPendingKillObjects:61.1]]
[2020.10.02-17.09.08:653][  0]LogConfig: Setting CVar [[gc.MaxObjectsInEditor:25165824]]
[2020.10.02-17.09.08:653][  0]LogConfig: Setting CVar [[gc.IncrementalBeginDestroyEnabled:1]]
[2020.10.02-17.09.08:653][  0]LogConfig: Setting CVar [[gc.CreateGCClusters:1]]
[2020.10.02-17.09.08:653][  0]LogConfig: Setting CVar [[gc.MinGCClusterSize:5]]
[2020.10.02-17.09.08:653][  0]LogConfig: Setting CVar [[gc.ActorClusteringEnabled:0]]
[2020.10.02-17.09.08:653][  0]LogConfig: Setting CVar [[gc.BlueprintClusteringEnabled:0]]
[2020.10.02-17.09.08:653][  0]LogConfig: Setting CVar [[gc.UseDisregardForGCOnDedicatedServers:0]]
[2020.10.02-17.09.08:653][  0]LogConfig: Applying CVar settings from Section [/Script/Engine.NetworkSettings] File [C:/Users/Geneviève/Documents/GitHub/TP3_Alice/TP3_LevelDesign_AD_GB_FL/TP3GreyblocksEquipe7/Saved/Config/Windows/Engine.ini]
[2020.10.02-17.09.08:653][  0]LogConfig: Applying CVar settings from Section [/Script/UnrealEd.CookerSettings] File [C:/Users/Geneviève/Documents/GitHub/TP3_Alice/TP3_LevelDesign_AD_GB_FL/TP3GreyblocksEquipe7/Saved/Config/Windows/Engine.ini]
[2020.10.02-17.09.08:657][  0]LogConfig: Applying CVar settings from Section [ViewDistanceQuality@3] File [C:/Users/Geneviève/Documents/GitHub/TP3_Alice/TP3_LevelDesign_AD_GB_FL/TP3GreyblocksEquipe7/Saved/Config/Windows/Scalability.ini]
[2020.10.02-17.09.08:657][  0]LogConfig: Setting CVar [[r.SkeletalMeshLODBias:0]]
[2020.10.02-17.09.08:657][  0]LogConfig: Setting CVar [[r.ViewDistanceScale:1.0]]
[2020.10.02-17.09.08:657][  0]LogConfig: Applying CVar settings from Section [AntiAliasingQuality@3] File [C:/Users/Geneviève/Documents/GitHub/TP3_Alice/TP3_LevelDesign_AD_GB_FL/TP3GreyblocksEquipe7/Saved/Config/Windows/Scalability.ini]
[2020.10.02-17.09.08:657][  0]LogConfig: Setting CVar [[r.PostProcessAAQuality:4]]
[2020.10.02-17.09.08:657][  0]LogConfig: Applying CVar settings from Section [ShadowQuality@3] File [C:/Users/Geneviève/Documents/GitHub/TP3_Alice/TP3_LevelDesign_AD_GB_FL/TP3GreyblocksEquipe7/Saved/Config/Windows/Scalability.ini]
[2020.10.02-17.09.08:657][  0]LogConfig: Setting CVar [[r.LightFunctionQuality:1]]
[2020.10.02-17.09.08:657][  0]LogConfig: Setting CVar [[r.ShadowQuality:5]]
[2020.10.02-17.09.08:657][  0]LogConfig: Setting CVar [[r.Shadow.CSM.MaxCascades:10]]
[2020.10.02-17.09.08:657][  0]LogConfig: Setting CVar [[r.Shadow.MaxResolution:2048]]
[2020.10.02-17.09.08:657][  0]LogConfig: Setting CVar [[r.Shadow.MaxCSMResolution:2048]]
[2020.10.02-17.09.08:657][  0]LogConfig: Setting CVar [[r.Shadow.RadiusThreshold:0.01]]
[2020.10.02-17.09.08:657][  0]LogConfig: Setting CVar [[r.Shadow.DistanceScale:1.0]]
[2020.10.02-17.09.08:657][  0]LogConfig: Setting CVar [[r.Shadow.CSM.TransitionScale:1.0]]
[2020.10.02-17.09.08:657][  0]LogConfig: Setting CVar [[r.Shadow.PreShadowResolutionFactor:1.0]]
[2020.10.02-17.09.08:657][  0]LogConfig: Setting CVar [[r.DistanceFieldShadowing:1]]
[2020.10.02-17.09.08:657][  0]LogConfig: Setting CVar [[r.DistanceFieldAO:1]]
[2020.10.02-17.09.08:657][  0]LogConfig: Setting CVar [[r.AOQuality:2]]
[2020.10.02-17.09.08:657][  0]LogConfig: Setting CVar [[r.VolumetricFog:1]]
[2020.10.02-17.09.08:657][  0]LogConfig: Setting CVar [[r.VolumetricFog.GridPixelSize:8]]
[2020.10.02-17.09.08:657][  0]LogConfig: Setting CVar [[r.VolumetricFog.GridSizeZ:128]]
[2020.10.02-17.09.08:657][  0]LogConfig: Setting CVar [[r.VolumetricFog.HistoryMissSupersampleCount:4]]
[2020.10.02-17.09.08:657][  0]LogConfig: Setting CVar [[r.LightMaxDrawDistanceScale:1]]
[2020.10.02-17.09.08:657][  0]LogConfig: Setting CVar [[r.CapsuleShadows:1]]
[2020.10.02-17.09.08:657][  0]LogConfig: Applying CVar settings from Section [PostProcessQuality@3] File [C:/Users/Geneviève/Documents/GitHub/TP3_Alice/TP3_LevelDesign_AD_GB_FL/TP3GreyblocksEquipe7/Saved/Config/Windows/Scalability.ini]
[2020.10.02-17.09.08:657][  0]LogConfig: Setting CVar [[r.MotionBlurQuality:4]]
[2020.10.02-17.09.08:657][  0]LogConfig: Setting CVar [[r.AmbientOcclusionMipLevelFactor:0.4]]
[2020.10.02-17.09.08:657][  0]LogConfig: Setting CVar [[r.AmbientOcclusionMaxQuality:100]]
[2020.10.02-17.09.08:657][  0]LogConfig: Setting CVar [[r.AmbientOcclusionLevels:-1]]
[2020.10.02-17.09.08:657][  0]LogConfig: Setting CVar [[r.AmbientOcclusionRadiusScale:1.0]]
[2020.10.02-17.09.08:657][  0]LogConfig: Setting CVar [[r.DepthOfFieldQuality:2]]
[2020.10.02-17.09.08:657][  0]LogConfig: Setting CVar [[r.RenderTargetPoolMin:400]]
[2020.10.02-17.09.08:657][  0]LogConfig: Setting CVar [[r.LensFlareQuality:2]]
[2020.10.02-17.09.08:657][  0]LogConfig: Setting CVar [[r.SceneColorFringeQuality:1]]
[2020.10.02-17.09.08:657][  0]LogConfig: Setting CVar [[r.EyeAdaptationQuality:2]]
[2020.10.02-17.09.08:657][  0]LogConfig: Setting CVar [[r.BloomQuality:5]]
[2020.10.02-17.09.08:657][  0]LogConfig: Setting CVar [[r.FastBlurThreshold:100]]
[2020.10.02-17.09.08:657][  0]LogConfig: Setting CVar [[r.Upscale.Quality:3]]
[2020.10.02-17.09.08:657][  0]LogConfig: Setting CVar [[r.Tonemapper.GrainQuantization:1]]
[2020.10.02-17.09.08:657][  0]LogConfig: Setting CVar [[r.LightShaftQuality:1]]
[2020.10.02-17.09.08:657][  0]LogConfig: Setting CVar [[r.Filter.SizeScale:1]]
[2020.10.02-17.09.08:657][  0]LogConfig: Setting CVar [[r.Tonemapper.Quality:5]]
[2020.10.02-17.09.08:657][  0]LogConfig: Setting CVar [[r.DOF.Gather.AccumulatorQuality:1        ; higher gathering accumulator quality]]
[2020.10.02-17.09.08:657][  0]LogConfig: Setting CVar [[r.DOF.Gather.PostfilterMethod:1          ; Median3x3 postfilering method]]
[2020.10.02-17.09.08:657][  0]LogConfig: Setting CVar [[r.DOF.Gather.EnableBokehSettings:0       ; no bokeh simulation when gathering]]
[2020.10.02-17.09.08:657][  0]LogConfig: Setting CVar [[r.DOF.Gather.RingCount:4                 ; medium number of samples when gathering]]
[2020.10.02-17.09.08:657][  0]LogConfig: Setting CVar [[r.DOF.Scatter.ForegroundCompositing:1    ; additive foreground scattering]]
[2020.10.02-17.09.08:657][  0]LogConfig: Setting CVar [[r.DOF.Scatter.BackgroundCompositing:2    ; additive background scattering]]
[2020.10.02-17.09.08:657][  0]LogConfig: Setting CVar [[r.DOF.Scatter.EnableBokehSettings:1      ; bokeh simulation when scattering]]
[2020.10.02-17.09.08:658][  0]LogConfig: Setting CVar [[r.DOF.Scatter.MaxSpriteRatio:0.1         ; only a maximum of 10% of scattered bokeh]]
[2020.10.02-17.09.08:658][  0]LogConfig: Setting CVar [[r.DOF.Recombine.Quality:1                ; cheap slight out of focus]]
[2020.10.02-17.09.08:658][  0]LogConfig: Setting CVar [[r.DOF.Recombine.EnableBokehSettings:0    ; no bokeh simulation on slight out of focus]]
[2020.10.02-17.09.08:658][  0]LogConfig: Setting CVar [[r.DOF.TemporalAAQuality:1                ; more stable temporal accumulation]]
[2020.10.02-17.09.08:658][  0]LogConfig: Setting CVar [[r.DOF.Kernel.MaxForegroundRadius:0.025]]
[2020.10.02-17.09.08:658][  0]LogConfig: Setting CVar [[r.DOF.Kernel.MaxBackgroundRadius:0.025]]
[2020.10.02-17.09.08:658][  0]LogConfig: Applying CVar settings from Section [TextureQuality@3] File [C:/Users/Geneviève/Documents/GitHub/TP3_Alice/TP3_LevelDesign_AD_GB_FL/TP3GreyblocksEquipe7/Saved/Config/Windows/Scalability.ini]
[2020.10.02-17.09.08:658][  0]LogConfig: Setting CVar [[r.Streaming.MipBias:0]]
[2020.10.02-17.09.08:658][  0]LogConfig: Setting CVar [[r.Streaming.AmortizeCPUToGPUCopy:0]]
[2020.10.02-17.09.08:658][  0]LogConfig: Setting CVar [[r.Streaming.MaxNumTexturesToStreamPerFrame:0]]
[2020.10.02-17.09.08:658][  0]LogConfig: Setting CVar [[r.Streaming.Boost:1]]
[2020.10.02-17.09.08:658][  0]LogConfig: Setting CVar [[r.MaxAnisotropy:8]]
[2020.10.02-17.09.08:658][  0]LogConfig: Setting CVar [[r.VT.MaxAnisotropy:8]]
[2020.10.02-17.09.08:658][  0]LogConfig: Setting CVar [[r.Streaming.LimitPoolSizeToVRAM:0]]
[2020.10.02-17.09.08:658][  0]LogConfig: Setting CVar [[r.Streaming.PoolSize:1000]]
[2020.10.02-17.09.08:658][  0]LogConfig: Setting CVar [[r.Streaming.MaxEffectiveScreenSize:0]]
[2020.10.02-17.09.08:658][  0]LogConfig: Applying CVar settings from Section [EffectsQuality@3] File [C:/Users/Geneviève/Documents/GitHub/TP3_Alice/TP3_LevelDesign_AD_GB_FL/TP3GreyblocksEquipe7/Saved/Config/Windows/Scalability.ini]
[2020.10.02-17.09.08:658][  0]LogConfig: Setting CVar [[r.TranslucencyLightingVolumeDim:64]]
[2020.10.02-17.09.08:658][  0]LogConfig: Setting CVar [[r.RefractionQuality:2]]
[2020.10.02-17.09.08:658][  0]LogConfig: Setting CVar [[r.SSR.Quality:3]]
[2020.10.02-17.09.08:658][  0]LogConfig: Setting CVar [[r.SSR.HalfResSceneColor:0]]
[2020.10.02-17.09.08:658][  0]LogConfig: Setting CVar [[r.SceneColorFormat:4]]
[2020.10.02-17.09.08:658][  0]LogConfig: Setting CVar [[r.DetailMode:2]]
[2020.10.02-17.09.08:658][  0]LogConfig: Setting CVar [[r.TranslucencyVolumeBlur:1]]
[2020.10.02-17.09.08:658][  0]LogConfig: Setting CVar [[r.MaterialQualityLevel:1 ; High quality]]
[2020.10.02-17.09.08:658][  0]LogConfig: Setting CVar [[r.SSS.Scale:1]]
[2020.10.02-17.09.08:658][  0]LogConfig: Setting CVar [[r.SSS.SampleSet:2]]
[2020.10.02-17.09.08:658][  0]LogConfig: Setting CVar [[r.SSS.Quality:1]]
[2020.10.02-17.09.08:658][  0]LogConfig: Setting CVar [[r.SSS.HalfRes:1]]
[2020.10.02-17.09.08:658][  0]LogConfig: Setting CVar [[r.SSGI.Quality:3]]
[2020.10.02-17.09.08:658][  0]LogConfig: Setting CVar [[r.EmitterSpawnRateScale:1.0]]
[2020.10.02-17.09.08:658][  0]LogConfig: Setting CVar [[r.ParticleLightQuality:2]]
[2020.10.02-17.09.08:658][  0]LogConfig: Setting CVar [[r.SkyAtmosphere.AerialPerspectiveLUT.FastApplyOnOpaque:1 ; Always have FastSkyLUT 1 in this case to avoid wrong sky]]
[2020.10.02-17.09.08:658][  0]LogConfig: Setting CVar [[r.SkyAtmosphere.AerialPerspectiveLUT.SampleCountPerSlice:1]]
[2020.10.02-17.09.08:658][  0]LogConfig: Setting CVar [[r.SkyAtmosphere.AerialPerspectiveLUT.DepthResolution:16.0]]
[2020.10.02-17.09.08:658][  0]LogConfig: Setting CVar [[r.SkyAtmosphere.FastSkyLUT:1]]
[2020.10.02-17.09.08:658][  0]LogConfig: Setting CVar [[r.SkyAtmosphere.FastSkyLUT.SampleCountMin:4.0]]
[2020.10.02-17.09.08:658][  0]LogConfig: Setting CVar [[r.SkyAtmosphere.FastSkyLUT.SampleCountMax:32.0]]
[2020.10.02-17.09.08:658][  0]LogConfig: Setting CVar [[r.SkyAtmosphere.SampleCountMin:4.0]]
[2020.10.02-17.09.08:658][  0]LogConfig: Setting CVar [[r.SkyAtmosphere.SampleCountMax:32.0]]
[2020.10.02-17.09.08:658][  0]LogConfig: Setting CVar [[r.SkyAtmosphere.TransmittanceLUT.UseSmallFormat:0]]
[2020.10.02-17.09.08:658][  0]LogConfig: Setting CVar [[r.SkyAtmosphere.TransmittanceLUT.SampleCount:10.0]]
[2020.10.02-17.09.08:658][  0]LogConfig: Setting CVar [[r.SkyAtmosphere.MultiScatteringLUT.SampleCount:15.0]]
[2020.10.02-17.09.08:658][  0]LogConfig: Applying CVar settings from Section [FoliageQuality@3] File [C:/Users/Geneviève/Documents/GitHub/TP3_Alice/TP3_LevelDesign_AD_GB_FL/TP3GreyblocksEquipe7/Saved/Config/Windows/Scalability.ini]
[2020.10.02-17.09.08:658][  0]LogConfig: Setting CVar [[foliage.DensityScale:1.0]]
[2020.10.02-17.09.08:658][  0]LogConfig: Setting CVar [[grass.DensityScale:1.0]]
[2020.10.02-17.09.08:658][  0]LogConfig: Applying CVar settings from Section [ShadingQuality@3] File [C:/Users/Geneviève/Documents/GitHub/TP3_Alice/TP3_LevelDesign_AD_GB_FL/TP3GreyblocksEquipe7/Saved/Config/Windows/Scalability.ini]
[2020.10.02-17.09.08:658][  0]LogConfig: Setting CVar [[r.HairStrands.SkyLighting.SampleCount:16]]
[2020.10.02-17.09.08:658][  0]LogConfig: Setting CVar [[r.HairStrands.SkyLighting.JitterIntegration:0]]
[2020.10.02-17.09.08:658][  0]LogConfig: Setting CVar [[r.HairStrands.SkyAO.SampleCount:16]]
[2020.10.02-17.09.08:658][  0]LogInit: Selected Device Profile: [Windows]
[2020.10.02-17.09.08:658][  0]LogInit: Applying CVar settings loaded from the selected device profile: [Windows]
[2020.10.02-17.09.08:661][  0]LogHAL: Display: Platform has ~ 16 GB [17126760448 / 17179869184 / 16], which maps to Larger [LargestMinGB=32, LargerMinGB=12, DefaultMinGB=8, SmallerMinGB=6, SmallestMinGB=0)
[2020.10.02-17.09.08:661][  0]LogInit: Going up to parent DeviceProfile []
[2020.10.02-17.09.08:661][  0]LogConfig: Applying CVar settings from Section [ViewDistanceQuality@3] File [C:/Users/Geneviève/Documents/GitHub/TP3_Alice/TP3_LevelDesign_AD_GB_FL/TP3GreyblocksEquipe7/Saved/Config/Windows/Scalability.ini]
[2020.10.02-17.09.08:661][  0]LogConfig: Setting CVar [[r.SkeletalMeshLODBias:0]]
[2020.10.02-17.09.08:661][  0]LogConfig: Setting CVar [[r.ViewDistanceScale:1.0]]
[2020.10.02-17.09.08:661][  0]LogConfig: Applying CVar settings from Section [AntiAliasingQuality@3] File [C:/Users/Geneviève/Documents/GitHub/TP3_Alice/TP3_LevelDesign_AD_GB_FL/TP3GreyblocksEquipe7/Saved/Config/Windows/Scalability.ini]
[2020.10.02-17.09.08:661][  0]LogConfig: Setting CVar [[r.PostProcessAAQuality:4]]
[2020.10.02-17.09.08:661][  0]LogConfig: Applying CVar settings from Section [ShadowQuality@3] File [C:/Users/Geneviève/Documents/GitHub/TP3_Alice/TP3_LevelDesign_AD_GB_FL/TP3GreyblocksEquipe7/Saved/Config/Windows/Scalability.ini]
[2020.10.02-17.09.08:661][  0]LogConfig: Setting CVar [[r.LightFunctionQuality:1]]
[2020.10.02-17.09.08:661][  0]LogConfig: Setting CVar [[r.ShadowQuality:5]]
[2020.10.02-17.09.08:661][  0]LogConfig: Setting CVar [[r.Shadow.CSM.MaxCascades:10]]
[2020.10.02-17.09.08:661][  0]LogConfig: Setting CVar [[r.Shadow.MaxResolution:2048]]
[2020.10.02-17.09.08:661][  0]LogConfig: Setting CVar [[r.Shadow.MaxCSMResolution:2048]]
[2020.10.02-17.09.08:661][  0]LogConfig: Setting CVar [[r.Shadow.RadiusThreshold:0.01]]
[2020.10.02-17.09.08:661][  0]LogConfig: Setting CVar [[r.Shadow.DistanceScale:1.0]]
[2020.10.02-17.09.08:661][  0]LogConfig: Setting CVar [[r.Shadow.CSM.TransitionScale:1.0]]
[2020.10.02-17.09.08:661][  0]LogConfig: Setting CVar [[r.Shadow.PreShadowResolutionFactor:1.0]]
[2020.10.02-17.09.08:661][  0]LogConfig: Setting CVar [[r.DistanceFieldShadowing:1]]
[2020.10.02-17.09.08:661][  0]LogConfig: Setting CVar [[r.DistanceFieldAO:1]]
[2020.10.02-17.09.08:661][  0]LogConfig: Setting CVar [[r.AOQuality:2]]
[2020.10.02-17.09.08:661][  0]LogConfig: Setting CVar [[r.VolumetricFog:1]]
[2020.10.02-17.09.08:661][  0]LogConfig: Setting CVar [[r.VolumetricFog.GridPixelSize:8]]
[2020.10.02-17.09.08:661][  0]LogConfig: Setting CVar [[r.VolumetricFog.GridSizeZ:128]]
[2020.10.02-17.09.08:661][  0]LogConfig: Setting CVar [[r.VolumetricFog.HistoryMissSupersampleCount:4]]
[2020.10.02-17.09.08:661][  0]LogConfig: Setting CVar [[r.LightMaxDrawDistanceScale:1]]
[2020.10.02-17.09.08:661][  0]LogConfig: Setting CVar [[r.CapsuleShadows:1]]
[2020.10.02-17.09.08:661][  0]LogConfig: Applying CVar settings from Section [PostProcessQuality@3] File [C:/Users/Geneviève/Documents/GitHub/TP3_Alice/TP3_LevelDesign_AD_GB_FL/TP3GreyblocksEquipe7/Saved/Config/Windows/Scalability.ini]
[2020.10.02-17.09.08:661][  0]LogConfig: Setting CVar [[r.MotionBlurQuality:4]]
[2020.10.02-17.09.08:661][  0]LogConfig: Setting CVar [[r.AmbientOcclusionMipLevelFactor:0.4]]
[2020.10.02-17.09.08:661][  0]LogConfig: Setting CVar [[r.AmbientOcclusionMaxQuality:100]]
[2020.10.02-17.09.08:661][  0]LogConfig: Setting CVar [[r.AmbientOcclusionLevels:-1]]
[2020.10.02-17.09.08:661][  0]LogConfig: Setting CVar [[r.AmbientOcclusionRadiusScale:1.0]]
[2020.10.02-17.09.08:661][  0]LogConfig: Setting CVar [[r.DepthOfFieldQuality:2]]
[2020.10.02-17.09.08:661][  0]LogConfig: Setting CVar [[r.RenderTargetPoolMin:400]]
[2020.10.02-17.09.08:661][  0]LogConfig: Setting CVar [[r.LensFlareQuality:2]]
[2020.10.02-17.09.08:661][  0]LogConfig: Setting CVar [[r.SceneColorFringeQuality:1]]
[2020.10.02-17.09.08:661][  0]LogConfig: Setting CVar [[r.EyeAdaptationQuality:2]]
[2020.10.02-17.09.08:661][  0]LogConfig: Setting CVar [[r.BloomQuality:5]]
[2020.10.02-17.09.08:661][  0]LogConfig: Setting CVar [[r.FastBlurThreshold:100]]
[2020.10.02-17.09.08:661][  0]LogConfig: Setting CVar [[r.Upscale.Quality:3]]
[2020.10.02-17.09.08:661][  0]LogConfig: Setting CVar [[r.Tonemapper.GrainQuantization:1]]
[2020.10.02-17.09.08:661][  0]LogConfig: Setting CVar [[r.LightShaftQuality:1]]
[2020.10.02-17.09.08:661][  0]LogConfig: Setting CVar [[r.Filter.SizeScale:1]]
[2020.10.02-17.09.08:661][  0]LogConfig: Setting CVar [[r.Tonemapper.Quality:5]]
[2020.10.02-17.09.08:661][  0]LogConfig: Setting CVar [[r.DOF.Gather.AccumulatorQuality:1        ; higher gathering accumulator quality]]
[2020.10.02-17.09.08:661][  0]LogConfig: Setting CVar [[r.DOF.Gather.PostfilterMethod:1          ; Median3x3 postfilering method]]
[2020.10.02-17.09.08:662][  0]LogConfig: Setting CVar [[r.DOF.Gather.EnableBokehSettings:0       ; no bokeh simulation when gathering]]
[2020.10.02-17.09.08:662][  0]LogConfig: Setting CVar [[r.DOF.Gather.RingCount:4                 ; medium number of samples when gathering]]
[2020.10.02-17.09.08:662][  0]LogConfig: Setting CVar [[r.DOF.Scatter.ForegroundCompositing:1    ; additive foreground scattering]]
[2020.10.02-17.09.08:662][  0]LogConfig: Setting CVar [[r.DOF.Scatter.BackgroundCompositing:2    ; additive background scattering]]
[2020.10.02-17.09.08:662][  0]LogConfig: Setting CVar [[r.DOF.Scatter.EnableBokehSettings:1      ; bokeh simulation when scattering]]
[2020.10.02-17.09.08:662][  0]LogConfig: Setting CVar [[r.DOF.Scatter.MaxSpriteRatio:0.1         ; only a maximum of 10% of scattered bokeh]]
[2020.10.02-17.09.08:662][  0]LogConfig: Setting CVar [[r.DOF.Recombine.Quality:1                ; cheap slight out of focus]]
[2020.10.02-17.09.08:662][  0]LogConfig: Setting CVar [[r.DOF.Recombine.EnableBokehSettings:0    ; no bokeh simulation on slight out of focus]]
[2020.10.02-17.09.08:662][  0]LogConfig: Setting CVar [[r.DOF.TemporalAAQuality:1                ; more stable temporal accumulation]]
[2020.10.02-17.09.08:662][  0]LogConfig: Setting CVar [[r.DOF.Kernel.MaxForegroundRadius:0.025]]
[2020.10.02-17.09.08:662][  0]LogConfig: Setting CVar [[r.DOF.Kernel.MaxBackgroundRadius:0.025]]
[2020.10.02-17.09.08:662][  0]LogConfig: Applying CVar settings from Section [TextureQuality@3] File [C:/Users/Geneviève/Documents/GitHub/TP3_Alice/TP3_LevelDesign_AD_GB_FL/TP3GreyblocksEquipe7/Saved/Config/Windows/Scalability.ini]
[2020.10.02-17.09.08:662][  0]LogConfig: Setting CVar [[r.Streaming.MipBias:0]]
[2020.10.02-17.09.08:662][  0]LogConfig: Setting CVar [[r.Streaming.AmortizeCPUToGPUCopy:0]]
[2020.10.02-17.09.08:662][  0]LogConfig: Setting CVar [[r.Streaming.MaxNumTexturesToStreamPerFrame:0]]
[2020.10.02-17.09.08:662][  0]LogConfig: Setting CVar [[r.Streaming.Boost:1]]
[2020.10.02-17.09.08:662][  0]LogConfig: Setting CVar [[r.MaxAnisotropy:8]]
[2020.10.02-17.09.08:662][  0]LogConfig: Setting CVar [[r.VT.MaxAnisotropy:8]]
[2020.10.02-17.09.08:662][  0]LogConfig: Setting CVar [[r.Streaming.LimitPoolSizeToVRAM:0]]
[2020.10.02-17.09.08:662][  0]LogConfig: Setting CVar [[r.Streaming.PoolSize:1000]]
[2020.10.02-17.09.08:662][  0]LogConfig: Setting CVar [[r.Streaming.MaxEffectiveScreenSize:0]]
[2020.10.02-17.09.08:662][  0]LogConfig: Applying CVar settings from Section [EffectsQuality@3] File [C:/Users/Geneviève/Documents/GitHub/TP3_Alice/TP3_LevelDesign_AD_GB_FL/TP3GreyblocksEquipe7/Saved/Config/Windows/Scalability.ini]
[2020.10.02-17.09.08:662][  0]LogConfig: Setting CVar [[r.TranslucencyLightingVolumeDim:64]]
[2020.10.02-17.09.08:662][  0]LogConfig: Setting CVar [[r.RefractionQuality:2]]
[2020.10.02-17.09.08:662][  0]LogConfig: Setting CVar [[r.SSR.Quality:3]]
[2020.10.02-17.09.08:662][  0]LogConfig: Setting CVar [[r.SSR.HalfResSceneColor:0]]
[2020.10.02-17.09.08:662][  0]LogConfig: Setting CVar [[r.SceneColorFormat:4]]
[2020.10.02-17.09.08:662][  0]LogConfig: Setting CVar [[r.DetailMode:2]]
[2020.10.02-17.09.08:662][  0]LogConfig: Setting CVar [[r.TranslucencyVolumeBlur:1]]
[2020.10.02-17.09.08:662][  0]LogConfig: Setting CVar [[r.MaterialQualityLevel:1 ; High quality]]
[2020.10.02-17.09.08:662][  0]LogConfig: Setting CVar [[r.SSS.Scale:1]]
[2020.10.02-17.09.08:662][  0]LogConfig: Setting CVar [[r.SSS.SampleSet:2]]
[2020.10.02-17.09.08:662][  0]LogConfig: Setting CVar [[r.SSS.Quality:1]]
[2020.10.02-17.09.08:662][  0]LogConfig: Setting CVar [[r.SSS.HalfRes:1]]
[2020.10.02-17.09.08:662][  0]LogConfig: Setting CVar [[r.SSGI.Quality:3]]
[2020.10.02-17.09.08:662][  0]LogConfig: Setting CVar [[r.EmitterSpawnRateScale:1.0]]
[2020.10.02-17.09.08:662][  0]LogConfig: Setting CVar [[r.ParticleLightQuality:2]]
[2020.10.02-17.09.08:662][  0]LogConfig: Setting CVar [[r.SkyAtmosphere.AerialPerspectiveLUT.FastApplyOnOpaque:1 ; Always have FastSkyLUT 1 in this case to avoid wrong sky]]
[2020.10.02-17.09.08:662][  0]LogConfig: Setting CVar [[r.SkyAtmosphere.AerialPerspectiveLUT.SampleCountPerSlice:1]]
[2020.10.02-17.09.08:662][  0]LogConfig: Setting CVar [[r.SkyAtmosphere.AerialPerspectiveLUT.DepthResolution:16.0]]
[2020.10.02-17.09.08:662][  0]LogConfig: Setting CVar [[r.SkyAtmosphere.FastSkyLUT:1]]
[2020.10.02-17.09.08:662][  0]LogConfig: Setting CVar [[r.SkyAtmosphere.FastSkyLUT.SampleCountMin:4.0]]
[2020.10.02-17.09.08:662][  0]LogConfig: Setting CVar [[r.SkyAtmosphere.FastSkyLUT.SampleCountMax:32.0]]
[2020.10.02-17.09.08:662][  0]LogConfig: Setting CVar [[r.SkyAtmosphere.SampleCountMin:4.0]]
[2020.10.02-17.09.08:662][  0]LogConfig: Setting CVar [[r.SkyAtmosphere.SampleCountMax:32.0]]
[2020.10.02-17.09.08:662][  0]LogConfig: Setting CVar [[r.SkyAtmosphere.TransmittanceLUT.UseSmallFormat:0]]
[2020.10.02-17.09.08:662][  0]LogConfig: Setting CVar [[r.SkyAtmosphere.TransmittanceLUT.SampleCount:10.0]]
[2020.10.02-17.09.08:662][  0]LogConfig: Setting CVar [[r.SkyAtmosphere.MultiScatteringLUT.SampleCount:15.0]]
[2020.10.02-17.09.08:662][  0]LogConfig: Applying CVar settings from Section [FoliageQuality@3] File [C:/Users/Geneviève/Documents/GitHub/TP3_Alice/TP3_LevelDesign_AD_GB_FL/TP3GreyblocksEquipe7/Saved/Config/Windows/Scalability.ini]
[2020.10.02-17.09.08:662][  0]LogConfig: Setting CVar [[foliage.DensityScale:1.0]]
[2020.10.02-17.09.08:662][  0]LogConfig: Setting CVar [[grass.DensityScale:1.0]]
[2020.10.02-17.09.08:662][  0]LogConfig: Applying CVar settings from Section [ShadingQuality@3] File [C:/Users/Geneviève/Documents/GitHub/TP3_Alice/TP3_LevelDesign_AD_GB_FL/TP3GreyblocksEquipe7/Saved/Config/Windows/Scalability.ini]
[2020.10.02-17.09.08:662][  0]LogConfig: Setting CVar [[r.HairStrands.SkyLighting.SampleCount:16]]
[2020.10.02-17.09.08:662][  0]LogConfig: Setting CVar [[r.HairStrands.SkyLighting.JitterIntegration:0]]
[2020.10.02-17.09.08:662][  0]LogConfig: Setting CVar [[r.HairStrands.SkyAO.SampleCount:16]]
[2020.10.02-17.09.08:662][  0]LogConfig: Applying CVar settings from Section [Startup] File [../../../Engine/Config/ConsoleVariables.ini]
[2020.10.02-17.09.08:662][  0]LogConfig: Setting CVar [[net.UseAdaptiveNetUpdateFrequency:0]]
[2020.10.02-17.09.08:662][  0]LogConfig: Setting CVar [[p.chaos.AllowCreatePhysxBodies:1]]
[2020.10.02-17.09.08:662][  0]LogConfig: Applying CVar settings from Section [ConsoleVariables] File [C:/Users/Geneviève/Documents/GitHub/TP3_Alice/TP3_LevelDesign_AD_GB_FL/TP3GreyblocksEquipe7/Saved/Config/Windows/Engine.ini]
[2020.10.02-17.09.08:662][  0]LogInit: Computer: DESKTOP-2OITLHB
[2020.10.02-17.09.08:662][  0]LogInit: User: Geneviève
[2020.10.02-17.09.08:663][  0]LogInit: CPU Page size=4096, Cores=6
[2020.10.02-17.09.08:663][  0]LogInit: High frequency timer resolution =10.000000 MHz
[2020.10.02-17.09.08:663][  0]LogMemory: Memory total: Physical=16.0GB (16GB approx)
[2020.10.02-17.09.08:663][  0]LogMemory: Platform Memory Stats for Windows
[2020.10.02-17.09.08:663][  0]LogMemory: Process Physical Memory: 107.25 MB used, 107.25 MB peak
[2020.10.02-17.09.08:663][  0]LogMemory: Process Virtual Memory: 102.45 MB used, 102.45 MB peak
[2020.10.02-17.09.08:663][  0]LogMemory: Physical Memory: 8715.50 MB used,  7617.85 MB free, 16333.35 MB total
[2020.10.02-17.09.08:663][  0]LogMemory: Virtual Memory: 5139.86 MB used,  134212592.00 MB free, 134217728.00 MB total
[2020.10.02-17.09.08:665][  0]LogWindows: WindowsPlatformFeatures enabled
[2020.10.02-17.09.08:681][  0]LogInit: Using OS detected language (fr-CA).
[2020.10.02-17.09.08:681][  0]LogInit: Using OS detected locale (fr-CA).
[2020.10.02-17.09.08:682][  0]LogTextLocalizationManager: No specific localization for 'fr-CA' exists, so the 'fr' localization will be used.
[2020.10.02-17.09.08:682][  0]LogTextLocalizationResource: LocRes '../../../Engine/Content/Localization/Editor/fr/Editor.locres' could not be opened for reading!
[2020.10.02-17.09.08:682][  0]LogTextLocalizationResource: LocRes '../../../Engine/Content/Localization/EditorTutorials/fr/EditorTutorials.locres' could not be opened for reading!
[2020.10.02-17.09.08:682][  0]LogTextLocalizationResource: LocRes '../../../Engine/Content/Localization/Keywords/fr/Keywords.locres' could not be opened for reading!
[2020.10.02-17.09.08:682][  0]LogTextLocalizationResource: LocRes '../../../Engine/Content/Localization/Category/fr/Category.locres' could not be opened for reading!
[2020.10.02-17.09.08:682][  0]LogTextLocalizationResource: LocRes '../../../Engine/Content/Localization/ToolTips/fr/ToolTips.locres' could not be opened for reading!
[2020.10.02-17.09.08:682][  0]LogTextLocalizationResource: LocRes '../../../Engine/Content/Localization/PropertyNames/fr/PropertyNames.locres' could not be opened for reading!
[2020.10.02-17.09.08:683][  0]LogTextLocalizationResource: LocRes '../../../Engine/Content/Localization/Engine/fr/Engine.locres' could not be opened for reading!
[2020.10.02-17.09.08:683][  0]LogInit: Setting process to per monitor DPI aware
[2020.10.02-17.09.08:710][  0]LogSlate: New Slate User Created.  User Index 0, Is Virtual User: 0
[2020.10.02-17.09.08:710][  0]LogSlate: Slate User Registered.  User Index 0, Is Virtual User: 0
[2020.10.02-17.09.08:872][  0]LogHMD: Failed to initialize OpenVR with code 110
[2020.10.02-17.09.08:872][  0]LogD3D11RHI: D3D11 min allowed feature level: 11_0
[2020.10.02-17.09.08:872][  0]LogD3D11RHI: D3D11 max allowed feature level: 11_0
[2020.10.02-17.09.08:872][  0]LogD3D11RHI: D3D11 adapters:
[2020.10.02-17.09.08:950][  0]LogD3D11RHI:    0. 'NVIDIA GeForce GTX 1650 SUPER' (Feature Level 11_0)
[2020.10.02-17.09.08:950][  0]LogD3D11RHI:       3955/0/8166 MB DedicatedVideo/DedicatedSystem/SharedSystem, Outputs:1, VendorId:0x10de
[2020.10.02-17.09.08:952][  0]LogD3D11RHI:    1. 'Microsoft Basic Render Driver' (Feature Level 11_0)
[2020.10.02-17.09.08:952][  0]LogD3D11RHI:       0/0/8166 MB DedicatedVideo/DedicatedSystem/SharedSystem, Outputs:0, VendorId:0x1414
[2020.10.02-17.09.08:954][  0]LogD3D11RHI:    2. 'Microsoft Basic Render Driver' (Feature Level 11_0)
[2020.10.02-17.09.08:954][  0]LogD3D11RHI:       0/0/8166 MB DedicatedVideo/DedicatedSystem/SharedSystem, Outputs:0, VendorId:0x1414
[2020.10.02-17.09.08:954][  0]LogD3D11RHI: Chosen D3D11 Adapter: 0
[2020.10.02-17.09.08:961][  0]LogD3D11RHI: Creating new Direct3DDevice
[2020.10.02-17.09.08:961][  0]LogD3D11RHI:     GPU DeviceId: 0x2187 (for the marketing name, search the web for "GPU Device Id")
[2020.10.02-17.09.08:961][  0]LogWindows: EnumDisplayDevices:
[2020.10.02-17.09.08:962][  0]LogWindows:    0. 'NVIDIA GeForce GTX 1650 SUPER' (P:1 D:1)
[2020.10.02-17.09.08:962][  0]LogWindows:    1. 'NVIDIA GeForce GTX 1650 SUPER' (P:0 D:0)
[2020.10.02-17.09.08:962][  0]LogWindows:    2. 'NVIDIA GeForce GTX 1650 SUPER' (P:0 D:0)
[2020.10.02-17.09.08:962][  0]LogWindows:    3. 'NVIDIA GeForce GTX 1650 SUPER' (P:0 D:0)
[2020.10.02-17.09.08:962][  0]LogWindows:    4. 'Citrix Indirect Display Adapter' (P:0 D:0)
[2020.10.02-17.09.08:962][  0]LogWindows:    5. 'Citrix Indirect Display Adapter' (P:0 D:0)
[2020.10.02-17.09.08:962][  0]LogWindows:    6. 'Citrix Indirect Display Adapter' (P:0 D:0)
[2020.10.02-17.09.08:963][  0]LogWindows:    7. 'Citrix Indirect Display Adapter' (P:0 D:0)
[2020.10.02-17.09.08:963][  0]LogWindows:    8. 'Citrix Indirect Display Adapter' (P:0 D:0)
[2020.10.02-17.09.08:963][  0]LogWindows:    9. 'Citrix Indirect Display Adapter' (P:0 D:0)
[2020.10.02-17.09.08:963][  0]LogWindows:    10. 'Citrix Indirect Display Adapter' (P:0 D:0)
[2020.10.02-17.09.08:963][  0]LogWindows:    11. 'Citrix Indirect Display Adapter' (P:0 D:0)
[2020.10.02-17.09.08:963][  0]LogWindows: DebugString: GetVideoDriverDetailsInvalid PrimaryIsNotTheChoosenAdapter GetVideoDriverDetailsInvalid PrimaryIsNotTheChoosenAdapter GetVideoDriverDetailsInvalid PrimaryIsNotTheChoosenAdapter GetVideoDriverDetailsInvalid PrimaryIsNotTheChoosenAdapter GetVideoDriverDetailsInvalid PrimaryIsNotTheChoosenAdapter GetVideoDriverDetailsInvalid PrimaryIsNotTheChoosenAdapter GetVideoDriverDetailsInvalid PrimaryIsNotTheChoosenAdapter GetVideoDriverDetailsInvalid PrimaryIsNotTheChoosenAdapter FoundDriverCount:4 
[2020.10.02-17.09.08:963][  0]LogD3D11RHI:     Adapter Name: NVIDIA GeForce GTX 1650 SUPER
[2020.10.02-17.09.08:963][  0]LogD3D11RHI:   Driver Version: 442.59 (internal:26.21.14.4259, unified:442.59)
[2020.10.02-17.09.08:963][  0]LogD3D11RHI:      Driver Date: 3-4-2020
[2020.10.02-17.09.08:963][  0]LogRHI: Texture pool is 2768 MB (70% of 3955 MB)
[2020.10.02-17.09.09:007][  0]LogD3D11RHI: RHI has support for 64 bit atomics
[2020.10.02-17.09.09:007][  0]LogD3D11RHI: Async texture creation enabled
[2020.10.02-17.09.09:038][  0]LogD3D11RHI: GPU Timing Frequency: 1000.000000 (Debug: 2 1)
[2020.10.02-17.09.09:277][  0]LogTargetPlatformManager: Display: Loaded TargetPlatform 'AllDesktop'
[2020.10.02-17.09.09:306][  0]LogTargetPlatformManager: Display: Loaded TargetPlatform 'Android'
[2020.10.02-17.09.09:306][  0]LogTargetPlatformManager: Display: Loaded TargetPlatform 'Android_ASTC'
[2020.10.02-17.09.09:306][  0]LogTargetPlatformManager: Display: Loaded TargetPlatform 'Android_ATC'
[2020.10.02-17.09.09:306][  0]LogTargetPlatformManager: Display: Loaded TargetPlatform 'Android_DXT'
[2020.10.02-17.09.09:306][  0]LogTargetPlatformManager: Display: Loaded TargetPlatform 'Android_ETC1'
[2020.10.02-17.09.09:306][  0]LogTargetPlatformManager: Display: Loaded TargetPlatform 'Android_ETC1a'
[2020.10.02-17.09.09:306][  0]LogTargetPlatformManager: Display: Loaded TargetPlatform 'Android_ETC2'
[2020.10.02-17.09.09:306][  0]LogTargetPlatformManager: Display: Loaded TargetPlatform 'Android_PVRTC'
[2020.10.02-17.09.09:306][  0]LogTargetPlatformManager: Display: Loaded TargetPlatform 'AndroidClient'
[2020.10.02-17.09.09:306][  0]LogTargetPlatformManager: Display: Loaded TargetPlatform 'Android_ASTCClient'
[2020.10.02-17.09.09:306][  0]LogTargetPlatformManager: Display: Loaded TargetPlatform 'Android_ATCClient'
[2020.10.02-17.09.09:306][  0]LogTargetPlatformManager: Display: Loaded TargetPlatform 'Android_DXTClient'
[2020.10.02-17.09.09:306][  0]LogTargetPlatformManager: Display: Loaded TargetPlatform 'Android_ETC1Client'
[2020.10.02-17.09.09:306][  0]LogTargetPlatformManager: Display: Loaded TargetPlatform 'Android_ETC1aClient'
[2020.10.02-17.09.09:306][  0]LogTargetPlatformManager: Display: Loaded TargetPlatform 'Android_ETC2Client'
[2020.10.02-17.09.09:306][  0]LogTargetPlatformManager: Display: Loaded TargetPlatform 'Android_PVRTCClient'
[2020.10.02-17.09.09:306][  0]LogTargetPlatformManager: Display: Loaded TargetPlatform 'Android_Multi'
[2020.10.02-17.09.09:306][  0]LogTargetPlatformManager: Display: Loaded TargetPlatform 'Android_MultiClient'
[2020.10.02-17.09.09:322][  0]LogTargetPlatformManager: Display: Loaded TargetPlatform 'IOSClient'
[2020.10.02-17.09.09:322][  0]LogTargetPlatformManager: Display: Loaded TargetPlatform 'IOS'
[2020.10.02-17.09.09:329][  0]LogTargetPlatformManager: Display: Loaded TargetPlatform 'LinuxNoEditor'
[2020.10.02-17.09.09:335][  0]LogTargetPlatformManager: Display: Loaded TargetPlatform 'LinuxClient'
[2020.10.02-17.09.09:341][  0]LogTargetPlatformManager: Display: Loaded TargetPlatform 'LinuxServer'
[2020.10.02-17.09.09:348][  0]LogTargetPlatformManager: Display: Loaded TargetPlatform 'LinuxAArch64NoEditor'
[2020.10.02-17.09.09:354][  0]LogTargetPlatformManager: Display: Loaded TargetPlatform 'LinuxAArch64Client'
[2020.10.02-17.09.09:360][  0]LogTargetPlatformManager: Display: Loaded TargetPlatform 'LinuxAArch64Server'
[2020.10.02-17.09.09:381][  0]LogTargetPlatformManager: Display: Loaded TargetPlatform 'Lumin'
[2020.10.02-17.09.09:381][  0]LogTargetPlatformManager: Display: Loaded TargetPlatform 'LuminClient'
[2020.10.02-17.09.09:392][  0]LogTargetPlatformManager: Display: Loaded TargetPlatform 'TVOSClient'
[2020.10.02-17.09.09:392][  0]LogTargetPlatformManager: Display: Loaded TargetPlatform 'TVOS'
[2020.10.02-17.09.09:399][  0]LogTargetPlatformManager: Display: Loaded TargetPlatform 'WindowsNoEditor'
[2020.10.02-17.09.09:405][  0]LogTargetPlatformManager: Display: Loaded TargetPlatform 'Windows'
[2020.10.02-17.09.09:411][  0]LogTargetPlatformManager: Display: Loaded TargetPlatform 'WindowsClient'
[2020.10.02-17.09.09:417][  0]LogTargetPlatformManager: Display: Loaded TargetPlatform 'WindowsServer'
[2020.10.02-17.09.09:417][  0]LogTargetPlatformManager: Display: Building Assets For Windows
[2020.10.02-17.09.09:420][  0]LogAudioDebug: Display: Lib vorbis DLL was dynamically loaded.
[2020.10.02-17.09.09:438][  0]LogShaderCompilers: Guid format shader working directory is -42 characters bigger than the processId version (C:/Users/Geneviève/Documents/GitHub/TP3_Alice/TP3_LevelDesign_AD_GB_FL/TP3GreyblocksEquipe7/Intermediate/Shaders/WorkingDirectory/22044/).
[2020.10.02-17.09.09:438][  0]LogShaderCompilers: Cleaned the shader compiler working directory 'C:/Users/Geneviève/AppData/Local/Temp/UnrealShaderWorkingDir/FC2E538542EDA17B1C4C38824CDAA367/'.
[2020.10.02-17.09.09:438][  0]LogXGEController: Cannot use XGE Controller as Incredibuild is not installed on this machine.
[2020.10.02-17.09.09:438][  0]LogShaderCompilers: Cannot use XGE Shader Compiler as Incredibuild is not installed on this machine.
[2020.10.02-17.09.09:438][  0]LogShaderCompilers: Display: Using Local Shader Compiler.
[2020.10.02-17.09.10:094][  0]LogDerivedDataCache: Display: Max Cache Size: 512 MB
[2020.10.02-17.09.10:143][  0]LogDerivedDataCache: Loaded boot cache 0.05s 78MB C:/Users/Geneviève/AppData/Local/UnrealEngine/4.24/DerivedDataCache/Boot.ddc.
[2020.10.02-17.09.10:143][  0]LogDerivedDataCache: Display: Loaded Boot cache: C:/Users/Geneviève/AppData/Local/UnrealEngine/4.24/DerivedDataCache/Boot.ddc
[2020.10.02-17.09.10:143][  0]LogDerivedDataCache: FDerivedDataBackendGraph:  Pak pak cache file C:/Users/Geneviève/Documents/GitHub/TP3_Alice/TP3_LevelDesign_AD_GB_FL/TP3GreyblocksEquipe7/DerivedDataCache/DDC.ddp not found, will not use a pak cache.
[2020.10.02-17.09.10:143][  0]LogDerivedDataCache: Unable to find inner node Pak for hierarchical cache Hierarchy.
[2020.10.02-17.09.10:143][  0]LogDerivedDataCache: FDerivedDataBackendGraph:  CompressedPak pak cache file C:/Users/Geneviève/Documents/GitHub/TP3_Alice/TP3_LevelDesign_AD_GB_FL/TP3GreyblocksEquipe7/DerivedDataCache/Compressed.ddp not found, will not use a pak cache.
[2020.10.02-17.09.10:143][  0]LogDerivedDataCache: Unable to find inner node CompressedPak for hierarchical cache Hierarchy.
[2020.10.02-17.09.10:153][  0]LogDerivedDataCache: Display: Pak cache opened for reading ../../../Engine/DerivedDataCache/Compressed.ddp.
[2020.10.02-17.09.10:153][  0]LogDerivedDataCache: FDerivedDataBackendGraph:  EnterprisePak pak cache file ../../../Enterprise/DerivedDataCache/Compressed.ddp not found, will not use a pak cache.
[2020.10.02-17.09.10:153][  0]LogDerivedDataCache: Unable to find inner node EnterprisePak for hierarchical cache Hierarchy.
[2020.10.02-17.09.10:154][  0]LogDerivedDataCache: Using Local data cache path C:/Users/Geneviève/AppData/Local/UnrealEngine/Common/DerivedDataCache: Writable
[2020.10.02-17.09.10:154][  0]LogDerivedDataCache: Shared data cache path not found in *engine.ini, will not use an Shared cache.
[2020.10.02-17.09.10:154][  0]LogDerivedDataCache: Unable to find inner node Shared for hierarchical cache Hierarchy.
[2020.10.02-17.09.10:176][  0]LogMaterial: Verifying Global Shaders for PCD3D_SM5
[2020.10.02-17.09.10:178][  0]LogSlate: Using FreeType 2.10.0
[2020.10.02-17.09.10:179][  0]LogSlate: SlateFontServices - WITH_FREETYPE: 1, WITH_HARFBUZZ: 1
[2020.10.02-17.09.10:230][  0]LogAssetRegistry: FAssetRegistry took 0.0029 seconds to start up
[2020.10.02-17.09.10:498][  0]LogInit: Selected Device Profile: [Windows]
[2020.10.02-17.09.10:661][  0]LogMeshReduction: Using QuadricMeshReduction for automatic static mesh reduction
[2020.10.02-17.09.10:661][  0]LogMeshReduction: Using SimplygonMeshReduction for automatic skeletal mesh reduction
[2020.10.02-17.09.10:661][  0]LogMeshReduction: Using ProxyLODMeshReduction for automatic mesh merging
[2020.10.02-17.09.10:661][  0]LogMeshReduction: No distributed automatic mesh merging module available
[2020.10.02-17.09.10:661][  0]LogMeshMerging: No distributed automatic mesh merging module available
[2020.10.02-17.09.10:673][  0]LogNetVersion: TP3GreyblocksEquipe7 1.0.0, NetCL: 10570792, EngineNetVer: 13, GameNetVer: 0 (Checksum: 1273807092)
[2020.10.02-17.09.11:652][  0]LogPackageLocalizationCache: Processed 10 localized package path(s) for 1 prioritized culture(s) in 0.052192 seconds
[2020.10.02-17.09.11:659][  0]LogUObjectArray: 46750 objects as part of root set at end of initial load.
[2020.10.02-17.09.11:659][  0]LogUObjectAllocator: 8137160 out of 0 bytes used by permanent object pool.
[2020.10.02-17.09.11:659][  0]LogUObjectArray: CloseDisregardForGC: 0/0 objects in disregard for GC pool
[2020.10.02-17.09.12:025][  0]LogTcpMessaging: Initializing TcpMessaging bridge
[2020.10.02-17.09.12:028][  0]LogUdpMessaging: Initializing bridge on interface 0.0.0.0:0 to multicast group 230.0.0.1:6666.
[2020.10.02-17.09.12:072][  0]SourceControl: Source control is disabled
[2020.10.02-17.09.12:072][  0]SourceControl: Source control is disabled
[2020.10.02-17.09.12:073][  0]SourceControl: Source control is disabled
[2020.10.02-17.09.12:073][  0]SourceControl: Source control is disabled
[2020.10.02-17.09.12:074][  0]SourceControl: Source control is disabled
[2020.10.02-17.09.12:148][  0]LogAndroidPermission: UAndroidPermissionCallbackProxy::GetInstance
[2020.10.02-17.09.12:157][  0]LogAudioCaptureCore: Display: No Audio Capture implementations found. Audio input will be silent.
[2020.10.02-17.09.12:157][  0]LogAudioCaptureCore: Display: No Audio Capture implementations found. Audio input will be silent.
[2020.10.02-17.09.12:237][  0]LogOcInput: OculusInput pre-init called
[2020.10.02-17.09.12:245][  0]LogWindows: Failed to load 'OVRPlugin.dll' (GetLastError=126)
[2020.10.02-17.09.12:245][  0]LogWindows: File 'OVRPlugin.dll' does not exist
[2020.10.02-17.09.12:308][  0]LogEngine: Initializing Engine...
[2020.10.02-17.09.12:308][  0]LogHMD: Failed to initialize OpenVR with code 110
[2020.10.02-17.09.12:309][  0]LogStats: UGameplayTagsManager::InitializeManager -  0.000 s
[2020.10.02-17.09.12:610][  0]LogInit: Initializing FReadOnlyCVARCache
[2020.10.02-17.09.12:617][  0]LogAIModule: Creating AISystem for world Untitled
[2020.10.02-17.09.12:631][  0]LogAudioMixer: Display: Audio Mixer Platform Settings:
[2020.10.02-17.09.12:631][  0]LogAudioMixer: Display: 	Sample Rate:						  48000
[2020.10.02-17.09.12:631][  0]LogAudioMixer: Display: 	Callback Buffer Frame Size Requested: 1024
[2020.10.02-17.09.12:631][  0]LogAudioMixer: Display: 	Callback Buffer Frame Size To Use:	  1024
[2020.10.02-17.09.12:631][  0]LogAudioMixer: Display: 	Number of buffers to queue:			  2
[2020.10.02-17.09.12:631][  0]LogAudioMixer: Display: 	Max Channels (voices):				  32
[2020.10.02-17.09.12:631][  0]LogAudioMixer: Display: 	Number of Async Source Workers:		  0
[2020.10.02-17.09.12:631][  0]LogAudio: Display: AudioDevice MaxSources: 32
[2020.10.02-17.09.12:631][  0]LogAudio: Display: Using built-in audio occlusion.
[2020.10.02-17.09.12:631][  0]LogAudioMixer: Display: Initializing audio mixer.
[2020.10.02-17.09.12:646][  0]LogAudioMixer: Display: Audio Device Output Speaker Info:
[2020.10.02-17.09.12:646][  0]LogAudioMixer: Display: Name: Casque pour téléphone (SteelSeries Arctis 5 Chat)
[2020.10.02-17.09.12:646][  0]LogAudioMixer: Display: Is Default: Yes
[2020.10.02-17.09.12:646][  0]LogAudioMixer: Display: Sample Rate: 48000
[2020.10.02-17.09.12:646][  0]LogAudioMixer: Display: Channel Count Used: 2
[2020.10.02-17.09.12:646][  0]LogAudioMixer: Display: Device Channel Count: 2
[2020.10.02-17.09.12:646][  0]LogAudioMixer: Display: Channel Order:
[2020.10.02-17.09.12:646][  0]LogAudioMixer: Display: 0: FrontLeft
[2020.10.02-17.09.12:646][  0]LogAudioMixer: Display: 1: FrontRight
[2020.10.02-17.09.12:671][  0]LogAudioMixer: Display: Using Audio Device Casque pour téléphone (SteelSeries Arctis 5 Chat)
[2020.10.02-17.09.12:676][  0]LogInit: FAudioDevice initialized.
[2020.10.02-17.09.12:676][  0]LogNetVersion: Set ProjectVersion to 1.0.0.0. Version Checksum will be recalculated on next use.
[2020.10.02-17.09.12:830][  0]LogDerivedDataCache: Saved boot cache 0.15s 78MB C:/Users/Geneviève/AppData/Local/UnrealEngine/4.24/DerivedDataCache/Boot.ddc.
[2020.10.02-17.09.12:833][  0]LogInit: Texture streaming: Enabled
[2020.10.02-17.09.12:844][  0]LogEngineSessionManager: EngineSessionManager initialized
[2020.10.02-17.09.12:844][  0]LogEditorSessionSummary: Verbose: Initializing EditorSessionSummaryWriter for editor session tracking
[2020.10.02-17.09.12:849][  0]LogEditorSessionSummary: EditorSessionSummaryWriter initialized
[2020.10.02-17.09.12:905][  0]LogInit: Transaction tracking system initialized
[2020.10.02-17.09.12:917][  0]BlueprintLog: New page: Editor Load
[2020.10.02-17.09.12:946][  0]LocalizationService: Localization service is disabled
[2020.10.02-17.09.13:222][  0]LogFileCache: Scanning file cache for directory 'C:/Users/Geneviève/Documents/GitHub/TP3_Alice/TP3_LevelDesign_AD_GB_FL/TP3GreyblocksEquipe7/Content/' took 0.01s
[2020.10.02-17.09.13:222][  0]LogCook: Display: Max memory allowance for cook 16384mb min free memory 0mb
[2020.10.02-17.09.13:222][  0]LogCook: Display: Mobile HDR setting 1
[2020.10.02-17.09.13:877][  0]SourceControl: Source control is disabled
[2020.10.02-17.09.13:877][  0]Cmd: MAP LOAD FILE="C:/Users/Geneviève/Documents/GitHub/TP3_Alice/TP3_LevelDesign_AD_GB_FL/TP3GreyblocksEquipe7/Content/Levels/TP3_YourName_Level01.umap" TEMPLATE=0 SHOWPROGRESS=1 FEATURELEVEL=3
[2020.10.02-17.09.13:877][  0]LogEditorServer: Warning: Can't find file 'C:/Users/Geneviève/Documents/GitHub/TP3_Alice/TP3_LevelDesign_AD_GB_FL/TP3GreyblocksEquipe7/Content/Levels/TP3_YourName_Level01.umap'
[2020.10.02-17.09.13:877][  0]Cmd: MAP CHECKDEP NOCLEARLOG
[2020.10.02-17.09.13:877][  0]MapCheck: Map check complete: 0 Error(s), 0 Warning(s), took 0,138ms to complete.
[2020.10.02-17.09.13:877][  0]LogFileHelpers: Loading map 'TP3_YourName_Level01' took 0.001
[2020.10.02-17.09.14:482][  0]LogSlate: Updating window title bar state: overlay mode, drag disabled, window buttons hidden, title bar hidden
[2020.10.02-17.09.14:497][  0]LogSlate: Updating window title bar state: overlay mode, drag disabled, window buttons hidden, title bar hidden
[2020.10.02-17.09.14:502][  0]LogSlate: Updating window title bar state: overlay mode, drag disabled, window buttons hidden, title bar hidden
[2020.10.02-17.09.14:507][  0]LogSlate: Updating window title bar state: overlay mode, drag disabled, window buttons hidden, title bar hidden
[2020.10.02-17.09.14:669][  0]LogCollectionManager: Loaded 0 collections in 0.001115 seconds
[2020.10.02-17.09.14:966][  0]LogFileCache: Scanning file cache for directory 'C:/Users/Geneviève/Documents/GitHub/TP3_Alice/TP3_LevelDesign_AD_GB_FL/TP3GreyblocksEquipe7/Saved/Collections/' took 0.00s
[2020.10.02-17.09.14:966][  0]LogFileCache: Scanning file cache for directory 'C:/Users/Geneviève/Documents/GitHub/TP3_Alice/TP3_LevelDesign_AD_GB_FL/TP3GreyblocksEquipe7/Content/Developers/Geneviève/Collections/' took 0.00s
[2020.10.02-17.09.14:966][  0]LogFileCache: Scanning file cache for directory 'C:/Users/Geneviève/Documents/GitHub/TP3_Alice/TP3_LevelDesign_AD_GB_FL/TP3GreyblocksEquipe7/Content/Collections/' took 0.00s
[2020.10.02-17.09.14:966][  0]LogContentBrowser: Native class hierarchy populated in 0.0102 seconds. Added 3015 classes and 717 folders.
[2020.10.02-17.09.15:174][  0]LogContentBrowser: Native class hierarchy updated for 'WidgetCarousel' in 0.0002 seconds. Added 0 classes and 0 folders.
[2020.10.02-17.09.16:770][  0]LogContentBrowser: Native class hierarchy updated for 'AddContentDialog' in 0.0002 seconds. Added 0 classes and 0 folders.
[2020.10.02-17.09.16:817][  0]LogContentBrowser: Native class hierarchy updated for 'SceneOutliner' in 0.0002 seconds. Added 2 classes and 3 folders.
[2020.10.02-17.09.17:160][  0]LogSlate: Took 0.000285 seconds to synchronously load lazily loaded font '../../../Engine/Content/Slate/Fonts/Roboto-Regular.ttf' (155K)
[2020.10.02-17.09.17:162][  0]LogSlate: Took 0.000225 seconds to synchronously load lazily loaded font '../../../Engine/Content/Slate/Fonts/Roboto-Bold.ttf' (160K)
[2020.10.02-17.09.17:194][  0]LogSlate: Took 0.022190 seconds to synchronously load lazily loaded font '../../../Engine/Content/Editor/Slate/Fonts/FontAwesome.ttf' (139K)
[2020.10.02-17.09.17:443][  0]LogRenderer: Reallocating scene render targets to support 1208x572 Format 10 NumSamples 1 (Frame:1).
[2020.10.02-17.09.17:582][  0]LogContentBrowser: Native class hierarchy updated for 'HierarchicalLODOutliner' in 0.0003 seconds. Added 0 classes and 0 folders.
[2020.10.02-17.09.17:582][  0]LogLoad: (Engine Initialization) Total time: 10.27 seconds
[2020.10.02-17.09.17:582][  0]LogLoad: (Engine Initialization) Total Blueprint compile time: 0.00 seconds
[2020.10.02-17.09.17:606][  0]LogContentStreaming: Texture pool size now 1000 MB
[2020.10.02-17.09.21:789][472]LogSlate: Took 0.019992 seconds to synchronously load lazily loaded font '../../../Engine/Content/Slate/Fonts/Roboto-Light.ttf' (167K)
[2020.10.02-17.09.25:914][960]LogAssetRegistry: Asset discovery search completed in 15.6849 seconds
[2020.10.02-17.09.25:917][960]LogCollectionManager: Fixed up redirectors for 0 collections in 0.000007 seconds (updated 0 objects)
[2020.10.02-17.09.39:914][630]LogSlate: Took 0.000214 seconds to synchronously load lazily loaded font '../../../Engine/Content/Slate/Fonts/Roboto-Light.ttf' (167K)
[2020.10.02-17.09.40:613][630]LogPhysics: Warning: UBodySetup::GetCookInfo: Triangle data from '/Game/Levels/TP3_GenevieveBellemare_Level01.TP3_GenevieveBellemare_Level01:PersistentLevel.ModelComponent_1095' invalid (3072 verts, 0 indices).
[2020.10.02-17.09.40:613][630]LogPhysics: Warning: Attempt to build physics data for /Game/Levels/TP3_GenevieveBellemare_Level01.TP3_GenevieveBellemare_Level01:PersistentLevel.ModelComponent_1095.BodySetup_0 when we are unable to.
[2020.10.02-17.09.40:860][630]LogAIModule: Creating AISystem for world TP3_GenevieveBellemare_Level01
[2020.10.02-17.09.40:902][630]LogAssetEditorSubsystem: Opening Asset editor for World /Game/Levels/TP3_GenevieveBellemare_Level01.TP3_GenevieveBellemare_Level01
[2020.10.02-17.09.40:937][630]LogUObjectHash: Compacting FUObjectHashTables data took   2.12ms
[2020.10.02-17.09.41:010][630]Cmd: MAP LOAD FILE="C:/Users/Geneviève/Documents/GitHub/TP3_Alice/TP3_LevelDesign_AD_GB_FL/TP3GreyblocksEquipe7/Content/Levels/TP3_GenevieveBellemare_Level01.umap" TEMPLATE=0 SHOWPROGRESS=1 FEATURELEVEL=3
[2020.10.02-17.09.41:010][630]LightingResults: New page: Lighting Build
[2020.10.02-17.09.41:010][630]LogContentBrowser: Native class hierarchy updated for 'StatsViewer' in 0.0002 seconds. Added 5 classes and 0 folders.
[2020.10.02-17.09.41:011][630]LoadErrors: New page: Loading map: TP3_GenevieveBellemare_Level01.umap
[2020.10.02-17.09.41:011][630]LogWorld: UWorld::CleanupWorld for Untitled, bSessionEnded=true, bCleanupResources=true
[2020.10.02-17.09.41:011][630]LogSlate: InvalidateAllWidgets triggered.  All widgets were invalidated
[2020.10.02-17.09.41:011][630]MapCheck: New page: Map Check
[2020.10.02-17.09.41:011][630]LightingResults: New page: Lighting Build
[2020.10.02-17.09.41:038][630]LogUObjectHash: Compacting FUObjectHashTables data took   1.57ms
[2020.10.02-17.09.41:121][630]LogEditorServer: Finished looking for orphan Actors (0.000 secs)
[2020.10.02-17.09.41:151][630]LogUObjectHash: Compacting FUObjectHashTables data took   1.71ms
[2020.10.02-17.09.41:178][630]Cmd: MAP CHECKDEP NOCLEARLOG
[2020.10.02-17.09.41:178][630]MapCheck: Map check complete: 0 Error(s), 0 Warning(s), took 0,156ms to complete.
[2020.10.02-17.09.41:178][630]LogFileHelpers: Loading map 'TP3_GenevieveBellemare_Level01' took 0.221
[2020.10.02-17.09.59:930][804]Cmd: DELETE
[2020.10.02-17.09.59:930][804]Cmd: ACTOR DELETE
[2020.10.02-17.10.00:006][804]LogEditorActor: Deleted Actor: Brush
[2020.10.02-17.10.00:041][804]LogUObjectHash: Compacting FUObjectHashTables data took   0.68ms
[2020.10.02-17.10.00:127][804]LogPhysics: Warning: UBodySetup::GetCookInfo: Triangle data from '/Game/Levels/TP3_GenevieveBellemare_Level01.TP3_GenevieveBellemare_Level01:PersistentLevel.ModelComponent_7' invalid (2956 verts, 0 indices).
[2020.10.02-17.10.00:127][804]LogPhysics: Warning: Attempt to build physics data for /Game/Levels/TP3_GenevieveBellemare_Level01.TP3_GenevieveBellemare_Level01:PersistentLevel.ModelComponent_7.BodySetup_0 when we are unable to.
[2020.10.02-17.10.00:157][804]LogEditorActor: Deleted 1 Actors (0.180 secs)
[2020.10.02-17.10.01:043][908]LogEditorViewport: Clicking on Actor (LMB): SpikeTrap_C (SpikeTrap)
[2020.10.02-17.10.01:771][979]Cmd: DELETE
[2020.10.02-17.10.01:771][979]Cmd: ACTOR DELETE
[2020.10.02-17.10.01:777][979]LogEditorActor: Deleted Actor: SpikeTrap_C
[2020.10.02-17.10.01:803][979]LogUObjectHash: Compacting FUObjectHashTables data took   1.55ms
[2020.10.02-17.10.01:804][979]LogEditorActor: Deleted 1 Actors (0.033 secs)
[2020.10.02-17.10.02:301][ 36]LogEditorViewport: Clicking on Actor (LMB): SpikeTrap_C (SpikeTrap3)
[2020.10.02-17.10.02:805][ 92]Cmd: DELETE
[2020.10.02-17.10.02:805][ 92]Cmd: ACTOR DELETE
[2020.10.02-17.10.02:811][ 92]LogEditorActor: Deleted Actor: SpikeTrap_C
[2020.10.02-17.10.02:841][ 92]LogUObjectHash: Compacting FUObjectHashTables data took   1.38ms
[2020.10.02-17.10.02:842][ 92]LogEditorActor: Deleted 1 Actors (0.037 secs)
[2020.10.02-17.10.03:372][154]LogEditorViewport: Clicking on Actor (LMB): SpikeTrap_C (SpikeTrap2)
[2020.10.02-17.10.03:888][209]Cmd: DELETE
[2020.10.02-17.10.03:888][209]Cmd: ACTOR DELETE
[2020.10.02-17.10.03:893][209]LogEditorActor: Deleted Actor: SpikeTrap_C
[2020.10.02-17.10.03:920][209]LogUObjectHash: Compacting FUObjectHashTables data took   1.28ms
[2020.10.02-17.10.03:920][209]LogEditorActor: Deleted 1 Actors (0.033 secs)
[2020.10.02-17.10.21:040][249]LogPhysics: Warning: UBodySetup::GetCookInfo: Triangle data from '/Game/Levels/TP3_GenevieveBellemare_Level01.TP3_GenevieveBellemare_Level01:PersistentLevel.ModelComponent_39' invalid (2908 verts, 0 indices).
[2020.10.02-17.10.21:040][249]LogPhysics: Warning: Attempt to build physics data for /Game/Levels/TP3_GenevieveBellemare_Level01.TP3_GenevieveBellemare_Level01:PersistentLevel.ModelComponent_39.BodySetup_0 when we are unable to.
[2020.10.02-17.10.25:520][777]LogPhysics: Warning: UBodySetup::GetCookInfo: Triangle data from '/Game/Levels/TP3_GenevieveBellemare_Level01.TP3_GenevieveBellemare_Level01:PersistentLevel.ModelComponent_71' invalid (2908 verts, 0 indices).
[2020.10.02-17.10.25:520][777]LogPhysics: Warning: Attempt to build physics data for /Game/Levels/TP3_GenevieveBellemare_Level01.TP3_GenevieveBellemare_Level01:PersistentLevel.ModelComponent_71.BodySetup_0 when we are unable to.
[2020.10.02-17.10.33:754][746]LogPhysics: Warning: UBodySetup::GetCookInfo: Triangle data from '/Game/Levels/TP3_GenevieveBellemare_Level01.TP3_GenevieveBellemare_Level01:PersistentLevel.ModelComponent_103' invalid (2908 verts, 0 indices).
[2020.10.02-17.10.33:754][746]LogPhysics: Warning: Attempt to build physics data for /Game/Levels/TP3_GenevieveBellemare_Level01.TP3_GenevieveBellemare_Level01:PersistentLevel.ModelComponent_103.BodySetup_0 when we are unable to.
[2020.10.02-17.10.35:959][  1]LogPhysics: Warning: UBodySetup::GetCookInfo: Triangle data from '/Game/Levels/TP3_GenevieveBellemare_Level01.TP3_GenevieveBellemare_Level01:PersistentLevel.ModelComponent_135' invalid (2908 verts, 0 indices).
[2020.10.02-17.10.35:959][  1]LogPhysics: Warning: Attempt to build physics data for /Game/Levels/TP3_GenevieveBellemare_Level01.TP3_GenevieveBellemare_Level01:PersistentLevel.ModelComponent_135.BodySetup_0 when we are unable to.
[2020.10.02-17.10.44:140][957]LogPhysics: Warning: UBodySetup::GetCookInfo: Triangle data from '/Game/Levels/TP3_GenevieveBellemare_Level01.TP3_GenevieveBellemare_Level01:PersistentLevel.ModelComponent_167' invalid (2844 verts, 0 indices).
[2020.10.02-17.10.44:140][957]LogPhysics: Warning: Attempt to build physics data for /Game/Levels/TP3_GenevieveBellemare_Level01.TP3_GenevieveBellemare_Level01:PersistentLevel.ModelComponent_167.BodySetup_0 when we are unable to.
[2020.10.02-17.10.50:792][737]LogPhysics: Warning: UBodySetup::GetCookInfo: Triangle data from '/Game/Levels/TP3_GenevieveBellemare_Level01.TP3_GenevieveBellemare_Level01:PersistentLevel.ModelComponent_199' invalid (2836 verts, 0 indices).
[2020.10.02-17.10.50:792][737]LogPhysics: Warning: Attempt to build physics data for /Game/Levels/TP3_GenevieveBellemare_Level01.TP3_GenevieveBellemare_Level01:PersistentLevel.ModelComponent_199.BodySetup_0 when we are unable to.
[2020.10.02-17.10.55:469][293]LogEditorViewport: Clicking on Actor (LMB): BP_Sky_Sphere_C (Sky Sphere)
[2020.10.02-17.11.31:098][722]LogUObjectHash: Compacting FUObjectHashTables data took   1.56ms
[2020.10.02-17.11.31:214][722]LogSavePackage: Moving 'C:/Users/Geneviève/Documents/GitHub/TP3_Alice/TP3_LevelDesign_AD_GB_FL/TP3GreyblocksEquipe7/Saved/TP3_GenevieveBellemare_Level01CAD31AF94274C584EEB19EA1E2CE16A0.tmp' to 'C:/Users/Geneviève/Documents/GitHub/TP3_Alice/TP3_LevelDesign_AD_GB_FL/TP3GreyblocksEquipe7/Content/Levels/TP3_GenevieveBellemare_Level01.umap'
[2020.10.02-17.11.31:312][722]LogSavePackage: Moving 'C:/Users/Geneviève/Documents/GitHub/TP3_Alice/TP3_LevelDesign_AD_GB_FL/TP3GreyblocksEquipe7/Saved/TP3_GenevieveBellemare_Level01_B9951556D40ED2DAA5B9C0AA4F8CB2B4D.tmp' to 'C:/Users/Geneviève/Documents/GitHub/TP3_Alice/TP3_LevelDesign_AD_GB_FL/TP3GreyblocksEquipe7/Content/Levels/TP3_GenevieveBellemare_Level01_BuiltData.uasset'
[2020.10.02-17.11.31:326][722]AssetCheck: New page: Asset Save: multiple assets
[2020.10.02-17.11.31:326][722]LogContentValidation: Display: Validating World /Game/Levels/TP3_GenevieveBellemare_Level01.TP3_GenevieveBellemare_Level01
[2020.10.02-17.11.31:326][722]LogContentValidation: Display: Validating MapBuildDataRegistry /Game/Levels/TP3_GenevieveBellemare_Level01_BuiltData.TP3_GenevieveBellemare_Level01_BuiltData
